#-----------------------------------------------------------
# Vivado v2022.2 (64-bit)
# SW Build 3671981 on Fri Oct 14 04:59:54 MDT 2022
# IP Build 3669848 on Fri Oct 14 08:30:02 MDT 2022
# Start of session at: Fri Aug 25 09:38:02 2023
# Process ID: 22927
# Current directory: /home/ubuntu20/Xilinx/ELE548/Restricted_Boltzmann_Machine/RBM_interface_hls/solution1/impl/ip
# Command line: vivado -notrace -mode batch -source run_ippack.tcl
# Log file: /home/ubuntu20/Xilinx/ELE548/Restricted_Boltzmann_Machine/RBM_interface_hls/solution1/impl/ip/vivado.log
# Journal file: /home/ubuntu20/Xilinx/ELE548/Restricted_Boltzmann_Machine/RBM_interface_hls/solution1/impl/ip/vivado.jou
# Running On: ubuntu, OS: Linux, CPU Frequency: 2688.003 MHz, CPU Physical cores: 12, Host memory: 50476 MB
#-----------------------------------------------------------
source run_ippack.tcl -notrace
create_project: Time (s): cpu = 00:00:04 ; elapsed = 00:00:07 . Memory (MB): peak = 2004.473 ; gain = 87.992 ; free physical = 30641 ; free virtual = 36296
INFO: [IP_Flow 19-234] Refreshing IP repositories
INFO: [IP_Flow 19-1704] No user IP repositories specified
INFO: [IP_Flow 19-2313] Loaded Vivado IP repository '/home/ubuntu20/Softwares/Xilinx/Vivado/2022.2/data/ip'.
WARNING: [IP_Flow 19-4832] The IP name 'RBM_interface_fpext_32ns_64_2_no_dsp_1_ip' you have specified is long. The Windows operating system has path length limitations. It is recommended you use shorter names to reduce the likelihood of issues.
INFO: [IP_Flow 19-1686] Generating 'Synthesis' target for IP 'RBM_interface_fpext_32ns_64_2_no_dsp_1_ip'...
INFO: [IP_Flow 19-1686] Generating 'Simulation' target for IP 'RBM_interface_fpext_32ns_64_2_no_dsp_1_ip'...
INFO: [IP_Flow 19-234] Refreshing IP repositories
INFO: [IP_Flow 19-1704] No user IP repositories specified
INFO: [IP_Flow 19-2313] Loaded Vivado IP repository '/home/ubuntu20/Softwares/Xilinx/Vivado/2022.2/data/ip'.
INFO: [Common 17-206] Exiting Vivado at Fri Aug 25 09:38:31 2023...
