INFO: [SIM 2] *************** CSIM start ***************
INFO: [SIM 4] CSIM will launch GCC as the compiler.
   Compiling ../../../code/RBM.cpp in debug mode
   Generating csim.exe
vector_out = 
num = 0, data[0] = 0.0000000, axis_last = 0
, num = 1, data[1] = 0.0000000, axis_last = 0
, num = 2, data[2] = 0.0000000, axis_last = 0
, num = 3, data[3] = 0.0000000, axis_last = 0
, num = 4, data[4] = 0.0000000, axis_last = 0
, num = 5, data[5] = 0.0000000, axis_last = 0
, num = 6, data[6] = 0.0000000, axis_last = 0
, num = 7, data[7] = 0.0000000, axis_last = 0
, num = 8, data[8] = 0.0000000, axis_last = 0
, num = 9, data[9] = 0.0000000, axis_last = 0
, num = 10, data[10] = 0.0000000, axis_last = 0
, num = 11, data[11] = 0.0000000, axis_last = 0
, num = 12, data[12] = 0.0000000, axis_last = 0
, num = 13, data[13] = 0.0000000, axis_last = 0
, num = 14, data[14] = 0.0000000, axis_last = 0
, num = 15, data[15] = 0.0000000, axis_last = 0
, num = 16, data[0] = 0.0000000, axis_last = 0
, num = 17, data[1] = 0.0000000, axis_last = 0
, num = 18, data[2] = 0.0000000, axis_last = 0
, num = 19, data[3] = 0.0000000, axis_last = 0
, num = 20, data[4] = 0.0000000, axis_last = 0
, num = 21, data[5] = 0.0000000, axis_last = 0
, num = 22, data[6] = 0.0000000, axis_last = 0
, num = 23, data[7] = 0.0000000, axis_last = 0
, num = 24, data[8] = 0.0000000, axis_last = 0
, num = 25, data[9] = 0.0000000, axis_last = 0
, num = 26, data[10] = 0.0000000, axis_last = 0
, num = 27, data[11] = 0.0000000, axis_last = 0
, num = 28, data[12] = 0.0000000, axis_last = 0
, num = 29, data[13] = 0.0000000, axis_last = 0
, num = 30, data[14] = 0.0000000, axis_last = 0
, num = 31, data[15] = 0.0000000, axis_last = 0
, num = 32, data[0] = 0.0000000, axis_last = 0
, num = 33, data[1] = 0.0000000, axis_last = 0
, num = 34, data[2] = 0.0000000, axis_last = 0
, num = 35, data[3] = 0.0000000, axis_last = 0
, num = 36, data[4] = 0.0000000, axis_last = 0
, num = 37, data[5] = 0.0000000, axis_last = 0
, num = 38, data[6] = 0.0000000, axis_last = 0
, num = 39, data[7] = 0.0000000, axis_last = 0
, num = 40, data[8] = 0.0000000, axis_last = 0
, num = 41, data[9] = 0.0000000, axis_last = 0
, num = 42, data[10] = 0.0000000, axis_last = 0
, num = 43, data[11] = 0.0000000, axis_last = 0
, num = 44, data[12] = 0.0000000, axis_last = 0
, num = 45, data[13] = 0.0000000, axis_last = 0
, num = 46, data[14] = 0.0000000, axis_last = 0
, num = 47, data[15] = 0.0000000, axis_last = 0
, num = 48, data[0] = 0.0000000, axis_last = 0
, num = 49, data[1] = 0.0000000, axis_last = 0
, num = 50, data[2] = 0.0000000, axis_last = 0
, num = 51, data[3] = 0.0000000, axis_last = 0
, num = 52, data[4] = 0.0000000, axis_last = 0
, num = 53, data[5] = 0.0000000, axis_last = 0
, num = 54, data[6] = 0.0000000, axis_last = 0
, num = 55, data[7] = 0.0000000, axis_last = 0
, num = 56, data[8] = 0.0000000, axis_last = 0
, num = 57, data[9] = 0.0000000, axis_last = 0
, num = 58, data[10] = 0.0000000, axis_last = 0
, num = 59, data[11] = 0.0000000, axis_last = 0
, num = 60, data[12] = 0.0000000, axis_last = 0
, num = 61, data[13] = 0.0000000, axis_last = 0
, num = 62, data[14] = 0.0000000, axis_last = 0
, num = 63, data[15] = 0.0000000, axis_last = 1
, num = 64, data[0] = 0.0000000, axis_last = 0
, num = 65, data[1] = 0.0000000, axis_last = 0
, num = 66, data[2] = 0.0000000, axis_last = 0
, num = 67, data[3] = 0.0000000, axis_last = 0
, num = 68, data[4] = 0.0000000, axis_last = 0
, num = 69, data[5] = 0.0000000, axis_last = 0
, num = 70, data[6] = 0.0000000, axis_last = 0
, num = 71, data[7] = 0.0000000, axis_last = 0
, num = 72, data[8] = 0.0000000, axis_last = 0
, num = 73, data[9] = 0.0000000, axis_last = 0
, num = 74, data[10] = 0.0000000, axis_last = 0
, num = 75, data[11] = 0.0000000, axis_last = 0
, num = 76, data[12] = 0.0000000, axis_last = 0
, num = 77, data[13] = 0.0000000, axis_last = 0
, num = 78, data[14] = 0.0000000, axis_last = 0
, num = 79, data[15] = 0.0000000, axis_last = 0
, num = 80, data[0] = 0.0000000, axis_last = 0
, num = 81, data[1] = 0.0000000, axis_last = 0
, num = 82, data[2] = 0.0000000, axis_last = 0
, num = 83, data[3] = 0.0000000, axis_last = 0
, num = 84, data[4] = 0.0000000, axis_last = 0
, num = 85, data[5] = 0.0000000, axis_last = 0
, num = 86, data[6] = 0.0000000, axis_last = 0
, num = 87, data[7] = 0.0000000, axis_last = 0
, num = 88, data[8] = 0.0000000, axis_last = 0
, num = 89, data[9] = 0.0000000, axis_last = 0
, num = 90, data[10] = 0.0000000, axis_last = 0
, num = 91, data[11] = 0.0000000, axis_last = 0
, num = 92, data[12] = 0.0000000, axis_last = 0
, num = 93, data[13] = 0.0000000, axis_last = 0
, num = 94, data[14] = 0.0000000, axis_last = 0
, num = 95, data[15] = 0.0000000, axis_last = 0
, num = 96, data[0] = 0.0000000, axis_last = 0
, num = 97, data[1] = 0.0000000, axis_last = 0
, num = 98, data[2] = 0.0000000, axis_last = 0
, num = 99, data[3] = 0.0000000, axis_last = 0
, num = 100, data[4] = 0.0000000, axis_last = 0
, num = 101, data[5] = 0.0000000, axis_last = 0
, num = 102, data[6] = 0.0000000, axis_last = 0
, num = 103, data[7] = 0.0000000, axis_last = 0
, num = 104, data[8] = 0.0000000, axis_last = 0
, num = 105, data[9] = 0.0000000, axis_last = 0
, num = 106, data[10] = 0.0000000, axis_last = 0
, num = 107, data[11] = 0.0000000, axis_last = 0
, num = 108, data[12] = 0.0000000, axis_last = 0
, num = 109, data[13] = 0.0000000, axis_last = 0
, num = 110, data[14] = 0.0000000, axis_last = 0
, num = 111, data[15] = 0.0000000, axis_last = 0
, num = 112, data[0] = 0.0000000, axis_last = 0
, num = 113, data[1] = 0.0000000, axis_last = 0
, num = 114, data[2] = 0.0000000, axis_last = 0
, num = 115, data[3] = 0.0000000, axis_last = 0
, num = 116, data[4] = 0.0000000, axis_last = 0
, num = 117, data[5] = 0.0000000, axis_last = 0
, num = 118, data[6] = 0.0000000, axis_last = 0
, num = 119, data[7] = 0.0000000, axis_last = 0
, num = 120, data[8] = 0.0000000, axis_last = 0
, num = 121, data[9] = 0.0000000, axis_last = 0
, num = 122, data[10] = 0.0000000, axis_last = 0
, num = 123, data[11] = 0.0000000, axis_last = 0
, num = 124, data[12] = 0.0000000, axis_last = 0
, num = 125, data[13] = 0.0000000, axis_last = 0
, num = 126, data[14] = 0.0000000, axis_last = 0
, num = 127, data[15] = 0.0000000, axis_last = 1
, num = 128, data[0] = 0.0000000, axis_last = 0
, num = 129, data[1] = 0.0000000, axis_last = 0
, num = 130, data[2] = 0.0000000, axis_last = 0
, num = 131, data[3] = 0.0000000, axis_last = 0
, num = 132, data[4] = 0.0000000, axis_last = 0
, num = 133, data[5] = 0.0000000, axis_last = 0
, num = 134, data[6] = 0.0000000, axis_last = 0
, num = 135, data[7] = 0.0000000, axis_last = 0
, num = 136, data[8] = 0.0000000, axis_last = 0
, num = 137, data[9] = 0.0000000, axis_last = 0
, num = 138, data[10] = 0.0000000, axis_last = 0
, num = 139, data[11] = 0.0000000, axis_last = 0
, num = 140, data[12] = 0.0000000, axis_last = 0
, num = 141, data[13] = 0.0000000, axis_last = 0
, num = 142, data[14] = 0.0000000, axis_last = 0
, num = 143, data[15] = 0.0000000, axis_last = 0
, num = 144, data[0] = 0.0000000, axis_last = 0
, num = 145, data[1] = 0.0000000, axis_last = 0
, num = 146, data[2] = 0.0000000, axis_last = 0
, num = 147, data[3] = 0.0000000, axis_last = 0
, num = 148, data[4] = 0.0000000, axis_last = 0
, num = 149, data[5] = 0.0000000, axis_last = 0
, num = 150, data[6] = 0.0000000, axis_last = 0
, num = 151, data[7] = 0.0000000, axis_last = 0
, num = 152, data[8] = 0.0000000, axis_last = 0
, num = 153, data[9] = 0.0000000, axis_last = 0
, num = 154, data[10] = 0.0000000, axis_last = 0
, num = 155, data[11] = 0.0000000, axis_last = 0
, num = 156, data[12] = 0.0000000, axis_last = 0
, num = 157, data[13] = 0.0000000, axis_last = 0
, num = 158, data[14] = 0.0000000, axis_last = 0
, num = 159, data[15] = 0.0000000, axis_last = 0
, num = 160, data[0] = 0.0000000, axis_last = 0
, num = 161, data[1] = 0.0000000, axis_last = 0
, num = 162, data[2] = 0.0000000, axis_last = 0
, num = 163, data[3] = 0.0000000, axis_last = 0
, num = 164, data[4] = 0.0000000, axis_last = 0
, num = 165, data[5] = 0.0000000, axis_last = 0
, num = 166, data[6] = 0.0000000, axis_last = 0
, num = 167, data[7] = 0.0000000, axis_last = 0
, num = 168, data[8] = 0.0000000, axis_last = 0
, num = 169, data[9] = 0.0000000, axis_last = 0
, num = 170, data[10] = 0.0000000, axis_last = 0
, num = 171, data[11] = 0.0000000, axis_last = 0
, num = 172, data[12] = 0.0000000, axis_last = 0
, num = 173, data[13] = 0.0000000, axis_last = 0
, num = 174, data[14] = 0.0000000, axis_last = 0
, num = 175, data[15] = 0.0000000, axis_last = 0
, num = 176, data[0] = 0.0000000, axis_last = 0
, num = 177, data[1] = 0.0000000, axis_last = 0
, num = 178, data[2] = 0.0000000, axis_last = 0
, num = 179, data[3] = 0.0000000, axis_last = 0
, num = 180, data[4] = 0.0000000, axis_last = 0
, num = 181, data[5] = 0.0000000, axis_last = 0
, num = 182, data[6] = 0.0000000, axis_last = 0
, num = 183, data[7] = 0.0000000, axis_last = 0
, num = 184, data[8] = 0.0000000, axis_last = 0
, num = 185, data[9] = 0.0000000, axis_last = 0
, num = 186, data[10] = 0.0000000, axis_last = 0
, num = 187, data[11] = 0.0000000, axis_last = 0
, num = 188, data[12] = 0.0000000, axis_last = 0
, num = 189, data[13] = 0.0000000, axis_last = 0
, num = 190, data[14] = 0.0000000, axis_last = 0
, num = 191, data[15] = 0.0000000, axis_last = 1
, 
=========================================================================
INFO [HLS SIM]: The maximum depth reached by any hls::stream() instance in the design is 1978
INFO: [SIM 1] CSim done with 0 errors.
INFO: [SIM 3] *************** CSIM finish ***************
