

================================================================
== Vitis HLS Report for 'double_buffer'
================================================================
* Date:           Mon Aug 28 05:53:56 2023

* Version:        2022.2 (Build 3670227 on Oct 13 2022)
* Project:        RBM_hls
* Solution:       RBM_512_64_80M (Vivado IP Flow Target)
* Product family: zynq
* Target device:  xc7z020-clg400-1


================================================================
== Performance Estimates
================================================================
+ Timing: 
    * Summary: 
    +--------+----------+----------+------------+
    |  Clock |  Target  | Estimated| Uncertainty|
    +--------+----------+----------+------------+
    |ap_clk  |  12.50 ns|  6.208 ns|     3.38 ns|
    +--------+----------+----------+------------+

+ Latency: 
    * Summary: 
    +---------+---------+-----------+-----------+-----+-----+----------+
    |  Latency (cycles) |   Latency (absolute)  |  Interval | Pipeline |
    |   min   |   max   |    min    |    max    | min | max |   Type   |
    +---------+---------+-----------+-----------+-----+-----+----------+
    |        2|        2|  25.000 ns|  25.000 ns|    1|    1|  yes(flp)|
    +---------+---------+-----------+-----------+-----+-----+----------+

    + Detail: 
        * Instance: 
        N/A

        * Loop: 
        N/A



================================================================
== Utilization Estimates
================================================================
* Summary: 
+-----------------+---------+-----+--------+-------+-----+
|       Name      | BRAM_18K| DSP |   FF   |  LUT  | URAM|
+-----------------+---------+-----+--------+-------+-----+
|DSP              |        -|    -|       -|      -|    -|
|Expression       |        -|    -|       0|    307|    -|
|FIFO             |        4|    -|     326|    164|    -|
|Instance         |        -|    -|       -|      -|    -|
|Memory           |        -|    -|       -|      -|    -|
|Multiplexer      |        -|    -|       -|    254|    -|
|Register         |        -|    -|     146|      -|    -|
+-----------------+---------+-----+--------+-------+-----+
|Total            |        4|    0|     472|    725|    0|
+-----------------+---------+-----+--------+-------+-----+
|Available        |      280|  220|  106400|  53200|    0|
+-----------------+---------+-----+--------+-------+-----+
|Utilization (%)  |        1|    0|      ~0|      1|    0|
+-----------------+---------+-----+--------+-------+-----+

+ Detail: 
    * Instance: 
    N/A

    * DSP: 
    N/A

    * Memory: 
    N/A

    * FIFO: 
    +-----------------+---------+-----+----+-----+------+-----+---------+
    |       Name      | BRAM_18K|  FF | LUT| URAM| Depth| Bits| Size:D*B|
    +-----------------+---------+-----+----+-----+------+-----+---------+
    |buffer_0_fifo_U  |        2|  163|   0|    -|  1024|   21|    21504|
    |buffer_1_fifo_U  |        2|  163|   0|    -|  1024|   21|    21504|
    +-----------------+---------+-----+----+-----+------+-----+---------+
    |Total            |        4|  326|   0|    0|  2048|   42|    43008|
    +-----------------+---------+-----+----+-----+------+-----+---------+

    * Expression: 
    +----------------------------------+----------+----+---+----+------------+------------+
    |           Variable Name          | Operation| DSP| FF| LUT| Bitwidth P0| Bitwidth P1|
    +----------------------------------+----------+----+---+----+------------+------------+
    |add_ln1496_1_fu_697_p2            |         +|   0|  0|  10|           2|           2|
    |add_ln1496_fu_663_p2              |         +|   0|  0|  10|           2|           2|
    |add_ln186_fu_725_p2               |         +|   0|  0|  12|          12|           2|
    |add_ln223_fu_673_p2               |         +|   0|  0|  23|          16|          16|
    |add_ln225_fu_707_p2               |         +|   0|  0|  23|          16|          16|
    |and_ln143_fu_365_p2               |       and|   0|  0|   2|           1|           1|
    |and_ln215_fu_627_p2               |       and|   0|  0|   2|           1|           1|
    |ap_condition_697                  |       and|   0|  0|   2|           1|           1|
    |ap_condition_744                  |       and|   0|  0|   2|           1|           1|
    |ap_predicate_op116_read_state1    |       and|   0|  0|   2|           1|           1|
    |ap_predicate_op128_write_state2   |       and|   0|  0|   2|           1|           1|
    |ap_predicate_op129_write_state2   |       and|   0|  0|   2|           1|           1|
    |ap_predicate_op142_write_state3   |       and|   0|  0|   2|           1|           1|
    |ap_predicate_op144_read_state3    |       and|   0|  0|   2|           1|           1|
    |ap_predicate_op151_read_state3    |       and|   0|  0|   2|           1|           1|
    |ap_predicate_op29_read_state1     |       and|   0|  0|   2|           1|           1|
    |tmp_3_nbreadreq_fu_182_p3         |       and|   0|  0|   2|           1|           0|
    |tmp_nbreadreq_fu_174_p3           |       and|   0|  0|   2|           1|           0|
    |tmp_s_nbreadreq_fu_196_p3         |       and|   0|  0|   2|           1|           0|
    |icmp_ln1019_1_fu_477_p2           |      icmp|   0|  0|  13|          16|           1|
    |icmp_ln1019_2_fu_431_p2           |      icmp|   0|  0|  13|          16|          16|
    |icmp_ln1019_3_fu_443_p2           |      icmp|   0|  0|  13|          16|           1|
    |icmp_ln1019_fu_465_p2             |      icmp|   0|  0|  13|          16|          16|
    |icmp_ln1031_1_fu_553_p2           |      icmp|   0|  0|  13|          16|          16|
    |icmp_ln1031_fu_497_p2             |      icmp|   0|  0|  13|          16|          16|
    |icmp_ln1039_1_fu_591_p2           |      icmp|   0|  0|  12|          15|           1|
    |icmp_ln1039_fu_535_p2             |      icmp|   0|  0|  12|          15|           1|
    |ap_block_state1_pp0_stage0_iter0  |        or|   0|  0|   2|           1|           1|
    |ap_block_state2_pp0_stage0_iter1  |        or|   0|  0|   2|           1|           1|
    |ap_block_state3_pp0_stage0_iter2  |        or|   0|  0|   2|           1|           1|
    |buffer_out_din                    |        or|   0|  0|  21|          21|           1|
    |or_ln147_fu_789_p2                |        or|   0|  0|  64|          64|           1|
    |or_ln214_fu_609_p2                |        or|   0|  0|   2|           1|           1|
    |select_ln1496_1_fu_689_p3         |    select|   0|  0|   2|           1|           2|
    |select_ln1496_fu_655_p3           |    select|   0|  0|   2|           1|           2|
    |xor_ln215_fu_621_p2               |       xor|   0|  0|   2|           1|           2|
    +----------------------------------+----------+----+---+----+------------+------------+
    |Total                             |          |   0|  0| 307|         280|         129|
    +----------------------------------+----------+----+---+----+------------+------------+

    * Multiplexer: 
    +------------------------------------------------------------------------------------------+----+-----------+-----+-----------+
    |                                           Name                                           | LUT| Input Size| Bits| Total Bits|
    +------------------------------------------------------------------------------------------+----+-----------+-----+-----------+
    |ap_NS_iter1_fsm                                                                           |  14|          3|    2|          6|
    |ap_NS_iter2_fsm                                                                           |  14|          3|    2|          6|
    |ap_done                                                                                   |   9|          2|    1|          2|
    |ap_phi_mux_double_buffer_stream_stream_stream_stream_buffer_status_2_loc_0_phi_fu_330_p6  |  20|          4|    1|          4|
    |ap_phi_mux_double_buffer_stream_stream_stream_stream_buffer_status_3_loc_phi_fu_304_p6    |  20|          4|    1|          4|
    |ap_phi_mux_double_buffer_stream_stream_stream_stream_buffer_status_4_loc_0_phi_fu_343_p6  |  20|          4|    1|          4|
    |ap_phi_mux_double_buffer_stream_stream_stream_stream_buffer_status_5_loc_phi_fu_317_p6    |  20|          4|    1|          4|
    |ap_phi_mux_i_op_assign_1_phi_fu_290_p6                                                    |  14|          3|    1|          3|
    |ap_phi_mux_i_op_assign_2_phi_fu_248_p6                                                    |  14|          3|    1|          3|
    |ap_phi_mux_i_op_assign_3_phi_fu_276_p6                                                    |  14|          3|    1|          3|
    |ap_phi_mux_i_op_assign_phi_fu_262_p6                                                      |  14|          3|    1|          3|
    |buffer_data_read_axis_last                                                                |   9|          2|    1|          2|
    |buffer_data_read_data_V                                                                   |   9|          2|   16|         32|
    |buffer_data_read_first_data                                                               |   9|          2|    1|          2|
    |buffer_data_read_last_data                                                                |   9|          2|    1|          2|
    |buffer_data_read_pad_zero                                                                 |   9|          2|    1|          2|
    |buffer_out_blk_n                                                                          |   9|          2|    1|          2|
    |control_ch173_blk_n                                                                       |   9|          2|    1|          2|
    |stream_vector_in_TDATA_blk_n                                                              |   9|          2|    1|          2|
    |vector_in_len_ch176_blk_n                                                                 |   9|          2|    1|          2|
    +------------------------------------------------------------------------------------------+----+-----------+-----+-----------+
    |Total                                                                                     | 254|         54|   37|         90|
    +------------------------------------------------------------------------------------------+----+-----------+-----+-----------+

    * Register: 
    +---------------------------------------------------------------------------+----+----+-----+-----------+
    |                                    Name                                   | FF | LUT| Bits| Const Bits|
    +---------------------------------------------------------------------------+----+----+-----+-----------+
    |and_ln143_reg_968                                                          |   1|   0|    1|          0|
    |ap_CS_iter0_fsm                                                            |   1|   0|    1|          0|
    |ap_CS_iter1_fsm                                                            |   2|   0|    2|          0|
    |ap_CS_iter2_fsm                                                            |   2|   0|    2|          0|
    |ap_done_reg                                                                |   1|   0|    1|          0|
    |buffer0_read_en                                                            |   1|   0|    1|          0|
    |buffer0_read_en_load_reg_1000                                              |   1|   0|    1|          0|
    |buffer0_read_en_load_reg_1000_pp0_iter1_reg                                |   1|   0|    1|          0|
    |buffer1_read_en                                                            |   1|   0|    1|          0|
    |buffer1_read_en_load_reg_1004                                              |   1|   0|    1|          0|
    |buffer1_read_en_load_reg_1004_pp0_iter1_reg                                |   1|   0|    1|          0|
    |buffer_data_read_axis_last                                                 |   1|   0|    1|          0|
    |buffer_data_read_data_V                                                    |  16|   0|   16|          0|
    |buffer_data_read_first_data                                                |   1|   0|    1|          0|
    |buffer_data_read_first_data_load_reg_976                                   |   1|   0|    1|          0|
    |buffer_data_read_first_data_load_reg_976_pp0_iter1_reg                     |   1|   0|    1|          0|
    |buffer_data_read_last_data                                                 |   1|   0|    1|          0|
    |buffer_data_read_last_data_load_reg_981                                    |   1|   0|    1|          0|
    |buffer_data_read_last_data_load_reg_981_pp0_iter1_reg                      |   1|   0|    1|          0|
    |buffer_data_read_pad_zero                                                  |   1|   0|    1|          0|
    |buffer_data_read_valid                                                     |   1|   0|    1|          0|
    |buffer_data_read_valid_load_reg_972                                        |   1|   0|    1|          0|
    |buffer_data_read_valid_load_reg_972_pp0_iter1_reg                          |   1|   0|    1|          0|
    |buffer_write_en                                                            |   1|   0|    1|          0|
    |buffer_write_select                                                        |   1|   0|    1|          0|
    |buffer_write_select_load_reg_991                                           |   1|   0|    1|          0|
    |control_V_1                                                                |   8|   0|    8|          0|
    |control_V_1_load_reg_964                                                   |   8|   0|    8|          0|
    |control_V_1_load_reg_964_pp0_iter1_reg                                     |   8|   0|    8|          0|
    |double_buffer_stream_stream_stream_stream_buffer_data_t_0_buffer_status    |   1|   0|    1|          0|
    |double_buffer_stream_stream_stream_stream_buffer_data_t_0_buffer_status_1  |   1|   0|    1|          0|
    |double_buffer_stream_stream_stream_stream_buffer_data_t_0_buffer_status_2  |   1|   0|    1|          0|
    |double_buffer_stream_stream_stream_stream_buffer_data_t_0_buffer_status_3  |   1|   0|    1|          0|
    |double_buffer_stream_stream_stream_stream_buffer_data_t_0_buffer_status_4  |  16|   0|   16|          0|
    |double_buffer_stream_stream_stream_stream_buffer_data_t_0_buffer_status_5  |  16|   0|   16|          0|
    |stream_data_v_data_V_reg_986                                               |  16|   0|   16|          0|
    |tmp_204_reg_995                                                            |   1|   0|    1|          0|
    |tmp_reg_960                                                                |   1|   0|    1|          0|
    |tmp_reg_960_pp0_iter1_reg                                                  |   1|   0|    1|          0|
    |vector_in_length_V_1                                                       |  12|   0|   12|          0|
    |vector_in_length_minus_1_V                                                 |  12|   0|   12|          0|
    +---------------------------------------------------------------------------+----+----+-----+-----------+
    |Total                                                                      | 146|   0|  146|          0|
    +---------------------------------------------------------------------------+----+----+-----+-----------+



================================================================
== Interface
================================================================
* Summary: 
+------------------------------------+-----+-----+--------------+---------------------+--------------+
|              RTL Ports             | Dir | Bits|   Protocol   |    Source Object    |    C Type    |
+------------------------------------+-----+-----+--------------+---------------------+--------------+
|ap_clk                              |   in|    1|  ap_ctrl_none|        double_buffer|  return value|
|ap_rst                              |   in|    1|  ap_ctrl_none|        double_buffer|  return value|
|ap_start                            |   in|    1|  ap_ctrl_none|        double_buffer|  return value|
|ap_done                             |  out|    1|  ap_ctrl_none|        double_buffer|  return value|
|ap_continue                         |   in|    1|  ap_ctrl_none|        double_buffer|  return value|
|ap_idle                             |  out|    1|  ap_ctrl_none|        double_buffer|  return value|
|ap_ready                            |  out|    1|  ap_ctrl_none|        double_buffer|  return value|
|stream_vector_in_TVALID             |   in|    1|          axis|     stream_vector_in|       pointer|
|stream_vector_in_TDATA              |   in|   32|          axis|     stream_vector_in|       pointer|
|stream_vector_in_TREADY             |  out|    1|          axis|     stream_vector_in|       pointer|
|vector_in_len_ch176_dout            |   in|   12|       ap_fifo|  vector_in_len_ch176|       pointer|
|vector_in_len_ch176_num_data_valid  |   in|    8|       ap_fifo|  vector_in_len_ch176|       pointer|
|vector_in_len_ch176_fifo_cap        |   in|    8|       ap_fifo|  vector_in_len_ch176|       pointer|
|vector_in_len_ch176_empty_n         |   in|    1|       ap_fifo|  vector_in_len_ch176|       pointer|
|vector_in_len_ch176_read            |  out|    1|       ap_fifo|  vector_in_len_ch176|       pointer|
|control_ch173_dout                  |   in|    8|       ap_fifo|        control_ch173|       pointer|
|control_ch173_num_data_valid        |   in|    8|       ap_fifo|        control_ch173|       pointer|
|control_ch173_fifo_cap              |   in|    8|       ap_fifo|        control_ch173|       pointer|
|control_ch173_empty_n               |   in|    1|       ap_fifo|        control_ch173|       pointer|
|control_ch173_read                  |  out|    1|       ap_fifo|        control_ch173|       pointer|
|buffer_out_din                      |  out|   21|       ap_fifo|           buffer_out|       pointer|
|buffer_out_num_data_valid           |   in|   11|       ap_fifo|           buffer_out|       pointer|
|buffer_out_fifo_cap                 |   in|   11|       ap_fifo|           buffer_out|       pointer|
|buffer_out_full_n                   |   in|    1|       ap_fifo|           buffer_out|       pointer|
|buffer_out_write                    |  out|    1|       ap_fifo|           buffer_out|       pointer|
+------------------------------------+-----+-----+--------------+---------------------+--------------+

