Fri Aug 25 09:36:53 2023: Running xcd server. This server was built by gradle.
Fri Aug 25 09:36:53 2023: Server was asked to start on port: '43899'
Fri Aug 25 09:36:53 2023: Server is using token UUID: 'ed102be9-9382-42c2-a100-c5b993016112'
Fri Aug 25 09:36:53 2023: SESSION_MGR: creating session with session uuid: '6d04a3e9-ade5-4ab9-8d63-1f78fcd2ec76' and name 'default'
Fri Aug 25 09:36:53 2023: Attempting to start server on port '43899'
Fri Aug 25 09:36:53 2023: XCD main fifo: created main fifo '/tmp/xcdmained102be9-9382-42c2-a100-c5b993016112', fd read = 13
Fri Aug 25 09:36:53 2023: Running Dispatch Server
Fri Aug 25 09:36:53 2023: Version 2.2.0
Fri Aug 25 09:37:02 2023: Dispatch Server: Accepted socket connection from client
Fri Aug 25 09:37:02 2023: Starting Socket connection
Fri Aug 25 09:37:02 2023: EXCHANGE_TOKEN received, server token: ed102be9-9382-42c2-a100-c5b993016112, passed token: ed102be9-9382-42c2-a100-c5b993016112
Fri Aug 25 09:37:02 2023: SESSION_MGR: creating session with session uuid: '48f98f4a-0283-484c-b1c0-9aeffb98efdb' and name 'vitis_hls'
Fri Aug 25 09:37:02 2023: KERNEL_SVC: creating session with uuid: '48f98f4a-0283-484c-b1c0-9aeffb98efdb' and name 'vitis_hls'
Fri Aug 25 09:37:02 2023: GUIDANCE_SMGR: creating guidance session with uuid: '48f98f4a-0283-484c-b1c0-9aeffb98efdb' and name 'vitis_hls'
Fri Aug 25 09:37:17 2023: STOP_SERVER received, server token: ed102be9-9382-42c2-a100-c5b993016112, passed token: ed102be9-9382-42c2-a100-c5b993016112
Fri Aug 25 09:37:17 2023: Socket received request to stop server.
Fri Aug 25 09:37:17 2023: Dispatch Server: do_await_stop
Fri Aug 25 09:37:17 2023: Dispatch Server: stopping mainFifo_
Fri Aug 25 09:37:17 2023: XCD main fifo: Stopping
Fri Aug 25 09:37:17 2023: XCD main fifo: do_read error code: Operation canceled
Fri Aug 25 09:37:17 2023: XCD main fifo: bytes_transferred: 0
Fri Aug 25 09:37:17 2023: SERVER: destructor for server bound to port 43899
Fri Aug 25 09:37:17 2023: XCD main fifo: Good unlink of /tmp/xcdmained102be9-9382-42c2-a100-c5b993016112
Fri Aug 25 09:37:17 2023: Server exiting with status 0.
Fri Aug 25 09:37:17 2023: Closing log file.
Fri Aug 25 09:37:50 2023: Running xcd server. This server was built by gradle.
Fri Aug 25 09:37:50 2023: Server was asked to start on port: '32793'
Fri Aug 25 09:37:50 2023: Server is using token UUID: '05f6af19-570d-433b-826c-8f7512f9c33a'
Fri Aug 25 09:37:50 2023: SESSION_MGR: creating session with session uuid: '6d04a3e9-ade5-4ab9-8d63-1f78fcd2ec76' and name 'default'
Fri Aug 25 09:37:50 2023: Attempting to start server on port '32793'
Fri Aug 25 09:37:50 2023: XCD main fifo: created main fifo '/tmp/xcdmain05f6af19-570d-433b-826c-8f7512f9c33a', fd read = 13
Fri Aug 25 09:37:50 2023: Running Dispatch Server
Fri Aug 25 09:37:50 2023: Version 2.2.0
Fri Aug 25 09:37:59 2023: Dispatch Server: Accepted socket connection from client
Fri Aug 25 09:37:59 2023: Starting Socket connection
Fri Aug 25 09:37:59 2023: EXCHANGE_TOKEN received, server token: 05f6af19-570d-433b-826c-8f7512f9c33a, passed token: 05f6af19-570d-433b-826c-8f7512f9c33a
Fri Aug 25 09:37:59 2023: SESSION_MGR: creating session with session uuid: '34846c64-a475-43f5-8073-8e852ee9318b' and name 'vitis_hls'
Fri Aug 25 09:37:59 2023: KERNEL_SVC: creating session with uuid: '34846c64-a475-43f5-8073-8e852ee9318b' and name 'vitis_hls'
Fri Aug 25 09:37:59 2023: GUIDANCE_SMGR: creating guidance session with uuid: '34846c64-a475-43f5-8073-8e852ee9318b' and name 'vitis_hls'
Fri Aug 25 09:39:18 2023: Dispatch Server: Accepted socket connection from client
Fri Aug 25 09:39:18 2023: Starting Socket connection
Fri Aug 25 09:40:42 2023: Dispatch Server: Accepted socket connection from client
Fri Aug 25 09:40:42 2023: Starting Socket connection
Fri Aug 25 09:41:54 2023: Dispatch Server: Accepted socket connection from client
Fri Aug 25 09:41:54 2023: Starting Socket connection
Fri Aug 25 09:43:26 2023: STOP_SERVER received, server token: 05f6af19-570d-433b-826c-8f7512f9c33a, passed token: 05f6af19-570d-433b-826c-8f7512f9c33a
Fri Aug 25 09:43:26 2023: Socket received request to stop server.
Fri Aug 25 09:43:26 2023: Dispatch Server: do_await_stop
Fri Aug 25 09:43:26 2023: Dispatch Server: stopping mainFifo_
Fri Aug 25 09:43:26 2023: XCD main fifo: Stopping
Fri Aug 25 09:43:26 2023: XCD main fifo: do_read error code: Operation canceled
Fri Aug 25 09:43:26 2023: XCD main fifo: bytes_transferred: 0
Fri Aug 25 09:43:26 2023: SERVER: destructor for server bound to port 32793
Fri Aug 25 09:43:26 2023: XCD main fifo: Good unlink of /tmp/xcdmain05f6af19-570d-433b-826c-8f7512f9c33a
Fri Aug 25 09:43:26 2023: Server exiting with status 0.
Fri Aug 25 09:43:26 2023: Closing log file.
