Copyright 1986-2022 Xilinx, Inc. All Rights Reserved.
------------------------------------------------------------------------------------
| Tool Version : Vivado v.2022.2 (lin64) Build 3671981 Fri Oct 14 04:59:54 MDT 2022
| Date         : Mon Aug 28 06:05:05 2023
| Host         : ubuntu running 64-bit Ubuntu 20.04.3 LTS
| Command      : report_timing_summary -file ./report/RBM_timing_synth.rpt
| Design       : bd_0_wrapper
| Device       : 7z020-clg400
| Speed File   : -1  PRODUCTION 1.12 2019-11-22
------------------------------------------------------------------------------------

Timing Summary Report

------------------------------------------------------------------------------------------------
| Timer Settings
| --------------
------------------------------------------------------------------------------------------------

  Enable Multi Corner Analysis               :  Yes
  Enable Pessimism Removal                   :  Yes
  Pessimism Removal Resolution               :  Nearest Common Node
  Enable Input Delay Default Clock           :  No
  Enable Preset / Clear Arcs                 :  No
  Disable Flight Delays                      :  No
  Ignore I/O Paths                           :  No
  Timing Early Launch at Borrowing Latches   :  No
  Borrow Time for Max Delay Exceptions       :  Yes
  Merge Timing Exceptions                    :  Yes

  Corner  Analyze    Analyze    
  Name    Max Paths  Min Paths  
  ------  ---------  ---------  
  Slow    Yes        Yes        
  Fast    Yes        Yes        


------------------------------------------------------------------------------------------------
| Report Methodology
| ------------------
------------------------------------------------------------------------------------------------

No report available as report_methodology has not been run prior. Run report_methodology on the current design for the summary of methodology violations.



check_timing report

Table of Contents
-----------------
1. checking no_clock (0)
2. checking constant_clock (0)
3. checking pulse_width_clock (0)
4. checking unconstrained_internal_endpoints (0)
5. checking no_input_delay (139)
6. checking no_output_delay (57)
7. checking multiple_clock (0)
8. checking generated_clocks (0)
9. checking loops (0)
10. checking partial_input_delay (0)
11. checking partial_output_delay (0)
12. checking latch_loops (0)

1. checking no_clock (0)
------------------------
 There are 0 register/latch pins with no clock.


2. checking constant_clock (0)
------------------------------
 There are 0 register/latch pins with constant_clock.


3. checking pulse_width_clock (0)
---------------------------------
 There are 0 register/latch pins which need pulse_width check


4. checking unconstrained_internal_endpoints (0)
------------------------------------------------
 There are 0 pins that are not constrained for maximum delay.

 There are 0 pins that are not constrained for maximum delay due to constant clock.


5. checking no_input_delay (139)
--------------------------------
 There are 139 input ports with no input delay specified. (HIGH)

 There are 0 input ports with no input delay but user has a false path constraint.


6. checking no_output_delay (57)
--------------------------------
 There are 57 ports with no output delay specified. (HIGH)

 There are 0 ports with no output delay but user has a false path constraint

 There are 0 ports with no output delay but with a timing clock defined on it or propagating through it


7. checking multiple_clock (0)
------------------------------
 There are 0 register/latch pins with multiple clocks.


8. checking generated_clocks (0)
--------------------------------
 There are 0 generated clocks that are not connected to a clock source.


9. checking loops (0)
---------------------
 There are 0 combinational loops in the design.


10. checking partial_input_delay (0)
------------------------------------
 There are 0 input ports with partial input delay specified.


11. checking partial_output_delay (0)
-------------------------------------
 There are 0 ports with partial output delay specified.


12. checking latch_loops (0)
----------------------------
 There are 0 combinational latch loops in the design through latch input



------------------------------------------------------------------------------------------------
| Design Timing Summary
| ---------------------
------------------------------------------------------------------------------------------------

    WNS(ns)      TNS(ns)  TNS Failing Endpoints  TNS Total Endpoints      WHS(ns)      THS(ns)  THS Failing Endpoints  THS Total Endpoints     WPWS(ns)     TPWS(ns)  TPWS Failing Endpoints  TPWS Total Endpoints  
    -------      -------  ---------------------  -------------------      -------      -------  ---------------------  -------------------     --------     --------  ----------------------  --------------------  
      3.047        0.000                      0               106605        0.182        0.000                      0               106605        5.000        0.000                       0                 30753  


All user specified timing constraints are met.


------------------------------------------------------------------------------------------------
| Clock Summary
| -------------
------------------------------------------------------------------------------------------------

Clock   Waveform(ns)       Period(ns)      Frequency(MHz)
-----   ------------       ----------      --------------
ap_clk  {0.000 6.250}      12.500          80.000          


------------------------------------------------------------------------------------------------
| Intra Clock Table
| -----------------
------------------------------------------------------------------------------------------------

Clock             WNS(ns)      TNS(ns)  TNS Failing Endpoints  TNS Total Endpoints      WHS(ns)      THS(ns)  THS Failing Endpoints  THS Total Endpoints     WPWS(ns)     TPWS(ns)  TPWS Failing Endpoints  TPWS Total Endpoints  
-----             -------      -------  ---------------------  -------------------      -------      -------  ---------------------  -------------------     --------     --------  ----------------------  --------------------  
ap_clk              3.047        0.000                      0               106605        0.182        0.000                      0               106605        5.000        0.000                       0                 30753  


------------------------------------------------------------------------------------------------
| Inter Clock Table
| -----------------
------------------------------------------------------------------------------------------------

From Clock    To Clock          WNS(ns)      TNS(ns)  TNS Failing Endpoints  TNS Total Endpoints      WHS(ns)      THS(ns)  THS Failing Endpoints  THS Total Endpoints  
----------    --------          -------      -------  ---------------------  -------------------      -------      -------  ---------------------  -------------------  


------------------------------------------------------------------------------------------------
| Other Path Groups Table
| -----------------------
------------------------------------------------------------------------------------------------

Path Group    From Clock    To Clock          WNS(ns)      TNS(ns)  TNS Failing Endpoints  TNS Total Endpoints      WHS(ns)      THS(ns)  THS Failing Endpoints  THS Total Endpoints  
----------    ----------    --------          -------      -------  ---------------------  -------------------      -------      -------  ---------------------  -------------------  


------------------------------------------------------------------------------------------------
| Timing Details
| --------------
------------------------------------------------------------------------------------------------


---------------------------------------------------------------------------------------------------
From Clock:  ap_clk
  To Clock:  ap_clk

Setup :            0  Failing Endpoints,  Worst Slack        3.047ns,  Total Violation        0.000ns
Hold  :            0  Failing Endpoints,  Worst Slack        0.182ns,  Total Violation        0.000ns
PW    :            0  Failing Endpoints,  Worst Slack        5.000ns,  Total Violation        0.000ns
---------------------------------------------------------------------------------------------------


Max Delay Paths
--------------------------------------------------------------------------------------
Slack (MET) :             3.047ns  (required time - arrival time)
  Source:                 bd_0_i/hls_inst/inst/sigmoid_U0/tmp_198_reg_423_reg[0]/C
                            (rising edge-triggered cell FDRE clocked by ap_clk  {rise@0.000ns fall@6.250ns period=12.500ns})
  Destination:            bd_0_i/hls_inst/inst/sigmoid_U0/mul_55s_24ns_79_2_1_U117/tmp_product/B[16]
                            (rising edge-triggered cell DSP48E1 clocked by ap_clk  {rise@0.000ns fall@6.250ns period=12.500ns})
  Path Group:             ap_clk
  Path Type:              Setup (Max at Slow Process Corner)
  Requirement:            12.500ns  (ap_clk rise@12.500ns - ap_clk rise@0.000ns)
  Data Path Delay:        8.744ns  (logic 5.048ns (57.733%)  route 3.696ns (42.267%))
  Logic Levels:           20  (CARRY4=16 LUT4=2 LUT5=1 LUT6=1)
  Clock Path Skew:        -0.049ns (DCD - SCD + CPR)
    Destination Clock Delay (DCD):    0.924ns = ( 13.424 - 12.500 ) 
    Source Clock Delay      (SCD):    0.973ns
    Clock Pessimism Removal (CPR):    0.000ns
  Clock Uncertainty:      0.035ns  ((TSJ^2 + TIJ^2)^1/2 + DJ) / 2 + PE
    Total System Jitter     (TSJ):    0.071ns
    Total Input Jitter      (TIJ):    0.000ns
    Discrete Jitter          (DJ):    0.000ns
    Phase Error              (PE):    0.000ns

    Location             Delay type                Incr(ns)  Path(ns)    Netlist Resource(s)
  -------------------------------------------------------------------    -------------------
                         (clock ap_clk rise edge)     0.000     0.000 r  
                                                      0.000     0.000 r  ap_clk (IN)
                         net (fo=30752, unset)        0.973     0.973    bd_0_i/hls_inst/inst/sigmoid_U0/ap_clk
                         FDRE                                         r  bd_0_i/hls_inst/inst/sigmoid_U0/tmp_198_reg_423_reg[0]/C
  -------------------------------------------------------------------    -------------------
                         FDRE (Prop_fdre_C_Q)         0.518     1.491 r  bd_0_i/hls_inst/inst/sigmoid_U0/tmp_198_reg_423_reg[0]/Q
                         net (fo=174, unplaced)       0.854     2.345    bd_0_i/hls_inst/inst/sigmoid_U0/tmp_198_reg_423
                         LUT5 (Prop_lut5_I2_O)        0.319     2.664 r  bd_0_i/hls_inst/inst/sigmoid_U0/q0_reg_0_i_70/O
                         net (fo=1, unplaced)         0.000     2.664    bd_0_i/hls_inst/inst/sigmoid_U0/q0_reg_0_i_70_n_0
                         CARRY4 (Prop_carry4_DI[0]_CO[3])
                                                      0.576     3.240 r  bd_0_i/hls_inst/inst/sigmoid_U0/q0_reg_0_i_58/CO[3]
                         net (fo=1, unplaced)         0.009     3.249    bd_0_i/hls_inst/inst/sigmoid_U0/q0_reg_0_i_58_n_0
                         CARRY4 (Prop_carry4_CI_CO[3])
                                                      0.117     3.366 r  bd_0_i/hls_inst/inst/sigmoid_U0/q0_reg_0_i_49/CO[3]
                         net (fo=1, unplaced)         0.000     3.366    bd_0_i/hls_inst/inst/sigmoid_U0/q0_reg_0_i_49_n_0
                         CARRY4 (Prop_carry4_CI_CO[3])
                                                      0.117     3.483 r  bd_0_i/hls_inst/inst/sigmoid_U0/q0_reg_0_i_40/CO[3]
                         net (fo=1, unplaced)         0.000     3.483    bd_0_i/hls_inst/inst/sigmoid_U0/q0_reg_0_i_40_n_0
                         CARRY4 (Prop_carry4_CI_CO[3])
                                                      0.117     3.600 r  bd_0_i/hls_inst/inst/sigmoid_U0/q0_reg_0_i_31/CO[3]
                         net (fo=1, unplaced)         0.000     3.600    bd_0_i/hls_inst/inst/sigmoid_U0/q0_reg_0_i_31_n_0
                         CARRY4 (Prop_carry4_CI_CO[3])
                                                      0.117     3.717 r  bd_0_i/hls_inst/inst/sigmoid_U0/q0_reg_0_i_24/CO[3]
                         net (fo=1, unplaced)         0.000     3.717    bd_0_i/hls_inst/inst/sigmoid_U0/q0_reg_0_i_24_n_0
                         CARRY4 (Prop_carry4_CI_CO[2])
                                                      0.252     3.969 r  bd_0_i/hls_inst/inst/sigmoid_U0/q0_reg_0_i_21/CO[2]
                         net (fo=1, unplaced)         0.452     4.421    bd_0_i/hls_inst/inst/sigmoid_U0/sigmoid_slope_V_U/q0_reg_0_i_17_0[0]
                         LUT6 (Prop_lut6_I5_O)        0.310     4.731 r  bd_0_i/hls_inst/inst/sigmoid_U0/sigmoid_slope_V_U/q0_reg_0_i_18/O
                         net (fo=1, unplaced)         0.449     5.180    bd_0_i/hls_inst/inst/sigmoid_U0/sigmoid_slope_V_U/p_3_out
                         LUT4 (Prop_lut4_I3_O)        0.124     5.304 r  bd_0_i/hls_inst/inst/sigmoid_U0/sigmoid_slope_V_U/q0_reg_0_i_17/O
                         net (fo=1, unplaced)         0.000     5.304    bd_0_i/hls_inst/inst/sigmoid_U0/sigmoid_slope_V_U/q0_reg_0_i_17_n_0
                         CARRY4 (Prop_carry4_S[0]_CO[3])
                                                      0.513     5.817 r  bd_0_i/hls_inst/inst/sigmoid_U0/sigmoid_slope_V_U/q0_reg_0_i_4/CO[3]
                         net (fo=1, unplaced)         0.009     5.826    bd_0_i/hls_inst/inst/sigmoid_U0/sigmoid_slope_V_U/q0_reg_0_i_4_n_0
                         CARRY4 (Prop_carry4_CI_CO[3])
                                                      0.117     5.943 r  bd_0_i/hls_inst/inst/sigmoid_U0/sigmoid_slope_V_U/q0_reg_0_i_3/CO[3]
                         net (fo=1, unplaced)         0.000     5.943    bd_0_i/hls_inst/inst/sigmoid_U0/sigmoid_slope_V_U/q0_reg_0_i_3_n_0
                         CARRY4 (Prop_carry4_CI_CO[3])
                                                      0.117     6.060 r  bd_0_i/hls_inst/inst/sigmoid_U0/sigmoid_slope_V_U/q0_reg_0_i_2/CO[3]
                         net (fo=1, unplaced)         0.000     6.060    bd_0_i/hls_inst/inst/sigmoid_U0/sigmoid_slope_V_U_n_12
                         CARRY4 (Prop_carry4_CI_CO[3])
                                                      0.117     6.177 r  bd_0_i/hls_inst/inst/sigmoid_U0/tmp_product_i_63/CO[3]
                         net (fo=1, unplaced)         0.000     6.177    bd_0_i/hls_inst/inst/sigmoid_U0/tmp_product_i_63_n_0
                         CARRY4 (Prop_carry4_CI_CO[3])
                                                      0.117     6.294 r  bd_0_i/hls_inst/inst/sigmoid_U0/tmp_product_i_58/CO[3]
                         net (fo=1, unplaced)         0.000     6.294    bd_0_i/hls_inst/inst/sigmoid_U0/tmp_product_i_58_n_0
                         CARRY4 (Prop_carry4_CI_CO[3])
                                                      0.117     6.411 r  bd_0_i/hls_inst/inst/sigmoid_U0/tmp_product_i_53/CO[3]
                         net (fo=1, unplaced)         0.000     6.411    bd_0_i/hls_inst/inst/sigmoid_U0/tmp_product_i_53_n_0
                         CARRY4 (Prop_carry4_CI_CO[3])
                                                      0.117     6.528 r  bd_0_i/hls_inst/inst/sigmoid_U0/tmp_product_i_48/CO[3]
                         net (fo=1, unplaced)         0.000     6.528    bd_0_i/hls_inst/inst/sigmoid_U0/tmp_product_i_48_n_0
                         CARRY4 (Prop_carry4_CI_O[3])
                                                      0.331     6.859 r  bd_0_i/hls_inst/inst/sigmoid_U0/tmp_product_i_47/O[3]
                         net (fo=6, unplaced)         0.650     7.509    bd_0_i/hls_inst/inst/sigmoid_U0/mul_55s_24ns_79_2_1_U117/tmp_199_fu_260_p4[19]
                         LUT4 (Prop_lut4_I3_O)        0.307     7.816 r  bd_0_i/hls_inst/inst/sigmoid_U0/mul_55s_24ns_79_2_1_U117/tmp_product_i_15/O
                         net (fo=1, unplaced)         0.473     8.289    bd_0_i/hls_inst/inst/sigmoid_U0/mul_55s_24ns_79_2_1_U117/tmp_product_i_15_n_0
                         CARRY4 (Prop_carry4_DI[3]_CO[3])
                                                      0.396     8.685 r  bd_0_i/hls_inst/inst/sigmoid_U0/mul_55s_24ns_79_2_1_U117/tmp_product_i_3/CO[3]
                         net (fo=1, unplaced)         0.000     8.685    bd_0_i/hls_inst/inst/sigmoid_U0/mul_55s_24ns_79_2_1_U117/tmp_product_i_3_n_0
                         CARRY4 (Prop_carry4_CI_O[0])
                                                      0.232     8.917 r  bd_0_i/hls_inst/inst/sigmoid_U0/mul_55s_24ns_79_2_1_U117/tmp_product_i_2/O[0]
                         net (fo=1, unplaced)         0.800     9.717    bd_0_i/hls_inst/inst/sigmoid_U0/mul_55s_24ns_79_2_1_U117/p_0_in[44]
                         DSP48E1                                      r  bd_0_i/hls_inst/inst/sigmoid_U0/mul_55s_24ns_79_2_1_U117/tmp_product/B[16]
  -------------------------------------------------------------------    -------------------

                         (clock ap_clk rise edge)    12.500    12.500 r  
                                                      0.000    12.500 r  ap_clk (IN)
                         net (fo=30752, unset)        0.924    13.424    bd_0_i/hls_inst/inst/sigmoid_U0/mul_55s_24ns_79_2_1_U117/ap_clk
                         DSP48E1                                      r  bd_0_i/hls_inst/inst/sigmoid_U0/mul_55s_24ns_79_2_1_U117/tmp_product/CLK
                         clock pessimism              0.000    13.424    
                         clock uncertainty           -0.035    13.389    
                         DSP48E1 (Setup_dsp48e1_CLK_B[16])
                                                     -0.625    12.764    bd_0_i/hls_inst/inst/sigmoid_U0/mul_55s_24ns_79_2_1_U117/tmp_product
  -------------------------------------------------------------------
                         required time                         12.764    
                         arrival time                          -9.717    
  -------------------------------------------------------------------
                         slack                                  3.047    





Min Delay Paths
--------------------------------------------------------------------------------------
Slack (MET) :             0.182ns  (arrival time - required time)
  Source:                 bd_0_i/hls_inst/inst/control_split_U0/stream_control_in_read_reg_73_reg[0]/C
                            (rising edge-triggered cell FDRE clocked by ap_clk  {rise@0.000ns fall@6.250ns period=12.500ns})
  Destination:            bd_0_i/hls_inst/inst/control_ch1_U/U_RBM_fifo_w8_d128_S_ShiftReg/SRL_SIG_reg[127][0]_srl32/D
                            (rising edge-triggered cell SRLC32E clocked by ap_clk  {rise@0.000ns fall@6.250ns period=12.500ns})
  Path Group:             ap_clk
  Path Type:              Hold (Min at Fast Process Corner)
  Requirement:            0.000ns  (ap_clk rise@0.000ns - ap_clk rise@0.000ns)
  Data Path Delay:        0.333ns  (logic 0.164ns (49.183%)  route 0.169ns (50.817%))
  Logic Levels:           0  
  Clock Path Skew:        0.022ns (DCD - SCD - CPR)
    Destination Clock Delay (DCD):    0.432ns
    Source Clock Delay      (SCD):    0.410ns
    Clock Pessimism Removal (CPR):    -0.000ns

    Location             Delay type                Incr(ns)  Path(ns)    Netlist Resource(s)
  -------------------------------------------------------------------    -------------------
                         (clock ap_clk rise edge)     0.000     0.000 r  
                                                      0.000     0.000 r  ap_clk (IN)
                         net (fo=30752, unset)        0.410     0.410    bd_0_i/hls_inst/inst/control_split_U0/ap_clk
                         FDRE                                         r  bd_0_i/hls_inst/inst/control_split_U0/stream_control_in_read_reg_73_reg[0]/C
  -------------------------------------------------------------------    -------------------
                         FDRE (Prop_fdre_C_Q)         0.164     0.574 r  bd_0_i/hls_inst/inst/control_split_U0/stream_control_in_read_reg_73_reg[0]/Q
                         net (fo=3, unplaced)         0.169     0.744    bd_0_i/hls_inst/inst/control_ch1_U/U_RBM_fifo_w8_d128_S_ShiftReg/SRL_SIG_reg[127][7]_srl32__0_0[0]
                         SRLC32E                                      r  bd_0_i/hls_inst/inst/control_ch1_U/U_RBM_fifo_w8_d128_S_ShiftReg/SRL_SIG_reg[127][0]_srl32/D
  -------------------------------------------------------------------    -------------------

                         (clock ap_clk rise edge)     0.000     0.000 r  
                                                      0.000     0.000 r  ap_clk (IN)
                         net (fo=30752, unset)        0.432     0.432    bd_0_i/hls_inst/inst/control_ch1_U/U_RBM_fifo_w8_d128_S_ShiftReg/ap_clk
                         SRLC32E                                      r  bd_0_i/hls_inst/inst/control_ch1_U/U_RBM_fifo_w8_d128_S_ShiftReg/SRL_SIG_reg[127][0]_srl32/CLK
                         clock pessimism              0.000     0.432    
                         SRLC32E (Hold_srlc32e_CLK_D)
                                                      0.130     0.562    bd_0_i/hls_inst/inst/control_ch1_U/U_RBM_fifo_w8_d128_S_ShiftReg/SRL_SIG_reg[127][0]_srl32
  -------------------------------------------------------------------
                         required time                         -0.562    
                         arrival time                           0.744    
  -------------------------------------------------------------------
                         slack                                  0.182    





Pulse Width Checks
--------------------------------------------------------------------------------------
Clock Name:         ap_clk
Waveform(ns):       { 0.000 6.250 }
Period(ns):         12.500
Sources:            { ap_clk }

Check Type        Corner  Lib Pin      Reference Pin  Required(ns)  Actual(ns)  Slack(ns)  Location  Pin
Min Period        n/a     DSP48E1/CLK  n/a            3.884         12.500      8.616                bd_0_i/hls_inst/inst/sigmoid_U0/mul_55s_24ns_79_2_1_U117/dout_reg/CLK
Low Pulse Width   Slow    RAMD64E/CLK  n/a            1.250         6.250       5.000                bd_0_i/hls_inst/inst/stream_weight_out_U/U_RBM_fifo_w1600_d128_D_ram/mem_reg_0_63_0_2/RAMA/CLK
High Pulse Width  Slow    RAMD64E/CLK  n/a            1.250         6.250       5.000                bd_0_i/hls_inst/inst/stream_weight_out_U/U_RBM_fifo_w1600_d128_D_ram/mem_reg_0_63_0_2/RAMA/CLK



