Copyright 1986-2022 Xilinx, Inc. All Rights Reserved.
---------------------------------------------------------------------------------------
| Tool Version : Vivado v.2022.2 (lin64) Build 3671981 Fri Oct 14 04:59:54 MDT 2022
| Date         : Mon Aug 28 06:05:06 2023
| Host         : ubuntu running 64-bit Ubuntu 20.04.3 LTS
| Command      : report_timing -max_paths 10 -file ./report/RBM_timing_paths_synth.rpt
| Design       : bd_0_wrapper
| Device       : 7z020-clg400
| Speed File   : -1  PRODUCTION 1.12 2019-11-22
---------------------------------------------------------------------------------------

Timing Report

Slack (MET) :             3.047ns  (required time - arrival time)
  Source:                 bd_0_i/hls_inst/inst/sigmoid_U0/tmp_198_reg_423_reg[0]/C
                            (rising edge-triggered cell FDRE clocked by ap_clk  {rise@0.000ns fall@6.250ns period=12.500ns})
  Destination:            bd_0_i/hls_inst/inst/sigmoid_U0/mul_55s_24ns_79_2_1_U117/tmp_product/B[16]
                            (rising edge-triggered cell DSP48E1 clocked by ap_clk  {rise@0.000ns fall@6.250ns period=12.500ns})
  Path Group:             ap_clk
  Path Type:              Setup (Max at Slow Process Corner)
  Requirement:            12.500ns  (ap_clk rise@12.500ns - ap_clk rise@0.000ns)
  Data Path Delay:        8.744ns  (logic 5.048ns (57.733%)  route 3.696ns (42.267%))
  Logic Levels:           20  (CARRY4=16 LUT4=2 LUT5=1 LUT6=1)
  Clock Path Skew:        -0.049ns (DCD - SCD + CPR)
    Destination Clock Delay (DCD):    0.924ns = ( 13.424 - 12.500 ) 
    Source Clock Delay      (SCD):    0.973ns
    Clock Pessimism Removal (CPR):    0.000ns
  Clock Uncertainty:      0.035ns  ((TSJ^2 + TIJ^2)^1/2 + DJ) / 2 + PE
    Total System Jitter     (TSJ):    0.071ns
    Total Input Jitter      (TIJ):    0.000ns
    Discrete Jitter          (DJ):    0.000ns
    Phase Error              (PE):    0.000ns

    Location             Delay type                Incr(ns)  Path(ns)    Netlist Resource(s)
  -------------------------------------------------------------------    -------------------
                         (clock ap_clk rise edge)     0.000     0.000 r  
                                                      0.000     0.000 r  ap_clk (IN)
                         net (fo=30752, unset)        0.973     0.973    bd_0_i/hls_inst/inst/sigmoid_U0/ap_clk
                         FDRE                                         r  bd_0_i/hls_inst/inst/sigmoid_U0/tmp_198_reg_423_reg[0]/C
  -------------------------------------------------------------------    -------------------
                         FDRE (Prop_fdre_C_Q)         0.518     1.491 r  bd_0_i/hls_inst/inst/sigmoid_U0/tmp_198_reg_423_reg[0]/Q
                         net (fo=174, unplaced)       0.854     2.345    bd_0_i/hls_inst/inst/sigmoid_U0/tmp_198_reg_423
                         LUT5 (Prop_lut5_I2_O)        0.319     2.664 r  bd_0_i/hls_inst/inst/sigmoid_U0/q0_reg_0_i_70/O
                         net (fo=1, unplaced)         0.000     2.664    bd_0_i/hls_inst/inst/sigmoid_U0/q0_reg_0_i_70_n_0
                         CARRY4 (Prop_carry4_DI[0]_CO[3])
                                                      0.576     3.240 r  bd_0_i/hls_inst/inst/sigmoid_U0/q0_reg_0_i_58/CO[3]
                         net (fo=1, unplaced)         0.009     3.249    bd_0_i/hls_inst/inst/sigmoid_U0/q0_reg_0_i_58_n_0
                         CARRY4 (Prop_carry4_CI_CO[3])
                                                      0.117     3.366 r  bd_0_i/hls_inst/inst/sigmoid_U0/q0_reg_0_i_49/CO[3]
                         net (fo=1, unplaced)         0.000     3.366    bd_0_i/hls_inst/inst/sigmoid_U0/q0_reg_0_i_49_n_0
                         CARRY4 (Prop_carry4_CI_CO[3])
                                                      0.117     3.483 r  bd_0_i/hls_inst/inst/sigmoid_U0/q0_reg_0_i_40/CO[3]
                         net (fo=1, unplaced)         0.000     3.483    bd_0_i/hls_inst/inst/sigmoid_U0/q0_reg_0_i_40_n_0
                         CARRY4 (Prop_carry4_CI_CO[3])
                                                      0.117     3.600 r  bd_0_i/hls_inst/inst/sigmoid_U0/q0_reg_0_i_31/CO[3]
                         net (fo=1, unplaced)         0.000     3.600    bd_0_i/hls_inst/inst/sigmoid_U0/q0_reg_0_i_31_n_0
                         CARRY4 (Prop_carry4_CI_CO[3])
                                                      0.117     3.717 r  bd_0_i/hls_inst/inst/sigmoid_U0/q0_reg_0_i_24/CO[3]
                         net (fo=1, unplaced)         0.000     3.717    bd_0_i/hls_inst/inst/sigmoid_U0/q0_reg_0_i_24_n_0
                         CARRY4 (Prop_carry4_CI_CO[2])
                                                      0.252     3.969 r  bd_0_i/hls_inst/inst/sigmoid_U0/q0_reg_0_i_21/CO[2]
                         net (fo=1, unplaced)         0.452     4.421    bd_0_i/hls_inst/inst/sigmoid_U0/sigmoid_slope_V_U/q0_reg_0_i_17_0[0]
                         LUT6 (Prop_lut6_I5_O)        0.310     4.731 r  bd_0_i/hls_inst/inst/sigmoid_U0/sigmoid_slope_V_U/q0_reg_0_i_18/O
                         net (fo=1, unplaced)         0.449     5.180    bd_0_i/hls_inst/inst/sigmoid_U0/sigmoid_slope_V_U/p_3_out
                         LUT4 (Prop_lut4_I3_O)        0.124     5.304 r  bd_0_i/hls_inst/inst/sigmoid_U0/sigmoid_slope_V_U/q0_reg_0_i_17/O
                         net (fo=1, unplaced)         0.000     5.304    bd_0_i/hls_inst/inst/sigmoid_U0/sigmoid_slope_V_U/q0_reg_0_i_17_n_0
                         CARRY4 (Prop_carry4_S[0]_CO[3])
                                                      0.513     5.817 r  bd_0_i/hls_inst/inst/sigmoid_U0/sigmoid_slope_V_U/q0_reg_0_i_4/CO[3]
                         net (fo=1, unplaced)         0.009     5.826    bd_0_i/hls_inst/inst/sigmoid_U0/sigmoid_slope_V_U/q0_reg_0_i_4_n_0
                         CARRY4 (Prop_carry4_CI_CO[3])
                                                      0.117     5.943 r  bd_0_i/hls_inst/inst/sigmoid_U0/sigmoid_slope_V_U/q0_reg_0_i_3/CO[3]
                         net (fo=1, unplaced)         0.000     5.943    bd_0_i/hls_inst/inst/sigmoid_U0/sigmoid_slope_V_U/q0_reg_0_i_3_n_0
                         CARRY4 (Prop_carry4_CI_CO[3])
                                                      0.117     6.060 r  bd_0_i/hls_inst/inst/sigmoid_U0/sigmoid_slope_V_U/q0_reg_0_i_2/CO[3]
                         net (fo=1, unplaced)         0.000     6.060    bd_0_i/hls_inst/inst/sigmoid_U0/sigmoid_slope_V_U_n_12
                         CARRY4 (Prop_carry4_CI_CO[3])
                                                      0.117     6.177 r  bd_0_i/hls_inst/inst/sigmoid_U0/tmp_product_i_63/CO[3]
                         net (fo=1, unplaced)         0.000     6.177    bd_0_i/hls_inst/inst/sigmoid_U0/tmp_product_i_63_n_0
                         CARRY4 (Prop_carry4_CI_CO[3])
                                                      0.117     6.294 r  bd_0_i/hls_inst/inst/sigmoid_U0/tmp_product_i_58/CO[3]
                         net (fo=1, unplaced)         0.000     6.294    bd_0_i/hls_inst/inst/sigmoid_U0/tmp_product_i_58_n_0
                         CARRY4 (Prop_carry4_CI_CO[3])
                                                      0.117     6.411 r  bd_0_i/hls_inst/inst/sigmoid_U0/tmp_product_i_53/CO[3]
                         net (fo=1, unplaced)         0.000     6.411    bd_0_i/hls_inst/inst/sigmoid_U0/tmp_product_i_53_n_0
                         CARRY4 (Prop_carry4_CI_CO[3])
                                                      0.117     6.528 r  bd_0_i/hls_inst/inst/sigmoid_U0/tmp_product_i_48/CO[3]
                         net (fo=1, unplaced)         0.000     6.528    bd_0_i/hls_inst/inst/sigmoid_U0/tmp_product_i_48_n_0
                         CARRY4 (Prop_carry4_CI_O[3])
                                                      0.331     6.859 r  bd_0_i/hls_inst/inst/sigmoid_U0/tmp_product_i_47/O[3]
                         net (fo=6, unplaced)         0.650     7.509    bd_0_i/hls_inst/inst/sigmoid_U0/mul_55s_24ns_79_2_1_U117/tmp_199_fu_260_p4[19]
                         LUT4 (Prop_lut4_I3_O)        0.307     7.816 r  bd_0_i/hls_inst/inst/sigmoid_U0/mul_55s_24ns_79_2_1_U117/tmp_product_i_15/O
                         net (fo=1, unplaced)         0.473     8.289    bd_0_i/hls_inst/inst/sigmoid_U0/mul_55s_24ns_79_2_1_U117/tmp_product_i_15_n_0
                         CARRY4 (Prop_carry4_DI[3]_CO[3])
                                                      0.396     8.685 r  bd_0_i/hls_inst/inst/sigmoid_U0/mul_55s_24ns_79_2_1_U117/tmp_product_i_3/CO[3]
                         net (fo=1, unplaced)         0.000     8.685    bd_0_i/hls_inst/inst/sigmoid_U0/mul_55s_24ns_79_2_1_U117/tmp_product_i_3_n_0
                         CARRY4 (Prop_carry4_CI_O[0])
                                                      0.232     8.917 r  bd_0_i/hls_inst/inst/sigmoid_U0/mul_55s_24ns_79_2_1_U117/tmp_product_i_2/O[0]
                         net (fo=1, unplaced)         0.800     9.717    bd_0_i/hls_inst/inst/sigmoid_U0/mul_55s_24ns_79_2_1_U117/p_0_in[44]
                         DSP48E1                                      r  bd_0_i/hls_inst/inst/sigmoid_U0/mul_55s_24ns_79_2_1_U117/tmp_product/B[16]
  -------------------------------------------------------------------    -------------------

                         (clock ap_clk rise edge)    12.500    12.500 r  
                                                      0.000    12.500 r  ap_clk (IN)
                         net (fo=30752, unset)        0.924    13.424    bd_0_i/hls_inst/inst/sigmoid_U0/mul_55s_24ns_79_2_1_U117/ap_clk
                         DSP48E1                                      r  bd_0_i/hls_inst/inst/sigmoid_U0/mul_55s_24ns_79_2_1_U117/tmp_product/CLK
                         clock pessimism              0.000    13.424    
                         clock uncertainty           -0.035    13.389    
                         DSP48E1 (Setup_dsp48e1_CLK_B[16])
                                                     -0.625    12.764    bd_0_i/hls_inst/inst/sigmoid_U0/mul_55s_24ns_79_2_1_U117/tmp_product
  -------------------------------------------------------------------
                         required time                         12.764    
                         arrival time                          -9.717    
  -------------------------------------------------------------------
                         slack                                  3.047    

Slack (MET) :             3.149ns  (required time - arrival time)
  Source:                 bd_0_i/hls_inst/inst/sigmoid_U0/tmp_198_reg_423_reg[0]/C
                            (rising edge-triggered cell FDRE clocked by ap_clk  {rise@0.000ns fall@6.250ns period=12.500ns})
  Destination:            bd_0_i/hls_inst/inst/sigmoid_U0/mul_55s_24ns_79_2_1_U117/tmp_product/B[13]
                            (rising edge-triggered cell DSP48E1 clocked by ap_clk  {rise@0.000ns fall@6.250ns period=12.500ns})
  Path Group:             ap_clk
  Path Type:              Setup (Max at Slow Process Corner)
  Requirement:            12.500ns  (ap_clk rise@12.500ns - ap_clk rise@0.000ns)
  Data Path Delay:        8.638ns  (logic 5.073ns (58.731%)  route 3.565ns (41.269%))
  Logic Levels:           18  (CARRY4=14 LUT4=2 LUT5=1 LUT6=1)
  Clock Path Skew:        -0.049ns (DCD - SCD + CPR)
    Destination Clock Delay (DCD):    0.924ns = ( 13.424 - 12.500 ) 
    Source Clock Delay      (SCD):    0.973ns
    Clock Pessimism Removal (CPR):    0.000ns
  Clock Uncertainty:      0.035ns  ((TSJ^2 + TIJ^2)^1/2 + DJ) / 2 + PE
    Total System Jitter     (TSJ):    0.071ns
    Total Input Jitter      (TIJ):    0.000ns
    Discrete Jitter          (DJ):    0.000ns
    Phase Error              (PE):    0.000ns

    Location             Delay type                Incr(ns)  Path(ns)    Netlist Resource(s)
  -------------------------------------------------------------------    -------------------
                         (clock ap_clk rise edge)     0.000     0.000 r  
                                                      0.000     0.000 r  ap_clk (IN)
                         net (fo=30752, unset)        0.973     0.973    bd_0_i/hls_inst/inst/sigmoid_U0/ap_clk
                         FDRE                                         r  bd_0_i/hls_inst/inst/sigmoid_U0/tmp_198_reg_423_reg[0]/C
  -------------------------------------------------------------------    -------------------
                         FDRE (Prop_fdre_C_Q)         0.518     1.491 r  bd_0_i/hls_inst/inst/sigmoid_U0/tmp_198_reg_423_reg[0]/Q
                         net (fo=174, unplaced)       0.854     2.345    bd_0_i/hls_inst/inst/sigmoid_U0/tmp_198_reg_423
                         LUT5 (Prop_lut5_I2_O)        0.319     2.664 r  bd_0_i/hls_inst/inst/sigmoid_U0/q0_reg_0_i_70/O
                         net (fo=1, unplaced)         0.000     2.664    bd_0_i/hls_inst/inst/sigmoid_U0/q0_reg_0_i_70_n_0
                         CARRY4 (Prop_carry4_DI[0]_CO[3])
                                                      0.576     3.240 r  bd_0_i/hls_inst/inst/sigmoid_U0/q0_reg_0_i_58/CO[3]
                         net (fo=1, unplaced)         0.009     3.249    bd_0_i/hls_inst/inst/sigmoid_U0/q0_reg_0_i_58_n_0
                         CARRY4 (Prop_carry4_CI_CO[3])
                                                      0.117     3.366 r  bd_0_i/hls_inst/inst/sigmoid_U0/q0_reg_0_i_49/CO[3]
                         net (fo=1, unplaced)         0.000     3.366    bd_0_i/hls_inst/inst/sigmoid_U0/q0_reg_0_i_49_n_0
                         CARRY4 (Prop_carry4_CI_CO[3])
                                                      0.117     3.483 r  bd_0_i/hls_inst/inst/sigmoid_U0/q0_reg_0_i_40/CO[3]
                         net (fo=1, unplaced)         0.000     3.483    bd_0_i/hls_inst/inst/sigmoid_U0/q0_reg_0_i_40_n_0
                         CARRY4 (Prop_carry4_CI_CO[3])
                                                      0.117     3.600 r  bd_0_i/hls_inst/inst/sigmoid_U0/q0_reg_0_i_31/CO[3]
                         net (fo=1, unplaced)         0.000     3.600    bd_0_i/hls_inst/inst/sigmoid_U0/q0_reg_0_i_31_n_0
                         CARRY4 (Prop_carry4_CI_CO[3])
                                                      0.117     3.717 r  bd_0_i/hls_inst/inst/sigmoid_U0/q0_reg_0_i_24/CO[3]
                         net (fo=1, unplaced)         0.000     3.717    bd_0_i/hls_inst/inst/sigmoid_U0/q0_reg_0_i_24_n_0
                         CARRY4 (Prop_carry4_CI_CO[2])
                                                      0.252     3.969 r  bd_0_i/hls_inst/inst/sigmoid_U0/q0_reg_0_i_21/CO[2]
                         net (fo=1, unplaced)         0.452     4.421    bd_0_i/hls_inst/inst/sigmoid_U0/sigmoid_slope_V_U/q0_reg_0_i_17_0[0]
                         LUT6 (Prop_lut6_I5_O)        0.310     4.731 r  bd_0_i/hls_inst/inst/sigmoid_U0/sigmoid_slope_V_U/q0_reg_0_i_18/O
                         net (fo=1, unplaced)         0.449     5.180    bd_0_i/hls_inst/inst/sigmoid_U0/sigmoid_slope_V_U/p_3_out
                         LUT4 (Prop_lut4_I3_O)        0.124     5.304 r  bd_0_i/hls_inst/inst/sigmoid_U0/sigmoid_slope_V_U/q0_reg_0_i_17/O
                         net (fo=1, unplaced)         0.000     5.304    bd_0_i/hls_inst/inst/sigmoid_U0/sigmoid_slope_V_U/q0_reg_0_i_17_n_0
                         CARRY4 (Prop_carry4_S[0]_CO[3])
                                                      0.513     5.817 r  bd_0_i/hls_inst/inst/sigmoid_U0/sigmoid_slope_V_U/q0_reg_0_i_4/CO[3]
                         net (fo=1, unplaced)         0.009     5.826    bd_0_i/hls_inst/inst/sigmoid_U0/sigmoid_slope_V_U/q0_reg_0_i_4_n_0
                         CARRY4 (Prop_carry4_CI_CO[3])
                                                      0.117     5.943 r  bd_0_i/hls_inst/inst/sigmoid_U0/sigmoid_slope_V_U/q0_reg_0_i_3/CO[3]
                         net (fo=1, unplaced)         0.000     5.943    bd_0_i/hls_inst/inst/sigmoid_U0/sigmoid_slope_V_U/q0_reg_0_i_3_n_0
                         CARRY4 (Prop_carry4_CI_O[3])
                                                      0.331     6.274 f  bd_0_i/hls_inst/inst/sigmoid_U0/sigmoid_slope_V_U/q0_reg_0_i_2/O[3]
                         net (fo=9, unplaced)         0.659     6.933    bd_0_i/hls_inst/inst/sigmoid_U0/mul_55s_24ns_79_2_1_U117/dout_reg_1[3]
                         LUT4 (Prop_lut4_I3_O)        0.307     7.240 r  bd_0_i/hls_inst/inst/sigmoid_U0/mul_55s_24ns_79_2_1_U117/dout_reg_i_9/O
                         net (fo=1, unplaced)         0.333     7.573    bd_0_i/hls_inst/inst/sigmoid_U0/mul_55s_24ns_79_2_1_U117/dout_reg_i_9_n_0
                         CARRY4 (Prop_carry4_DI[0]_CO[3])
                                                      0.550     8.123 r  bd_0_i/hls_inst/inst/sigmoid_U0/mul_55s_24ns_79_2_1_U117/dout_reg_i_1/CO[3]
                         net (fo=1, unplaced)         0.000     8.123    bd_0_i/hls_inst/inst/sigmoid_U0/mul_55s_24ns_79_2_1_U117/dout_reg_i_1_n_0
                         CARRY4 (Prop_carry4_CI_CO[3])
                                                      0.117     8.240 r  bd_0_i/hls_inst/inst/sigmoid_U0/mul_55s_24ns_79_2_1_U117/tmp_product_i_6/CO[3]
                         net (fo=1, unplaced)         0.000     8.240    bd_0_i/hls_inst/inst/sigmoid_U0/mul_55s_24ns_79_2_1_U117/tmp_product_i_6_n_0
                         CARRY4 (Prop_carry4_CI_CO[3])
                                                      0.117     8.357 r  bd_0_i/hls_inst/inst/sigmoid_U0/mul_55s_24ns_79_2_1_U117/tmp_product_i_5/CO[3]
                         net (fo=1, unplaced)         0.000     8.357    bd_0_i/hls_inst/inst/sigmoid_U0/mul_55s_24ns_79_2_1_U117/tmp_product_i_5_n_0
                         CARRY4 (Prop_carry4_CI_CO[3])
                                                      0.117     8.474 r  bd_0_i/hls_inst/inst/sigmoid_U0/mul_55s_24ns_79_2_1_U117/tmp_product_i_4/CO[3]
                         net (fo=1, unplaced)         0.000     8.474    bd_0_i/hls_inst/inst/sigmoid_U0/mul_55s_24ns_79_2_1_U117/tmp_product_i_4_n_0
                         CARRY4 (Prop_carry4_CI_O[1])
                                                      0.337     8.811 r  bd_0_i/hls_inst/inst/sigmoid_U0/mul_55s_24ns_79_2_1_U117/tmp_product_i_3/O[1]
                         net (fo=1, unplaced)         0.800     9.611    bd_0_i/hls_inst/inst/sigmoid_U0/mul_55s_24ns_79_2_1_U117/p_0_in[41]
                         DSP48E1                                      r  bd_0_i/hls_inst/inst/sigmoid_U0/mul_55s_24ns_79_2_1_U117/tmp_product/B[13]
  -------------------------------------------------------------------    -------------------

                         (clock ap_clk rise edge)    12.500    12.500 r  
                                                      0.000    12.500 r  ap_clk (IN)
                         net (fo=30752, unset)        0.924    13.424    bd_0_i/hls_inst/inst/sigmoid_U0/mul_55s_24ns_79_2_1_U117/ap_clk
                         DSP48E1                                      r  bd_0_i/hls_inst/inst/sigmoid_U0/mul_55s_24ns_79_2_1_U117/tmp_product/CLK
                         clock pessimism              0.000    13.424    
                         clock uncertainty           -0.035    13.389    
                         DSP48E1 (Setup_dsp48e1_CLK_B[13])
                                                     -0.629    12.760    bd_0_i/hls_inst/inst/sigmoid_U0/mul_55s_24ns_79_2_1_U117/tmp_product
  -------------------------------------------------------------------
                         required time                         12.760    
                         arrival time                          -9.611    
  -------------------------------------------------------------------
                         slack                                  3.149    

Slack (MET) :             3.152ns  (required time - arrival time)
  Source:                 bd_0_i/hls_inst/inst/sigmoid_U0/tmp_198_reg_423_reg[0]/C
                            (rising edge-triggered cell FDRE clocked by ap_clk  {rise@0.000ns fall@6.250ns period=12.500ns})
  Destination:            bd_0_i/hls_inst/inst/sigmoid_U0/mul_55s_24ns_79_2_1_U117/tmp_product/B[15]
                            (rising edge-triggered cell DSP48E1 clocked by ap_clk  {rise@0.000ns fall@6.250ns period=12.500ns})
  Path Group:             ap_clk
  Path Type:              Setup (Max at Slow Process Corner)
  Requirement:            12.500ns  (ap_clk rise@12.500ns - ap_clk rise@0.000ns)
  Data Path Delay:        8.632ns  (logic 5.067ns (58.702%)  route 3.565ns (41.298%))
  Logic Levels:           18  (CARRY4=14 LUT4=2 LUT5=1 LUT6=1)
  Clock Path Skew:        -0.049ns (DCD - SCD + CPR)
    Destination Clock Delay (DCD):    0.924ns = ( 13.424 - 12.500 ) 
    Source Clock Delay      (SCD):    0.973ns
    Clock Pessimism Removal (CPR):    0.000ns
  Clock Uncertainty:      0.035ns  ((TSJ^2 + TIJ^2)^1/2 + DJ) / 2 + PE
    Total System Jitter     (TSJ):    0.071ns
    Total Input Jitter      (TIJ):    0.000ns
    Discrete Jitter          (DJ):    0.000ns
    Phase Error              (PE):    0.000ns

    Location             Delay type                Incr(ns)  Path(ns)    Netlist Resource(s)
  -------------------------------------------------------------------    -------------------
                         (clock ap_clk rise edge)     0.000     0.000 r  
                                                      0.000     0.000 r  ap_clk (IN)
                         net (fo=30752, unset)        0.973     0.973    bd_0_i/hls_inst/inst/sigmoid_U0/ap_clk
                         FDRE                                         r  bd_0_i/hls_inst/inst/sigmoid_U0/tmp_198_reg_423_reg[0]/C
  -------------------------------------------------------------------    -------------------
                         FDRE (Prop_fdre_C_Q)         0.518     1.491 r  bd_0_i/hls_inst/inst/sigmoid_U0/tmp_198_reg_423_reg[0]/Q
                         net (fo=174, unplaced)       0.854     2.345    bd_0_i/hls_inst/inst/sigmoid_U0/tmp_198_reg_423
                         LUT5 (Prop_lut5_I2_O)        0.319     2.664 r  bd_0_i/hls_inst/inst/sigmoid_U0/q0_reg_0_i_70/O
                         net (fo=1, unplaced)         0.000     2.664    bd_0_i/hls_inst/inst/sigmoid_U0/q0_reg_0_i_70_n_0
                         CARRY4 (Prop_carry4_DI[0]_CO[3])
                                                      0.576     3.240 r  bd_0_i/hls_inst/inst/sigmoid_U0/q0_reg_0_i_58/CO[3]
                         net (fo=1, unplaced)         0.009     3.249    bd_0_i/hls_inst/inst/sigmoid_U0/q0_reg_0_i_58_n_0
                         CARRY4 (Prop_carry4_CI_CO[3])
                                                      0.117     3.366 r  bd_0_i/hls_inst/inst/sigmoid_U0/q0_reg_0_i_49/CO[3]
                         net (fo=1, unplaced)         0.000     3.366    bd_0_i/hls_inst/inst/sigmoid_U0/q0_reg_0_i_49_n_0
                         CARRY4 (Prop_carry4_CI_CO[3])
                                                      0.117     3.483 r  bd_0_i/hls_inst/inst/sigmoid_U0/q0_reg_0_i_40/CO[3]
                         net (fo=1, unplaced)         0.000     3.483    bd_0_i/hls_inst/inst/sigmoid_U0/q0_reg_0_i_40_n_0
                         CARRY4 (Prop_carry4_CI_CO[3])
                                                      0.117     3.600 r  bd_0_i/hls_inst/inst/sigmoid_U0/q0_reg_0_i_31/CO[3]
                         net (fo=1, unplaced)         0.000     3.600    bd_0_i/hls_inst/inst/sigmoid_U0/q0_reg_0_i_31_n_0
                         CARRY4 (Prop_carry4_CI_CO[3])
                                                      0.117     3.717 r  bd_0_i/hls_inst/inst/sigmoid_U0/q0_reg_0_i_24/CO[3]
                         net (fo=1, unplaced)         0.000     3.717    bd_0_i/hls_inst/inst/sigmoid_U0/q0_reg_0_i_24_n_0
                         CARRY4 (Prop_carry4_CI_CO[2])
                                                      0.252     3.969 r  bd_0_i/hls_inst/inst/sigmoid_U0/q0_reg_0_i_21/CO[2]
                         net (fo=1, unplaced)         0.452     4.421    bd_0_i/hls_inst/inst/sigmoid_U0/sigmoid_slope_V_U/q0_reg_0_i_17_0[0]
                         LUT6 (Prop_lut6_I5_O)        0.310     4.731 r  bd_0_i/hls_inst/inst/sigmoid_U0/sigmoid_slope_V_U/q0_reg_0_i_18/O
                         net (fo=1, unplaced)         0.449     5.180    bd_0_i/hls_inst/inst/sigmoid_U0/sigmoid_slope_V_U/p_3_out
                         LUT4 (Prop_lut4_I3_O)        0.124     5.304 r  bd_0_i/hls_inst/inst/sigmoid_U0/sigmoid_slope_V_U/q0_reg_0_i_17/O
                         net (fo=1, unplaced)         0.000     5.304    bd_0_i/hls_inst/inst/sigmoid_U0/sigmoid_slope_V_U/q0_reg_0_i_17_n_0
                         CARRY4 (Prop_carry4_S[0]_CO[3])
                                                      0.513     5.817 r  bd_0_i/hls_inst/inst/sigmoid_U0/sigmoid_slope_V_U/q0_reg_0_i_4/CO[3]
                         net (fo=1, unplaced)         0.009     5.826    bd_0_i/hls_inst/inst/sigmoid_U0/sigmoid_slope_V_U/q0_reg_0_i_4_n_0
                         CARRY4 (Prop_carry4_CI_CO[3])
                                                      0.117     5.943 r  bd_0_i/hls_inst/inst/sigmoid_U0/sigmoid_slope_V_U/q0_reg_0_i_3/CO[3]
                         net (fo=1, unplaced)         0.000     5.943    bd_0_i/hls_inst/inst/sigmoid_U0/sigmoid_slope_V_U/q0_reg_0_i_3_n_0
                         CARRY4 (Prop_carry4_CI_O[3])
                                                      0.331     6.274 f  bd_0_i/hls_inst/inst/sigmoid_U0/sigmoid_slope_V_U/q0_reg_0_i_2/O[3]
                         net (fo=9, unplaced)         0.659     6.933    bd_0_i/hls_inst/inst/sigmoid_U0/mul_55s_24ns_79_2_1_U117/dout_reg_1[3]
                         LUT4 (Prop_lut4_I3_O)        0.307     7.240 r  bd_0_i/hls_inst/inst/sigmoid_U0/mul_55s_24ns_79_2_1_U117/dout_reg_i_9/O
                         net (fo=1, unplaced)         0.333     7.573    bd_0_i/hls_inst/inst/sigmoid_U0/mul_55s_24ns_79_2_1_U117/dout_reg_i_9_n_0
                         CARRY4 (Prop_carry4_DI[0]_CO[3])
                                                      0.550     8.123 r  bd_0_i/hls_inst/inst/sigmoid_U0/mul_55s_24ns_79_2_1_U117/dout_reg_i_1/CO[3]
                         net (fo=1, unplaced)         0.000     8.123    bd_0_i/hls_inst/inst/sigmoid_U0/mul_55s_24ns_79_2_1_U117/dout_reg_i_1_n_0
                         CARRY4 (Prop_carry4_CI_CO[3])
                                                      0.117     8.240 r  bd_0_i/hls_inst/inst/sigmoid_U0/mul_55s_24ns_79_2_1_U117/tmp_product_i_6/CO[3]
                         net (fo=1, unplaced)         0.000     8.240    bd_0_i/hls_inst/inst/sigmoid_U0/mul_55s_24ns_79_2_1_U117/tmp_product_i_6_n_0
                         CARRY4 (Prop_carry4_CI_CO[3])
                                                      0.117     8.357 r  bd_0_i/hls_inst/inst/sigmoid_U0/mul_55s_24ns_79_2_1_U117/tmp_product_i_5/CO[3]
                         net (fo=1, unplaced)         0.000     8.357    bd_0_i/hls_inst/inst/sigmoid_U0/mul_55s_24ns_79_2_1_U117/tmp_product_i_5_n_0
                         CARRY4 (Prop_carry4_CI_CO[3])
                                                      0.117     8.474 r  bd_0_i/hls_inst/inst/sigmoid_U0/mul_55s_24ns_79_2_1_U117/tmp_product_i_4/CO[3]
                         net (fo=1, unplaced)         0.000     8.474    bd_0_i/hls_inst/inst/sigmoid_U0/mul_55s_24ns_79_2_1_U117/tmp_product_i_4_n_0
                         CARRY4 (Prop_carry4_CI_O[3])
                                                      0.331     8.805 r  bd_0_i/hls_inst/inst/sigmoid_U0/mul_55s_24ns_79_2_1_U117/tmp_product_i_3/O[3]
                         net (fo=1, unplaced)         0.800     9.605    bd_0_i/hls_inst/inst/sigmoid_U0/mul_55s_24ns_79_2_1_U117/p_0_in[43]
                         DSP48E1                                      r  bd_0_i/hls_inst/inst/sigmoid_U0/mul_55s_24ns_79_2_1_U117/tmp_product/B[15]
  -------------------------------------------------------------------    -------------------

                         (clock ap_clk rise edge)    12.500    12.500 r  
                                                      0.000    12.500 r  ap_clk (IN)
                         net (fo=30752, unset)        0.924    13.424    bd_0_i/hls_inst/inst/sigmoid_U0/mul_55s_24ns_79_2_1_U117/ap_clk
                         DSP48E1                                      r  bd_0_i/hls_inst/inst/sigmoid_U0/mul_55s_24ns_79_2_1_U117/tmp_product/CLK
                         clock pessimism              0.000    13.424    
                         clock uncertainty           -0.035    13.389    
                         DSP48E1 (Setup_dsp48e1_CLK_B[15])
                                                     -0.632    12.757    bd_0_i/hls_inst/inst/sigmoid_U0/mul_55s_24ns_79_2_1_U117/tmp_product
  -------------------------------------------------------------------
                         required time                         12.757    
                         arrival time                          -9.605    
  -------------------------------------------------------------------
                         slack                                  3.152    

Slack (MET) :             3.231ns  (required time - arrival time)
  Source:                 bd_0_i/hls_inst/inst/sigmoid_U0/tmp_198_reg_423_reg[0]/C
                            (rising edge-triggered cell FDRE clocked by ap_clk  {rise@0.000ns fall@6.250ns period=12.500ns})
  Destination:            bd_0_i/hls_inst/inst/sigmoid_U0/mul_55s_24ns_79_2_1_U117/tmp_product/B[14]
                            (rising edge-triggered cell DSP48E1 clocked by ap_clk  {rise@0.000ns fall@6.250ns period=12.500ns})
  Path Group:             ap_clk
  Path Type:              Setup (Max at Slow Process Corner)
  Requirement:            12.500ns  (ap_clk rise@12.500ns - ap_clk rise@0.000ns)
  Data Path Delay:        8.557ns  (logic 4.992ns (58.340%)  route 3.565ns (41.660%))
  Logic Levels:           18  (CARRY4=14 LUT4=2 LUT5=1 LUT6=1)
  Clock Path Skew:        -0.049ns (DCD - SCD + CPR)
    Destination Clock Delay (DCD):    0.924ns = ( 13.424 - 12.500 ) 
    Source Clock Delay      (SCD):    0.973ns
    Clock Pessimism Removal (CPR):    0.000ns
  Clock Uncertainty:      0.035ns  ((TSJ^2 + TIJ^2)^1/2 + DJ) / 2 + PE
    Total System Jitter     (TSJ):    0.071ns
    Total Input Jitter      (TIJ):    0.000ns
    Discrete Jitter          (DJ):    0.000ns
    Phase Error              (PE):    0.000ns

    Location             Delay type                Incr(ns)  Path(ns)    Netlist Resource(s)
  -------------------------------------------------------------------    -------------------
                         (clock ap_clk rise edge)     0.000     0.000 r  
                                                      0.000     0.000 r  ap_clk (IN)
                         net (fo=30752, unset)        0.973     0.973    bd_0_i/hls_inst/inst/sigmoid_U0/ap_clk
                         FDRE                                         r  bd_0_i/hls_inst/inst/sigmoid_U0/tmp_198_reg_423_reg[0]/C
  -------------------------------------------------------------------    -------------------
                         FDRE (Prop_fdre_C_Q)         0.518     1.491 r  bd_0_i/hls_inst/inst/sigmoid_U0/tmp_198_reg_423_reg[0]/Q
                         net (fo=174, unplaced)       0.854     2.345    bd_0_i/hls_inst/inst/sigmoid_U0/tmp_198_reg_423
                         LUT5 (Prop_lut5_I2_O)        0.319     2.664 r  bd_0_i/hls_inst/inst/sigmoid_U0/q0_reg_0_i_70/O
                         net (fo=1, unplaced)         0.000     2.664    bd_0_i/hls_inst/inst/sigmoid_U0/q0_reg_0_i_70_n_0
                         CARRY4 (Prop_carry4_DI[0]_CO[3])
                                                      0.576     3.240 r  bd_0_i/hls_inst/inst/sigmoid_U0/q0_reg_0_i_58/CO[3]
                         net (fo=1, unplaced)         0.009     3.249    bd_0_i/hls_inst/inst/sigmoid_U0/q0_reg_0_i_58_n_0
                         CARRY4 (Prop_carry4_CI_CO[3])
                                                      0.117     3.366 r  bd_0_i/hls_inst/inst/sigmoid_U0/q0_reg_0_i_49/CO[3]
                         net (fo=1, unplaced)         0.000     3.366    bd_0_i/hls_inst/inst/sigmoid_U0/q0_reg_0_i_49_n_0
                         CARRY4 (Prop_carry4_CI_CO[3])
                                                      0.117     3.483 r  bd_0_i/hls_inst/inst/sigmoid_U0/q0_reg_0_i_40/CO[3]
                         net (fo=1, unplaced)         0.000     3.483    bd_0_i/hls_inst/inst/sigmoid_U0/q0_reg_0_i_40_n_0
                         CARRY4 (Prop_carry4_CI_CO[3])
                                                      0.117     3.600 r  bd_0_i/hls_inst/inst/sigmoid_U0/q0_reg_0_i_31/CO[3]
                         net (fo=1, unplaced)         0.000     3.600    bd_0_i/hls_inst/inst/sigmoid_U0/q0_reg_0_i_31_n_0
                         CARRY4 (Prop_carry4_CI_CO[3])
                                                      0.117     3.717 r  bd_0_i/hls_inst/inst/sigmoid_U0/q0_reg_0_i_24/CO[3]
                         net (fo=1, unplaced)         0.000     3.717    bd_0_i/hls_inst/inst/sigmoid_U0/q0_reg_0_i_24_n_0
                         CARRY4 (Prop_carry4_CI_CO[2])
                                                      0.252     3.969 r  bd_0_i/hls_inst/inst/sigmoid_U0/q0_reg_0_i_21/CO[2]
                         net (fo=1, unplaced)         0.452     4.421    bd_0_i/hls_inst/inst/sigmoid_U0/sigmoid_slope_V_U/q0_reg_0_i_17_0[0]
                         LUT6 (Prop_lut6_I5_O)        0.310     4.731 r  bd_0_i/hls_inst/inst/sigmoid_U0/sigmoid_slope_V_U/q0_reg_0_i_18/O
                         net (fo=1, unplaced)         0.449     5.180    bd_0_i/hls_inst/inst/sigmoid_U0/sigmoid_slope_V_U/p_3_out
                         LUT4 (Prop_lut4_I3_O)        0.124     5.304 r  bd_0_i/hls_inst/inst/sigmoid_U0/sigmoid_slope_V_U/q0_reg_0_i_17/O
                         net (fo=1, unplaced)         0.000     5.304    bd_0_i/hls_inst/inst/sigmoid_U0/sigmoid_slope_V_U/q0_reg_0_i_17_n_0
                         CARRY4 (Prop_carry4_S[0]_CO[3])
                                                      0.513     5.817 r  bd_0_i/hls_inst/inst/sigmoid_U0/sigmoid_slope_V_U/q0_reg_0_i_4/CO[3]
                         net (fo=1, unplaced)         0.009     5.826    bd_0_i/hls_inst/inst/sigmoid_U0/sigmoid_slope_V_U/q0_reg_0_i_4_n_0
                         CARRY4 (Prop_carry4_CI_CO[3])
                                                      0.117     5.943 r  bd_0_i/hls_inst/inst/sigmoid_U0/sigmoid_slope_V_U/q0_reg_0_i_3/CO[3]
                         net (fo=1, unplaced)         0.000     5.943    bd_0_i/hls_inst/inst/sigmoid_U0/sigmoid_slope_V_U/q0_reg_0_i_3_n_0
                         CARRY4 (Prop_carry4_CI_O[3])
                                                      0.331     6.274 f  bd_0_i/hls_inst/inst/sigmoid_U0/sigmoid_slope_V_U/q0_reg_0_i_2/O[3]
                         net (fo=9, unplaced)         0.659     6.933    bd_0_i/hls_inst/inst/sigmoid_U0/mul_55s_24ns_79_2_1_U117/dout_reg_1[3]
                         LUT4 (Prop_lut4_I3_O)        0.307     7.240 r  bd_0_i/hls_inst/inst/sigmoid_U0/mul_55s_24ns_79_2_1_U117/dout_reg_i_9/O
                         net (fo=1, unplaced)         0.333     7.573    bd_0_i/hls_inst/inst/sigmoid_U0/mul_55s_24ns_79_2_1_U117/dout_reg_i_9_n_0
                         CARRY4 (Prop_carry4_DI[0]_CO[3])
                                                      0.550     8.123 r  bd_0_i/hls_inst/inst/sigmoid_U0/mul_55s_24ns_79_2_1_U117/dout_reg_i_1/CO[3]
                         net (fo=1, unplaced)         0.000     8.123    bd_0_i/hls_inst/inst/sigmoid_U0/mul_55s_24ns_79_2_1_U117/dout_reg_i_1_n_0
                         CARRY4 (Prop_carry4_CI_CO[3])
                                                      0.117     8.240 r  bd_0_i/hls_inst/inst/sigmoid_U0/mul_55s_24ns_79_2_1_U117/tmp_product_i_6/CO[3]
                         net (fo=1, unplaced)         0.000     8.240    bd_0_i/hls_inst/inst/sigmoid_U0/mul_55s_24ns_79_2_1_U117/tmp_product_i_6_n_0
                         CARRY4 (Prop_carry4_CI_CO[3])
                                                      0.117     8.357 r  bd_0_i/hls_inst/inst/sigmoid_U0/mul_55s_24ns_79_2_1_U117/tmp_product_i_5/CO[3]
                         net (fo=1, unplaced)         0.000     8.357    bd_0_i/hls_inst/inst/sigmoid_U0/mul_55s_24ns_79_2_1_U117/tmp_product_i_5_n_0
                         CARRY4 (Prop_carry4_CI_CO[3])
                                                      0.117     8.474 r  bd_0_i/hls_inst/inst/sigmoid_U0/mul_55s_24ns_79_2_1_U117/tmp_product_i_4/CO[3]
                         net (fo=1, unplaced)         0.000     8.474    bd_0_i/hls_inst/inst/sigmoid_U0/mul_55s_24ns_79_2_1_U117/tmp_product_i_4_n_0
                         CARRY4 (Prop_carry4_CI_O[2])
                                                      0.256     8.730 r  bd_0_i/hls_inst/inst/sigmoid_U0/mul_55s_24ns_79_2_1_U117/tmp_product_i_3/O[2]
                         net (fo=1, unplaced)         0.800     9.530    bd_0_i/hls_inst/inst/sigmoid_U0/mul_55s_24ns_79_2_1_U117/p_0_in[42]
                         DSP48E1                                      r  bd_0_i/hls_inst/inst/sigmoid_U0/mul_55s_24ns_79_2_1_U117/tmp_product/B[14]
  -------------------------------------------------------------------    -------------------

                         (clock ap_clk rise edge)    12.500    12.500 r  
                                                      0.000    12.500 r  ap_clk (IN)
                         net (fo=30752, unset)        0.924    13.424    bd_0_i/hls_inst/inst/sigmoid_U0/mul_55s_24ns_79_2_1_U117/ap_clk
                         DSP48E1                                      r  bd_0_i/hls_inst/inst/sigmoid_U0/mul_55s_24ns_79_2_1_U117/tmp_product/CLK
                         clock pessimism              0.000    13.424    
                         clock uncertainty           -0.035    13.389    
                         DSP48E1 (Setup_dsp48e1_CLK_B[14])
                                                     -0.628    12.761    bd_0_i/hls_inst/inst/sigmoid_U0/mul_55s_24ns_79_2_1_U117/tmp_product
  -------------------------------------------------------------------
                         required time                         12.761    
                         arrival time                          -9.530    
  -------------------------------------------------------------------
                         slack                                  3.231    

Slack (MET) :             3.258ns  (required time - arrival time)
  Source:                 bd_0_i/hls_inst/inst/sigmoid_U0/tmp_198_reg_423_reg[0]/C
                            (rising edge-triggered cell FDRE clocked by ap_clk  {rise@0.000ns fall@6.250ns period=12.500ns})
  Destination:            bd_0_i/hls_inst/inst/sigmoid_U0/mul_55s_24ns_79_2_1_U117/tmp_product/B[12]
                            (rising edge-triggered cell DSP48E1 clocked by ap_clk  {rise@0.000ns fall@6.250ns period=12.500ns})
  Path Group:             ap_clk
  Path Type:              Setup (Max at Slow Process Corner)
  Requirement:            12.500ns  (ap_clk rise@12.500ns - ap_clk rise@0.000ns)
  Data Path Delay:        8.533ns  (logic 4.968ns (58.223%)  route 3.565ns (41.777%))
  Logic Levels:           18  (CARRY4=14 LUT4=2 LUT5=1 LUT6=1)
  Clock Path Skew:        -0.049ns (DCD - SCD + CPR)
    Destination Clock Delay (DCD):    0.924ns = ( 13.424 - 12.500 ) 
    Source Clock Delay      (SCD):    0.973ns
    Clock Pessimism Removal (CPR):    0.000ns
  Clock Uncertainty:      0.035ns  ((TSJ^2 + TIJ^2)^1/2 + DJ) / 2 + PE
    Total System Jitter     (TSJ):    0.071ns
    Total Input Jitter      (TIJ):    0.000ns
    Discrete Jitter          (DJ):    0.000ns
    Phase Error              (PE):    0.000ns

    Location             Delay type                Incr(ns)  Path(ns)    Netlist Resource(s)
  -------------------------------------------------------------------    -------------------
                         (clock ap_clk rise edge)     0.000     0.000 r  
                                                      0.000     0.000 r  ap_clk (IN)
                         net (fo=30752, unset)        0.973     0.973    bd_0_i/hls_inst/inst/sigmoid_U0/ap_clk
                         FDRE                                         r  bd_0_i/hls_inst/inst/sigmoid_U0/tmp_198_reg_423_reg[0]/C
  -------------------------------------------------------------------    -------------------
                         FDRE (Prop_fdre_C_Q)         0.518     1.491 r  bd_0_i/hls_inst/inst/sigmoid_U0/tmp_198_reg_423_reg[0]/Q
                         net (fo=174, unplaced)       0.854     2.345    bd_0_i/hls_inst/inst/sigmoid_U0/tmp_198_reg_423
                         LUT5 (Prop_lut5_I2_O)        0.319     2.664 r  bd_0_i/hls_inst/inst/sigmoid_U0/q0_reg_0_i_70/O
                         net (fo=1, unplaced)         0.000     2.664    bd_0_i/hls_inst/inst/sigmoid_U0/q0_reg_0_i_70_n_0
                         CARRY4 (Prop_carry4_DI[0]_CO[3])
                                                      0.576     3.240 r  bd_0_i/hls_inst/inst/sigmoid_U0/q0_reg_0_i_58/CO[3]
                         net (fo=1, unplaced)         0.009     3.249    bd_0_i/hls_inst/inst/sigmoid_U0/q0_reg_0_i_58_n_0
                         CARRY4 (Prop_carry4_CI_CO[3])
                                                      0.117     3.366 r  bd_0_i/hls_inst/inst/sigmoid_U0/q0_reg_0_i_49/CO[3]
                         net (fo=1, unplaced)         0.000     3.366    bd_0_i/hls_inst/inst/sigmoid_U0/q0_reg_0_i_49_n_0
                         CARRY4 (Prop_carry4_CI_CO[3])
                                                      0.117     3.483 r  bd_0_i/hls_inst/inst/sigmoid_U0/q0_reg_0_i_40/CO[3]
                         net (fo=1, unplaced)         0.000     3.483    bd_0_i/hls_inst/inst/sigmoid_U0/q0_reg_0_i_40_n_0
                         CARRY4 (Prop_carry4_CI_CO[3])
                                                      0.117     3.600 r  bd_0_i/hls_inst/inst/sigmoid_U0/q0_reg_0_i_31/CO[3]
                         net (fo=1, unplaced)         0.000     3.600    bd_0_i/hls_inst/inst/sigmoid_U0/q0_reg_0_i_31_n_0
                         CARRY4 (Prop_carry4_CI_CO[3])
                                                      0.117     3.717 r  bd_0_i/hls_inst/inst/sigmoid_U0/q0_reg_0_i_24/CO[3]
                         net (fo=1, unplaced)         0.000     3.717    bd_0_i/hls_inst/inst/sigmoid_U0/q0_reg_0_i_24_n_0
                         CARRY4 (Prop_carry4_CI_CO[2])
                                                      0.252     3.969 r  bd_0_i/hls_inst/inst/sigmoid_U0/q0_reg_0_i_21/CO[2]
                         net (fo=1, unplaced)         0.452     4.421    bd_0_i/hls_inst/inst/sigmoid_U0/sigmoid_slope_V_U/q0_reg_0_i_17_0[0]
                         LUT6 (Prop_lut6_I5_O)        0.310     4.731 r  bd_0_i/hls_inst/inst/sigmoid_U0/sigmoid_slope_V_U/q0_reg_0_i_18/O
                         net (fo=1, unplaced)         0.449     5.180    bd_0_i/hls_inst/inst/sigmoid_U0/sigmoid_slope_V_U/p_3_out
                         LUT4 (Prop_lut4_I3_O)        0.124     5.304 r  bd_0_i/hls_inst/inst/sigmoid_U0/sigmoid_slope_V_U/q0_reg_0_i_17/O
                         net (fo=1, unplaced)         0.000     5.304    bd_0_i/hls_inst/inst/sigmoid_U0/sigmoid_slope_V_U/q0_reg_0_i_17_n_0
                         CARRY4 (Prop_carry4_S[0]_CO[3])
                                                      0.513     5.817 r  bd_0_i/hls_inst/inst/sigmoid_U0/sigmoid_slope_V_U/q0_reg_0_i_4/CO[3]
                         net (fo=1, unplaced)         0.009     5.826    bd_0_i/hls_inst/inst/sigmoid_U0/sigmoid_slope_V_U/q0_reg_0_i_4_n_0
                         CARRY4 (Prop_carry4_CI_CO[3])
                                                      0.117     5.943 r  bd_0_i/hls_inst/inst/sigmoid_U0/sigmoid_slope_V_U/q0_reg_0_i_3/CO[3]
                         net (fo=1, unplaced)         0.000     5.943    bd_0_i/hls_inst/inst/sigmoid_U0/sigmoid_slope_V_U/q0_reg_0_i_3_n_0
                         CARRY4 (Prop_carry4_CI_O[3])
                                                      0.331     6.274 f  bd_0_i/hls_inst/inst/sigmoid_U0/sigmoid_slope_V_U/q0_reg_0_i_2/O[3]
                         net (fo=9, unplaced)         0.659     6.933    bd_0_i/hls_inst/inst/sigmoid_U0/mul_55s_24ns_79_2_1_U117/dout_reg_1[3]
                         LUT4 (Prop_lut4_I3_O)        0.307     7.240 r  bd_0_i/hls_inst/inst/sigmoid_U0/mul_55s_24ns_79_2_1_U117/dout_reg_i_9/O
                         net (fo=1, unplaced)         0.333     7.573    bd_0_i/hls_inst/inst/sigmoid_U0/mul_55s_24ns_79_2_1_U117/dout_reg_i_9_n_0
                         CARRY4 (Prop_carry4_DI[0]_CO[3])
                                                      0.550     8.123 r  bd_0_i/hls_inst/inst/sigmoid_U0/mul_55s_24ns_79_2_1_U117/dout_reg_i_1/CO[3]
                         net (fo=1, unplaced)         0.000     8.123    bd_0_i/hls_inst/inst/sigmoid_U0/mul_55s_24ns_79_2_1_U117/dout_reg_i_1_n_0
                         CARRY4 (Prop_carry4_CI_CO[3])
                                                      0.117     8.240 r  bd_0_i/hls_inst/inst/sigmoid_U0/mul_55s_24ns_79_2_1_U117/tmp_product_i_6/CO[3]
                         net (fo=1, unplaced)         0.000     8.240    bd_0_i/hls_inst/inst/sigmoid_U0/mul_55s_24ns_79_2_1_U117/tmp_product_i_6_n_0
                         CARRY4 (Prop_carry4_CI_CO[3])
                                                      0.117     8.357 r  bd_0_i/hls_inst/inst/sigmoid_U0/mul_55s_24ns_79_2_1_U117/tmp_product_i_5/CO[3]
                         net (fo=1, unplaced)         0.000     8.357    bd_0_i/hls_inst/inst/sigmoid_U0/mul_55s_24ns_79_2_1_U117/tmp_product_i_5_n_0
                         CARRY4 (Prop_carry4_CI_CO[3])
                                                      0.117     8.474 r  bd_0_i/hls_inst/inst/sigmoid_U0/mul_55s_24ns_79_2_1_U117/tmp_product_i_4/CO[3]
                         net (fo=1, unplaced)         0.000     8.474    bd_0_i/hls_inst/inst/sigmoid_U0/mul_55s_24ns_79_2_1_U117/tmp_product_i_4_n_0
                         CARRY4 (Prop_carry4_CI_O[0])
                                                      0.232     8.706 r  bd_0_i/hls_inst/inst/sigmoid_U0/mul_55s_24ns_79_2_1_U117/tmp_product_i_3/O[0]
                         net (fo=1, unplaced)         0.800     9.506    bd_0_i/hls_inst/inst/sigmoid_U0/mul_55s_24ns_79_2_1_U117/p_0_in[40]
                         DSP48E1                                      r  bd_0_i/hls_inst/inst/sigmoid_U0/mul_55s_24ns_79_2_1_U117/tmp_product/B[12]
  -------------------------------------------------------------------    -------------------

                         (clock ap_clk rise edge)    12.500    12.500 r  
                                                      0.000    12.500 r  ap_clk (IN)
                         net (fo=30752, unset)        0.924    13.424    bd_0_i/hls_inst/inst/sigmoid_U0/mul_55s_24ns_79_2_1_U117/ap_clk
                         DSP48E1                                      r  bd_0_i/hls_inst/inst/sigmoid_U0/mul_55s_24ns_79_2_1_U117/tmp_product/CLK
                         clock pessimism              0.000    13.424    
                         clock uncertainty           -0.035    13.389    
                         DSP48E1 (Setup_dsp48e1_CLK_B[12])
                                                     -0.625    12.764    bd_0_i/hls_inst/inst/sigmoid_U0/mul_55s_24ns_79_2_1_U117/tmp_product
  -------------------------------------------------------------------
                         required time                         12.764    
                         arrival time                          -9.506    
  -------------------------------------------------------------------
                         slack                                  3.258    

Slack (MET) :             3.266ns  (required time - arrival time)
  Source:                 bd_0_i/hls_inst/inst/sigmoid_U0/tmp_198_reg_423_reg[0]/C
                            (rising edge-triggered cell FDRE clocked by ap_clk  {rise@0.000ns fall@6.250ns period=12.500ns})
  Destination:            bd_0_i/hls_inst/inst/sigmoid_U0/mul_55s_24ns_79_2_1_U117/tmp_product/B[9]
                            (rising edge-triggered cell DSP48E1 clocked by ap_clk  {rise@0.000ns fall@6.250ns period=12.500ns})
  Path Group:             ap_clk
  Path Type:              Setup (Max at Slow Process Corner)
  Requirement:            12.500ns  (ap_clk rise@12.500ns - ap_clk rise@0.000ns)
  Data Path Delay:        8.521ns  (logic 4.956ns (58.164%)  route 3.565ns (41.836%))
  Logic Levels:           17  (CARRY4=13 LUT4=2 LUT5=1 LUT6=1)
  Clock Path Skew:        -0.049ns (DCD - SCD + CPR)
    Destination Clock Delay (DCD):    0.924ns = ( 13.424 - 12.500 ) 
    Source Clock Delay      (SCD):    0.973ns
    Clock Pessimism Removal (CPR):    0.000ns
  Clock Uncertainty:      0.035ns  ((TSJ^2 + TIJ^2)^1/2 + DJ) / 2 + PE
    Total System Jitter     (TSJ):    0.071ns
    Total Input Jitter      (TIJ):    0.000ns
    Discrete Jitter          (DJ):    0.000ns
    Phase Error              (PE):    0.000ns

    Location             Delay type                Incr(ns)  Path(ns)    Netlist Resource(s)
  -------------------------------------------------------------------    -------------------
                         (clock ap_clk rise edge)     0.000     0.000 r  
                                                      0.000     0.000 r  ap_clk (IN)
                         net (fo=30752, unset)        0.973     0.973    bd_0_i/hls_inst/inst/sigmoid_U0/ap_clk
                         FDRE                                         r  bd_0_i/hls_inst/inst/sigmoid_U0/tmp_198_reg_423_reg[0]/C
  -------------------------------------------------------------------    -------------------
                         FDRE (Prop_fdre_C_Q)         0.518     1.491 r  bd_0_i/hls_inst/inst/sigmoid_U0/tmp_198_reg_423_reg[0]/Q
                         net (fo=174, unplaced)       0.854     2.345    bd_0_i/hls_inst/inst/sigmoid_U0/tmp_198_reg_423
                         LUT5 (Prop_lut5_I2_O)        0.319     2.664 r  bd_0_i/hls_inst/inst/sigmoid_U0/q0_reg_0_i_70/O
                         net (fo=1, unplaced)         0.000     2.664    bd_0_i/hls_inst/inst/sigmoid_U0/q0_reg_0_i_70_n_0
                         CARRY4 (Prop_carry4_DI[0]_CO[3])
                                                      0.576     3.240 r  bd_0_i/hls_inst/inst/sigmoid_U0/q0_reg_0_i_58/CO[3]
                         net (fo=1, unplaced)         0.009     3.249    bd_0_i/hls_inst/inst/sigmoid_U0/q0_reg_0_i_58_n_0
                         CARRY4 (Prop_carry4_CI_CO[3])
                                                      0.117     3.366 r  bd_0_i/hls_inst/inst/sigmoid_U0/q0_reg_0_i_49/CO[3]
                         net (fo=1, unplaced)         0.000     3.366    bd_0_i/hls_inst/inst/sigmoid_U0/q0_reg_0_i_49_n_0
                         CARRY4 (Prop_carry4_CI_CO[3])
                                                      0.117     3.483 r  bd_0_i/hls_inst/inst/sigmoid_U0/q0_reg_0_i_40/CO[3]
                         net (fo=1, unplaced)         0.000     3.483    bd_0_i/hls_inst/inst/sigmoid_U0/q0_reg_0_i_40_n_0
                         CARRY4 (Prop_carry4_CI_CO[3])
                                                      0.117     3.600 r  bd_0_i/hls_inst/inst/sigmoid_U0/q0_reg_0_i_31/CO[3]
                         net (fo=1, unplaced)         0.000     3.600    bd_0_i/hls_inst/inst/sigmoid_U0/q0_reg_0_i_31_n_0
                         CARRY4 (Prop_carry4_CI_CO[3])
                                                      0.117     3.717 r  bd_0_i/hls_inst/inst/sigmoid_U0/q0_reg_0_i_24/CO[3]
                         net (fo=1, unplaced)         0.000     3.717    bd_0_i/hls_inst/inst/sigmoid_U0/q0_reg_0_i_24_n_0
                         CARRY4 (Prop_carry4_CI_CO[2])
                                                      0.252     3.969 r  bd_0_i/hls_inst/inst/sigmoid_U0/q0_reg_0_i_21/CO[2]
                         net (fo=1, unplaced)         0.452     4.421    bd_0_i/hls_inst/inst/sigmoid_U0/sigmoid_slope_V_U/q0_reg_0_i_17_0[0]
                         LUT6 (Prop_lut6_I5_O)        0.310     4.731 r  bd_0_i/hls_inst/inst/sigmoid_U0/sigmoid_slope_V_U/q0_reg_0_i_18/O
                         net (fo=1, unplaced)         0.449     5.180    bd_0_i/hls_inst/inst/sigmoid_U0/sigmoid_slope_V_U/p_3_out
                         LUT4 (Prop_lut4_I3_O)        0.124     5.304 r  bd_0_i/hls_inst/inst/sigmoid_U0/sigmoid_slope_V_U/q0_reg_0_i_17/O
                         net (fo=1, unplaced)         0.000     5.304    bd_0_i/hls_inst/inst/sigmoid_U0/sigmoid_slope_V_U/q0_reg_0_i_17_n_0
                         CARRY4 (Prop_carry4_S[0]_CO[3])
                                                      0.513     5.817 r  bd_0_i/hls_inst/inst/sigmoid_U0/sigmoid_slope_V_U/q0_reg_0_i_4/CO[3]
                         net (fo=1, unplaced)         0.009     5.826    bd_0_i/hls_inst/inst/sigmoid_U0/sigmoid_slope_V_U/q0_reg_0_i_4_n_0
                         CARRY4 (Prop_carry4_CI_CO[3])
                                                      0.117     5.943 r  bd_0_i/hls_inst/inst/sigmoid_U0/sigmoid_slope_V_U/q0_reg_0_i_3/CO[3]
                         net (fo=1, unplaced)         0.000     5.943    bd_0_i/hls_inst/inst/sigmoid_U0/sigmoid_slope_V_U/q0_reg_0_i_3_n_0
                         CARRY4 (Prop_carry4_CI_O[3])
                                                      0.331     6.274 f  bd_0_i/hls_inst/inst/sigmoid_U0/sigmoid_slope_V_U/q0_reg_0_i_2/O[3]
                         net (fo=9, unplaced)         0.659     6.933    bd_0_i/hls_inst/inst/sigmoid_U0/mul_55s_24ns_79_2_1_U117/dout_reg_1[3]
                         LUT4 (Prop_lut4_I3_O)        0.307     7.240 r  bd_0_i/hls_inst/inst/sigmoid_U0/mul_55s_24ns_79_2_1_U117/dout_reg_i_9/O
                         net (fo=1, unplaced)         0.333     7.573    bd_0_i/hls_inst/inst/sigmoid_U0/mul_55s_24ns_79_2_1_U117/dout_reg_i_9_n_0
                         CARRY4 (Prop_carry4_DI[0]_CO[3])
                                                      0.550     8.123 r  bd_0_i/hls_inst/inst/sigmoid_U0/mul_55s_24ns_79_2_1_U117/dout_reg_i_1/CO[3]
                         net (fo=1, unplaced)         0.000     8.123    bd_0_i/hls_inst/inst/sigmoid_U0/mul_55s_24ns_79_2_1_U117/dout_reg_i_1_n_0
                         CARRY4 (Prop_carry4_CI_CO[3])
                                                      0.117     8.240 r  bd_0_i/hls_inst/inst/sigmoid_U0/mul_55s_24ns_79_2_1_U117/tmp_product_i_6/CO[3]
                         net (fo=1, unplaced)         0.000     8.240    bd_0_i/hls_inst/inst/sigmoid_U0/mul_55s_24ns_79_2_1_U117/tmp_product_i_6_n_0
                         CARRY4 (Prop_carry4_CI_CO[3])
                                                      0.117     8.357 r  bd_0_i/hls_inst/inst/sigmoid_U0/mul_55s_24ns_79_2_1_U117/tmp_product_i_5/CO[3]
                         net (fo=1, unplaced)         0.000     8.357    bd_0_i/hls_inst/inst/sigmoid_U0/mul_55s_24ns_79_2_1_U117/tmp_product_i_5_n_0
                         CARRY4 (Prop_carry4_CI_O[1])
                                                      0.337     8.694 r  bd_0_i/hls_inst/inst/sigmoid_U0/mul_55s_24ns_79_2_1_U117/tmp_product_i_4/O[1]
                         net (fo=1, unplaced)         0.800     9.494    bd_0_i/hls_inst/inst/sigmoid_U0/mul_55s_24ns_79_2_1_U117/p_0_in[37]
                         DSP48E1                                      r  bd_0_i/hls_inst/inst/sigmoid_U0/mul_55s_24ns_79_2_1_U117/tmp_product/B[9]
  -------------------------------------------------------------------    -------------------

                         (clock ap_clk rise edge)    12.500    12.500 r  
                                                      0.000    12.500 r  ap_clk (IN)
                         net (fo=30752, unset)        0.924    13.424    bd_0_i/hls_inst/inst/sigmoid_U0/mul_55s_24ns_79_2_1_U117/ap_clk
                         DSP48E1                                      r  bd_0_i/hls_inst/inst/sigmoid_U0/mul_55s_24ns_79_2_1_U117/tmp_product/CLK
                         clock pessimism              0.000    13.424    
                         clock uncertainty           -0.035    13.389    
                         DSP48E1 (Setup_dsp48e1_CLK_B[9])
                                                     -0.629    12.760    bd_0_i/hls_inst/inst/sigmoid_U0/mul_55s_24ns_79_2_1_U117/tmp_product
  -------------------------------------------------------------------
                         required time                         12.760    
                         arrival time                          -9.494    
  -------------------------------------------------------------------
                         slack                                  3.266    

Slack (MET) :             3.269ns  (required time - arrival time)
  Source:                 bd_0_i/hls_inst/inst/sigmoid_U0/tmp_198_reg_423_reg[0]/C
                            (rising edge-triggered cell FDRE clocked by ap_clk  {rise@0.000ns fall@6.250ns period=12.500ns})
  Destination:            bd_0_i/hls_inst/inst/sigmoid_U0/mul_55s_24ns_79_2_1_U117/tmp_product/B[11]
                            (rising edge-triggered cell DSP48E1 clocked by ap_clk  {rise@0.000ns fall@6.250ns period=12.500ns})
  Path Group:             ap_clk
  Path Type:              Setup (Max at Slow Process Corner)
  Requirement:            12.500ns  (ap_clk rise@12.500ns - ap_clk rise@0.000ns)
  Data Path Delay:        8.515ns  (logic 4.950ns (58.135%)  route 3.565ns (41.865%))
  Logic Levels:           17  (CARRY4=13 LUT4=2 LUT5=1 LUT6=1)
  Clock Path Skew:        -0.049ns (DCD - SCD + CPR)
    Destination Clock Delay (DCD):    0.924ns = ( 13.424 - 12.500 ) 
    Source Clock Delay      (SCD):    0.973ns
    Clock Pessimism Removal (CPR):    0.000ns
  Clock Uncertainty:      0.035ns  ((TSJ^2 + TIJ^2)^1/2 + DJ) / 2 + PE
    Total System Jitter     (TSJ):    0.071ns
    Total Input Jitter      (TIJ):    0.000ns
    Discrete Jitter          (DJ):    0.000ns
    Phase Error              (PE):    0.000ns

    Location             Delay type                Incr(ns)  Path(ns)    Netlist Resource(s)
  -------------------------------------------------------------------    -------------------
                         (clock ap_clk rise edge)     0.000     0.000 r  
                                                      0.000     0.000 r  ap_clk (IN)
                         net (fo=30752, unset)        0.973     0.973    bd_0_i/hls_inst/inst/sigmoid_U0/ap_clk
                         FDRE                                         r  bd_0_i/hls_inst/inst/sigmoid_U0/tmp_198_reg_423_reg[0]/C
  -------------------------------------------------------------------    -------------------
                         FDRE (Prop_fdre_C_Q)         0.518     1.491 r  bd_0_i/hls_inst/inst/sigmoid_U0/tmp_198_reg_423_reg[0]/Q
                         net (fo=174, unplaced)       0.854     2.345    bd_0_i/hls_inst/inst/sigmoid_U0/tmp_198_reg_423
                         LUT5 (Prop_lut5_I2_O)        0.319     2.664 r  bd_0_i/hls_inst/inst/sigmoid_U0/q0_reg_0_i_70/O
                         net (fo=1, unplaced)         0.000     2.664    bd_0_i/hls_inst/inst/sigmoid_U0/q0_reg_0_i_70_n_0
                         CARRY4 (Prop_carry4_DI[0]_CO[3])
                                                      0.576     3.240 r  bd_0_i/hls_inst/inst/sigmoid_U0/q0_reg_0_i_58/CO[3]
                         net (fo=1, unplaced)         0.009     3.249    bd_0_i/hls_inst/inst/sigmoid_U0/q0_reg_0_i_58_n_0
                         CARRY4 (Prop_carry4_CI_CO[3])
                                                      0.117     3.366 r  bd_0_i/hls_inst/inst/sigmoid_U0/q0_reg_0_i_49/CO[3]
                         net (fo=1, unplaced)         0.000     3.366    bd_0_i/hls_inst/inst/sigmoid_U0/q0_reg_0_i_49_n_0
                         CARRY4 (Prop_carry4_CI_CO[3])
                                                      0.117     3.483 r  bd_0_i/hls_inst/inst/sigmoid_U0/q0_reg_0_i_40/CO[3]
                         net (fo=1, unplaced)         0.000     3.483    bd_0_i/hls_inst/inst/sigmoid_U0/q0_reg_0_i_40_n_0
                         CARRY4 (Prop_carry4_CI_CO[3])
                                                      0.117     3.600 r  bd_0_i/hls_inst/inst/sigmoid_U0/q0_reg_0_i_31/CO[3]
                         net (fo=1, unplaced)         0.000     3.600    bd_0_i/hls_inst/inst/sigmoid_U0/q0_reg_0_i_31_n_0
                         CARRY4 (Prop_carry4_CI_CO[3])
                                                      0.117     3.717 r  bd_0_i/hls_inst/inst/sigmoid_U0/q0_reg_0_i_24/CO[3]
                         net (fo=1, unplaced)         0.000     3.717    bd_0_i/hls_inst/inst/sigmoid_U0/q0_reg_0_i_24_n_0
                         CARRY4 (Prop_carry4_CI_CO[2])
                                                      0.252     3.969 r  bd_0_i/hls_inst/inst/sigmoid_U0/q0_reg_0_i_21/CO[2]
                         net (fo=1, unplaced)         0.452     4.421    bd_0_i/hls_inst/inst/sigmoid_U0/sigmoid_slope_V_U/q0_reg_0_i_17_0[0]
                         LUT6 (Prop_lut6_I5_O)        0.310     4.731 r  bd_0_i/hls_inst/inst/sigmoid_U0/sigmoid_slope_V_U/q0_reg_0_i_18/O
                         net (fo=1, unplaced)         0.449     5.180    bd_0_i/hls_inst/inst/sigmoid_U0/sigmoid_slope_V_U/p_3_out
                         LUT4 (Prop_lut4_I3_O)        0.124     5.304 r  bd_0_i/hls_inst/inst/sigmoid_U0/sigmoid_slope_V_U/q0_reg_0_i_17/O
                         net (fo=1, unplaced)         0.000     5.304    bd_0_i/hls_inst/inst/sigmoid_U0/sigmoid_slope_V_U/q0_reg_0_i_17_n_0
                         CARRY4 (Prop_carry4_S[0]_CO[3])
                                                      0.513     5.817 r  bd_0_i/hls_inst/inst/sigmoid_U0/sigmoid_slope_V_U/q0_reg_0_i_4/CO[3]
                         net (fo=1, unplaced)         0.009     5.826    bd_0_i/hls_inst/inst/sigmoid_U0/sigmoid_slope_V_U/q0_reg_0_i_4_n_0
                         CARRY4 (Prop_carry4_CI_CO[3])
                                                      0.117     5.943 r  bd_0_i/hls_inst/inst/sigmoid_U0/sigmoid_slope_V_U/q0_reg_0_i_3/CO[3]
                         net (fo=1, unplaced)         0.000     5.943    bd_0_i/hls_inst/inst/sigmoid_U0/sigmoid_slope_V_U/q0_reg_0_i_3_n_0
                         CARRY4 (Prop_carry4_CI_O[3])
                                                      0.331     6.274 f  bd_0_i/hls_inst/inst/sigmoid_U0/sigmoid_slope_V_U/q0_reg_0_i_2/O[3]
                         net (fo=9, unplaced)         0.659     6.933    bd_0_i/hls_inst/inst/sigmoid_U0/mul_55s_24ns_79_2_1_U117/dout_reg_1[3]
                         LUT4 (Prop_lut4_I3_O)        0.307     7.240 r  bd_0_i/hls_inst/inst/sigmoid_U0/mul_55s_24ns_79_2_1_U117/dout_reg_i_9/O
                         net (fo=1, unplaced)         0.333     7.573    bd_0_i/hls_inst/inst/sigmoid_U0/mul_55s_24ns_79_2_1_U117/dout_reg_i_9_n_0
                         CARRY4 (Prop_carry4_DI[0]_CO[3])
                                                      0.550     8.123 r  bd_0_i/hls_inst/inst/sigmoid_U0/mul_55s_24ns_79_2_1_U117/dout_reg_i_1/CO[3]
                         net (fo=1, unplaced)         0.000     8.123    bd_0_i/hls_inst/inst/sigmoid_U0/mul_55s_24ns_79_2_1_U117/dout_reg_i_1_n_0
                         CARRY4 (Prop_carry4_CI_CO[3])
                                                      0.117     8.240 r  bd_0_i/hls_inst/inst/sigmoid_U0/mul_55s_24ns_79_2_1_U117/tmp_product_i_6/CO[3]
                         net (fo=1, unplaced)         0.000     8.240    bd_0_i/hls_inst/inst/sigmoid_U0/mul_55s_24ns_79_2_1_U117/tmp_product_i_6_n_0
                         CARRY4 (Prop_carry4_CI_CO[3])
                                                      0.117     8.357 r  bd_0_i/hls_inst/inst/sigmoid_U0/mul_55s_24ns_79_2_1_U117/tmp_product_i_5/CO[3]
                         net (fo=1, unplaced)         0.000     8.357    bd_0_i/hls_inst/inst/sigmoid_U0/mul_55s_24ns_79_2_1_U117/tmp_product_i_5_n_0
                         CARRY4 (Prop_carry4_CI_O[3])
                                                      0.331     8.688 r  bd_0_i/hls_inst/inst/sigmoid_U0/mul_55s_24ns_79_2_1_U117/tmp_product_i_4/O[3]
                         net (fo=1, unplaced)         0.800     9.488    bd_0_i/hls_inst/inst/sigmoid_U0/mul_55s_24ns_79_2_1_U117/p_0_in[39]
                         DSP48E1                                      r  bd_0_i/hls_inst/inst/sigmoid_U0/mul_55s_24ns_79_2_1_U117/tmp_product/B[11]
  -------------------------------------------------------------------    -------------------

                         (clock ap_clk rise edge)    12.500    12.500 r  
                                                      0.000    12.500 r  ap_clk (IN)
                         net (fo=30752, unset)        0.924    13.424    bd_0_i/hls_inst/inst/sigmoid_U0/mul_55s_24ns_79_2_1_U117/ap_clk
                         DSP48E1                                      r  bd_0_i/hls_inst/inst/sigmoid_U0/mul_55s_24ns_79_2_1_U117/tmp_product/CLK
                         clock pessimism              0.000    13.424    
                         clock uncertainty           -0.035    13.389    
                         DSP48E1 (Setup_dsp48e1_CLK_B[11])
                                                     -0.632    12.757    bd_0_i/hls_inst/inst/sigmoid_U0/mul_55s_24ns_79_2_1_U117/tmp_product
  -------------------------------------------------------------------
                         required time                         12.757    
                         arrival time                          -9.488    
  -------------------------------------------------------------------
                         slack                                  3.269    

Slack (MET) :             3.348ns  (required time - arrival time)
  Source:                 bd_0_i/hls_inst/inst/sigmoid_U0/tmp_198_reg_423_reg[0]/C
                            (rising edge-triggered cell FDRE clocked by ap_clk  {rise@0.000ns fall@6.250ns period=12.500ns})
  Destination:            bd_0_i/hls_inst/inst/sigmoid_U0/mul_55s_24ns_79_2_1_U117/tmp_product/B[10]
                            (rising edge-triggered cell DSP48E1 clocked by ap_clk  {rise@0.000ns fall@6.250ns period=12.500ns})
  Path Group:             ap_clk
  Path Type:              Setup (Max at Slow Process Corner)
  Requirement:            12.500ns  (ap_clk rise@12.500ns - ap_clk rise@0.000ns)
  Data Path Delay:        8.440ns  (logic 4.875ns (57.763%)  route 3.565ns (42.237%))
  Logic Levels:           17  (CARRY4=13 LUT4=2 LUT5=1 LUT6=1)
  Clock Path Skew:        -0.049ns (DCD - SCD + CPR)
    Destination Clock Delay (DCD):    0.924ns = ( 13.424 - 12.500 ) 
    Source Clock Delay      (SCD):    0.973ns
    Clock Pessimism Removal (CPR):    0.000ns
  Clock Uncertainty:      0.035ns  ((TSJ^2 + TIJ^2)^1/2 + DJ) / 2 + PE
    Total System Jitter     (TSJ):    0.071ns
    Total Input Jitter      (TIJ):    0.000ns
    Discrete Jitter          (DJ):    0.000ns
    Phase Error              (PE):    0.000ns

    Location             Delay type                Incr(ns)  Path(ns)    Netlist Resource(s)
  -------------------------------------------------------------------    -------------------
                         (clock ap_clk rise edge)     0.000     0.000 r  
                                                      0.000     0.000 r  ap_clk (IN)
                         net (fo=30752, unset)        0.973     0.973    bd_0_i/hls_inst/inst/sigmoid_U0/ap_clk
                         FDRE                                         r  bd_0_i/hls_inst/inst/sigmoid_U0/tmp_198_reg_423_reg[0]/C
  -------------------------------------------------------------------    -------------------
                         FDRE (Prop_fdre_C_Q)         0.518     1.491 r  bd_0_i/hls_inst/inst/sigmoid_U0/tmp_198_reg_423_reg[0]/Q
                         net (fo=174, unplaced)       0.854     2.345    bd_0_i/hls_inst/inst/sigmoid_U0/tmp_198_reg_423
                         LUT5 (Prop_lut5_I2_O)        0.319     2.664 r  bd_0_i/hls_inst/inst/sigmoid_U0/q0_reg_0_i_70/O
                         net (fo=1, unplaced)         0.000     2.664    bd_0_i/hls_inst/inst/sigmoid_U0/q0_reg_0_i_70_n_0
                         CARRY4 (Prop_carry4_DI[0]_CO[3])
                                                      0.576     3.240 r  bd_0_i/hls_inst/inst/sigmoid_U0/q0_reg_0_i_58/CO[3]
                         net (fo=1, unplaced)         0.009     3.249    bd_0_i/hls_inst/inst/sigmoid_U0/q0_reg_0_i_58_n_0
                         CARRY4 (Prop_carry4_CI_CO[3])
                                                      0.117     3.366 r  bd_0_i/hls_inst/inst/sigmoid_U0/q0_reg_0_i_49/CO[3]
                         net (fo=1, unplaced)         0.000     3.366    bd_0_i/hls_inst/inst/sigmoid_U0/q0_reg_0_i_49_n_0
                         CARRY4 (Prop_carry4_CI_CO[3])
                                                      0.117     3.483 r  bd_0_i/hls_inst/inst/sigmoid_U0/q0_reg_0_i_40/CO[3]
                         net (fo=1, unplaced)         0.000     3.483    bd_0_i/hls_inst/inst/sigmoid_U0/q0_reg_0_i_40_n_0
                         CARRY4 (Prop_carry4_CI_CO[3])
                                                      0.117     3.600 r  bd_0_i/hls_inst/inst/sigmoid_U0/q0_reg_0_i_31/CO[3]
                         net (fo=1, unplaced)         0.000     3.600    bd_0_i/hls_inst/inst/sigmoid_U0/q0_reg_0_i_31_n_0
                         CARRY4 (Prop_carry4_CI_CO[3])
                                                      0.117     3.717 r  bd_0_i/hls_inst/inst/sigmoid_U0/q0_reg_0_i_24/CO[3]
                         net (fo=1, unplaced)         0.000     3.717    bd_0_i/hls_inst/inst/sigmoid_U0/q0_reg_0_i_24_n_0
                         CARRY4 (Prop_carry4_CI_CO[2])
                                                      0.252     3.969 r  bd_0_i/hls_inst/inst/sigmoid_U0/q0_reg_0_i_21/CO[2]
                         net (fo=1, unplaced)         0.452     4.421    bd_0_i/hls_inst/inst/sigmoid_U0/sigmoid_slope_V_U/q0_reg_0_i_17_0[0]
                         LUT6 (Prop_lut6_I5_O)        0.310     4.731 r  bd_0_i/hls_inst/inst/sigmoid_U0/sigmoid_slope_V_U/q0_reg_0_i_18/O
                         net (fo=1, unplaced)         0.449     5.180    bd_0_i/hls_inst/inst/sigmoid_U0/sigmoid_slope_V_U/p_3_out
                         LUT4 (Prop_lut4_I3_O)        0.124     5.304 r  bd_0_i/hls_inst/inst/sigmoid_U0/sigmoid_slope_V_U/q0_reg_0_i_17/O
                         net (fo=1, unplaced)         0.000     5.304    bd_0_i/hls_inst/inst/sigmoid_U0/sigmoid_slope_V_U/q0_reg_0_i_17_n_0
                         CARRY4 (Prop_carry4_S[0]_CO[3])
                                                      0.513     5.817 r  bd_0_i/hls_inst/inst/sigmoid_U0/sigmoid_slope_V_U/q0_reg_0_i_4/CO[3]
                         net (fo=1, unplaced)         0.009     5.826    bd_0_i/hls_inst/inst/sigmoid_U0/sigmoid_slope_V_U/q0_reg_0_i_4_n_0
                         CARRY4 (Prop_carry4_CI_CO[3])
                                                      0.117     5.943 r  bd_0_i/hls_inst/inst/sigmoid_U0/sigmoid_slope_V_U/q0_reg_0_i_3/CO[3]
                         net (fo=1, unplaced)         0.000     5.943    bd_0_i/hls_inst/inst/sigmoid_U0/sigmoid_slope_V_U/q0_reg_0_i_3_n_0
                         CARRY4 (Prop_carry4_CI_O[3])
                                                      0.331     6.274 f  bd_0_i/hls_inst/inst/sigmoid_U0/sigmoid_slope_V_U/q0_reg_0_i_2/O[3]
                         net (fo=9, unplaced)         0.659     6.933    bd_0_i/hls_inst/inst/sigmoid_U0/mul_55s_24ns_79_2_1_U117/dout_reg_1[3]
                         LUT4 (Prop_lut4_I3_O)        0.307     7.240 r  bd_0_i/hls_inst/inst/sigmoid_U0/mul_55s_24ns_79_2_1_U117/dout_reg_i_9/O
                         net (fo=1, unplaced)         0.333     7.573    bd_0_i/hls_inst/inst/sigmoid_U0/mul_55s_24ns_79_2_1_U117/dout_reg_i_9_n_0
                         CARRY4 (Prop_carry4_DI[0]_CO[3])
                                                      0.550     8.123 r  bd_0_i/hls_inst/inst/sigmoid_U0/mul_55s_24ns_79_2_1_U117/dout_reg_i_1/CO[3]
                         net (fo=1, unplaced)         0.000     8.123    bd_0_i/hls_inst/inst/sigmoid_U0/mul_55s_24ns_79_2_1_U117/dout_reg_i_1_n_0
                         CARRY4 (Prop_carry4_CI_CO[3])
                                                      0.117     8.240 r  bd_0_i/hls_inst/inst/sigmoid_U0/mul_55s_24ns_79_2_1_U117/tmp_product_i_6/CO[3]
                         net (fo=1, unplaced)         0.000     8.240    bd_0_i/hls_inst/inst/sigmoid_U0/mul_55s_24ns_79_2_1_U117/tmp_product_i_6_n_0
                         CARRY4 (Prop_carry4_CI_CO[3])
                                                      0.117     8.357 r  bd_0_i/hls_inst/inst/sigmoid_U0/mul_55s_24ns_79_2_1_U117/tmp_product_i_5/CO[3]
                         net (fo=1, unplaced)         0.000     8.357    bd_0_i/hls_inst/inst/sigmoid_U0/mul_55s_24ns_79_2_1_U117/tmp_product_i_5_n_0
                         CARRY4 (Prop_carry4_CI_O[2])
                                                      0.256     8.613 r  bd_0_i/hls_inst/inst/sigmoid_U0/mul_55s_24ns_79_2_1_U117/tmp_product_i_4/O[2]
                         net (fo=1, unplaced)         0.800     9.413    bd_0_i/hls_inst/inst/sigmoid_U0/mul_55s_24ns_79_2_1_U117/p_0_in[38]
                         DSP48E1                                      r  bd_0_i/hls_inst/inst/sigmoid_U0/mul_55s_24ns_79_2_1_U117/tmp_product/B[10]
  -------------------------------------------------------------------    -------------------

                         (clock ap_clk rise edge)    12.500    12.500 r  
                                                      0.000    12.500 r  ap_clk (IN)
                         net (fo=30752, unset)        0.924    13.424    bd_0_i/hls_inst/inst/sigmoid_U0/mul_55s_24ns_79_2_1_U117/ap_clk
                         DSP48E1                                      r  bd_0_i/hls_inst/inst/sigmoid_U0/mul_55s_24ns_79_2_1_U117/tmp_product/CLK
                         clock pessimism              0.000    13.424    
                         clock uncertainty           -0.035    13.389    
                         DSP48E1 (Setup_dsp48e1_CLK_B[10])
                                                     -0.628    12.761    bd_0_i/hls_inst/inst/sigmoid_U0/mul_55s_24ns_79_2_1_U117/tmp_product
  -------------------------------------------------------------------
                         required time                         12.761    
                         arrival time                          -9.413    
  -------------------------------------------------------------------
                         slack                                  3.348    

Slack (MET) :             3.375ns  (required time - arrival time)
  Source:                 bd_0_i/hls_inst/inst/sigmoid_U0/tmp_198_reg_423_reg[0]/C
                            (rising edge-triggered cell FDRE clocked by ap_clk  {rise@0.000ns fall@6.250ns period=12.500ns})
  Destination:            bd_0_i/hls_inst/inst/sigmoid_U0/mul_55s_24ns_79_2_1_U117/tmp_product/B[8]
                            (rising edge-triggered cell DSP48E1 clocked by ap_clk  {rise@0.000ns fall@6.250ns period=12.500ns})
  Path Group:             ap_clk
  Path Type:              Setup (Max at Slow Process Corner)
  Requirement:            12.500ns  (ap_clk rise@12.500ns - ap_clk rise@0.000ns)
  Data Path Delay:        8.416ns  (logic 4.851ns (57.642%)  route 3.565ns (42.358%))
  Logic Levels:           17  (CARRY4=13 LUT4=2 LUT5=1 LUT6=1)
  Clock Path Skew:        -0.049ns (DCD - SCD + CPR)
    Destination Clock Delay (DCD):    0.924ns = ( 13.424 - 12.500 ) 
    Source Clock Delay      (SCD):    0.973ns
    Clock Pessimism Removal (CPR):    0.000ns
  Clock Uncertainty:      0.035ns  ((TSJ^2 + TIJ^2)^1/2 + DJ) / 2 + PE
    Total System Jitter     (TSJ):    0.071ns
    Total Input Jitter      (TIJ):    0.000ns
    Discrete Jitter          (DJ):    0.000ns
    Phase Error              (PE):    0.000ns

    Location             Delay type                Incr(ns)  Path(ns)    Netlist Resource(s)
  -------------------------------------------------------------------    -------------------
                         (clock ap_clk rise edge)     0.000     0.000 r  
                                                      0.000     0.000 r  ap_clk (IN)
                         net (fo=30752, unset)        0.973     0.973    bd_0_i/hls_inst/inst/sigmoid_U0/ap_clk
                         FDRE                                         r  bd_0_i/hls_inst/inst/sigmoid_U0/tmp_198_reg_423_reg[0]/C
  -------------------------------------------------------------------    -------------------
                         FDRE (Prop_fdre_C_Q)         0.518     1.491 r  bd_0_i/hls_inst/inst/sigmoid_U0/tmp_198_reg_423_reg[0]/Q
                         net (fo=174, unplaced)       0.854     2.345    bd_0_i/hls_inst/inst/sigmoid_U0/tmp_198_reg_423
                         LUT5 (Prop_lut5_I2_O)        0.319     2.664 r  bd_0_i/hls_inst/inst/sigmoid_U0/q0_reg_0_i_70/O
                         net (fo=1, unplaced)         0.000     2.664    bd_0_i/hls_inst/inst/sigmoid_U0/q0_reg_0_i_70_n_0
                         CARRY4 (Prop_carry4_DI[0]_CO[3])
                                                      0.576     3.240 r  bd_0_i/hls_inst/inst/sigmoid_U0/q0_reg_0_i_58/CO[3]
                         net (fo=1, unplaced)         0.009     3.249    bd_0_i/hls_inst/inst/sigmoid_U0/q0_reg_0_i_58_n_0
                         CARRY4 (Prop_carry4_CI_CO[3])
                                                      0.117     3.366 r  bd_0_i/hls_inst/inst/sigmoid_U0/q0_reg_0_i_49/CO[3]
                         net (fo=1, unplaced)         0.000     3.366    bd_0_i/hls_inst/inst/sigmoid_U0/q0_reg_0_i_49_n_0
                         CARRY4 (Prop_carry4_CI_CO[3])
                                                      0.117     3.483 r  bd_0_i/hls_inst/inst/sigmoid_U0/q0_reg_0_i_40/CO[3]
                         net (fo=1, unplaced)         0.000     3.483    bd_0_i/hls_inst/inst/sigmoid_U0/q0_reg_0_i_40_n_0
                         CARRY4 (Prop_carry4_CI_CO[3])
                                                      0.117     3.600 r  bd_0_i/hls_inst/inst/sigmoid_U0/q0_reg_0_i_31/CO[3]
                         net (fo=1, unplaced)         0.000     3.600    bd_0_i/hls_inst/inst/sigmoid_U0/q0_reg_0_i_31_n_0
                         CARRY4 (Prop_carry4_CI_CO[3])
                                                      0.117     3.717 r  bd_0_i/hls_inst/inst/sigmoid_U0/q0_reg_0_i_24/CO[3]
                         net (fo=1, unplaced)         0.000     3.717    bd_0_i/hls_inst/inst/sigmoid_U0/q0_reg_0_i_24_n_0
                         CARRY4 (Prop_carry4_CI_CO[2])
                                                      0.252     3.969 r  bd_0_i/hls_inst/inst/sigmoid_U0/q0_reg_0_i_21/CO[2]
                         net (fo=1, unplaced)         0.452     4.421    bd_0_i/hls_inst/inst/sigmoid_U0/sigmoid_slope_V_U/q0_reg_0_i_17_0[0]
                         LUT6 (Prop_lut6_I5_O)        0.310     4.731 r  bd_0_i/hls_inst/inst/sigmoid_U0/sigmoid_slope_V_U/q0_reg_0_i_18/O
                         net (fo=1, unplaced)         0.449     5.180    bd_0_i/hls_inst/inst/sigmoid_U0/sigmoid_slope_V_U/p_3_out
                         LUT4 (Prop_lut4_I3_O)        0.124     5.304 r  bd_0_i/hls_inst/inst/sigmoid_U0/sigmoid_slope_V_U/q0_reg_0_i_17/O
                         net (fo=1, unplaced)         0.000     5.304    bd_0_i/hls_inst/inst/sigmoid_U0/sigmoid_slope_V_U/q0_reg_0_i_17_n_0
                         CARRY4 (Prop_carry4_S[0]_CO[3])
                                                      0.513     5.817 r  bd_0_i/hls_inst/inst/sigmoid_U0/sigmoid_slope_V_U/q0_reg_0_i_4/CO[3]
                         net (fo=1, unplaced)         0.009     5.826    bd_0_i/hls_inst/inst/sigmoid_U0/sigmoid_slope_V_U/q0_reg_0_i_4_n_0
                         CARRY4 (Prop_carry4_CI_CO[3])
                                                      0.117     5.943 r  bd_0_i/hls_inst/inst/sigmoid_U0/sigmoid_slope_V_U/q0_reg_0_i_3/CO[3]
                         net (fo=1, unplaced)         0.000     5.943    bd_0_i/hls_inst/inst/sigmoid_U0/sigmoid_slope_V_U/q0_reg_0_i_3_n_0
                         CARRY4 (Prop_carry4_CI_O[3])
                                                      0.331     6.274 f  bd_0_i/hls_inst/inst/sigmoid_U0/sigmoid_slope_V_U/q0_reg_0_i_2/O[3]
                         net (fo=9, unplaced)         0.659     6.933    bd_0_i/hls_inst/inst/sigmoid_U0/mul_55s_24ns_79_2_1_U117/dout_reg_1[3]
                         LUT4 (Prop_lut4_I3_O)        0.307     7.240 r  bd_0_i/hls_inst/inst/sigmoid_U0/mul_55s_24ns_79_2_1_U117/dout_reg_i_9/O
                         net (fo=1, unplaced)         0.333     7.573    bd_0_i/hls_inst/inst/sigmoid_U0/mul_55s_24ns_79_2_1_U117/dout_reg_i_9_n_0
                         CARRY4 (Prop_carry4_DI[0]_CO[3])
                                                      0.550     8.123 r  bd_0_i/hls_inst/inst/sigmoid_U0/mul_55s_24ns_79_2_1_U117/dout_reg_i_1/CO[3]
                         net (fo=1, unplaced)         0.000     8.123    bd_0_i/hls_inst/inst/sigmoid_U0/mul_55s_24ns_79_2_1_U117/dout_reg_i_1_n_0
                         CARRY4 (Prop_carry4_CI_CO[3])
                                                      0.117     8.240 r  bd_0_i/hls_inst/inst/sigmoid_U0/mul_55s_24ns_79_2_1_U117/tmp_product_i_6/CO[3]
                         net (fo=1, unplaced)         0.000     8.240    bd_0_i/hls_inst/inst/sigmoid_U0/mul_55s_24ns_79_2_1_U117/tmp_product_i_6_n_0
                         CARRY4 (Prop_carry4_CI_CO[3])
                                                      0.117     8.357 r  bd_0_i/hls_inst/inst/sigmoid_U0/mul_55s_24ns_79_2_1_U117/tmp_product_i_5/CO[3]
                         net (fo=1, unplaced)         0.000     8.357    bd_0_i/hls_inst/inst/sigmoid_U0/mul_55s_24ns_79_2_1_U117/tmp_product_i_5_n_0
                         CARRY4 (Prop_carry4_CI_O[0])
                                                      0.232     8.589 r  bd_0_i/hls_inst/inst/sigmoid_U0/mul_55s_24ns_79_2_1_U117/tmp_product_i_4/O[0]
                         net (fo=1, unplaced)         0.800     9.389    bd_0_i/hls_inst/inst/sigmoid_U0/mul_55s_24ns_79_2_1_U117/p_0_in[36]
                         DSP48E1                                      r  bd_0_i/hls_inst/inst/sigmoid_U0/mul_55s_24ns_79_2_1_U117/tmp_product/B[8]
  -------------------------------------------------------------------    -------------------

                         (clock ap_clk rise edge)    12.500    12.500 r  
                                                      0.000    12.500 r  ap_clk (IN)
                         net (fo=30752, unset)        0.924    13.424    bd_0_i/hls_inst/inst/sigmoid_U0/mul_55s_24ns_79_2_1_U117/ap_clk
                         DSP48E1                                      r  bd_0_i/hls_inst/inst/sigmoid_U0/mul_55s_24ns_79_2_1_U117/tmp_product/CLK
                         clock pessimism              0.000    13.424    
                         clock uncertainty           -0.035    13.389    
                         DSP48E1 (Setup_dsp48e1_CLK_B[8])
                                                     -0.625    12.764    bd_0_i/hls_inst/inst/sigmoid_U0/mul_55s_24ns_79_2_1_U117/tmp_product
  -------------------------------------------------------------------
                         required time                         12.764    
                         arrival time                          -9.389    
  -------------------------------------------------------------------
                         slack                                  3.375    

Slack (MET) :             3.383ns  (required time - arrival time)
  Source:                 bd_0_i/hls_inst/inst/sigmoid_U0/tmp_198_reg_423_reg[0]/C
                            (rising edge-triggered cell FDRE clocked by ap_clk  {rise@0.000ns fall@6.250ns period=12.500ns})
  Destination:            bd_0_i/hls_inst/inst/sigmoid_U0/mul_55s_24ns_79_2_1_U117/tmp_product/B[5]
                            (rising edge-triggered cell DSP48E1 clocked by ap_clk  {rise@0.000ns fall@6.250ns period=12.500ns})
  Path Group:             ap_clk
  Path Type:              Setup (Max at Slow Process Corner)
  Requirement:            12.500ns  (ap_clk rise@12.500ns - ap_clk rise@0.000ns)
  Data Path Delay:        8.404ns  (logic 4.839ns (57.582%)  route 3.565ns (42.418%))
  Logic Levels:           16  (CARRY4=12 LUT4=2 LUT5=1 LUT6=1)
  Clock Path Skew:        -0.049ns (DCD - SCD + CPR)
    Destination Clock Delay (DCD):    0.924ns = ( 13.424 - 12.500 ) 
    Source Clock Delay      (SCD):    0.973ns
    Clock Pessimism Removal (CPR):    0.000ns
  Clock Uncertainty:      0.035ns  ((TSJ^2 + TIJ^2)^1/2 + DJ) / 2 + PE
    Total System Jitter     (TSJ):    0.071ns
    Total Input Jitter      (TIJ):    0.000ns
    Discrete Jitter          (DJ):    0.000ns
    Phase Error              (PE):    0.000ns

    Location             Delay type                Incr(ns)  Path(ns)    Netlist Resource(s)
  -------------------------------------------------------------------    -------------------
                         (clock ap_clk rise edge)     0.000     0.000 r  
                                                      0.000     0.000 r  ap_clk (IN)
                         net (fo=30752, unset)        0.973     0.973    bd_0_i/hls_inst/inst/sigmoid_U0/ap_clk
                         FDRE                                         r  bd_0_i/hls_inst/inst/sigmoid_U0/tmp_198_reg_423_reg[0]/C
  -------------------------------------------------------------------    -------------------
                         FDRE (Prop_fdre_C_Q)         0.518     1.491 r  bd_0_i/hls_inst/inst/sigmoid_U0/tmp_198_reg_423_reg[0]/Q
                         net (fo=174, unplaced)       0.854     2.345    bd_0_i/hls_inst/inst/sigmoid_U0/tmp_198_reg_423
                         LUT5 (Prop_lut5_I2_O)        0.319     2.664 r  bd_0_i/hls_inst/inst/sigmoid_U0/q0_reg_0_i_70/O
                         net (fo=1, unplaced)         0.000     2.664    bd_0_i/hls_inst/inst/sigmoid_U0/q0_reg_0_i_70_n_0
                         CARRY4 (Prop_carry4_DI[0]_CO[3])
                                                      0.576     3.240 r  bd_0_i/hls_inst/inst/sigmoid_U0/q0_reg_0_i_58/CO[3]
                         net (fo=1, unplaced)         0.009     3.249    bd_0_i/hls_inst/inst/sigmoid_U0/q0_reg_0_i_58_n_0
                         CARRY4 (Prop_carry4_CI_CO[3])
                                                      0.117     3.366 r  bd_0_i/hls_inst/inst/sigmoid_U0/q0_reg_0_i_49/CO[3]
                         net (fo=1, unplaced)         0.000     3.366    bd_0_i/hls_inst/inst/sigmoid_U0/q0_reg_0_i_49_n_0
                         CARRY4 (Prop_carry4_CI_CO[3])
                                                      0.117     3.483 r  bd_0_i/hls_inst/inst/sigmoid_U0/q0_reg_0_i_40/CO[3]
                         net (fo=1, unplaced)         0.000     3.483    bd_0_i/hls_inst/inst/sigmoid_U0/q0_reg_0_i_40_n_0
                         CARRY4 (Prop_carry4_CI_CO[3])
                                                      0.117     3.600 r  bd_0_i/hls_inst/inst/sigmoid_U0/q0_reg_0_i_31/CO[3]
                         net (fo=1, unplaced)         0.000     3.600    bd_0_i/hls_inst/inst/sigmoid_U0/q0_reg_0_i_31_n_0
                         CARRY4 (Prop_carry4_CI_CO[3])
                                                      0.117     3.717 r  bd_0_i/hls_inst/inst/sigmoid_U0/q0_reg_0_i_24/CO[3]
                         net (fo=1, unplaced)         0.000     3.717    bd_0_i/hls_inst/inst/sigmoid_U0/q0_reg_0_i_24_n_0
                         CARRY4 (Prop_carry4_CI_CO[2])
                                                      0.252     3.969 r  bd_0_i/hls_inst/inst/sigmoid_U0/q0_reg_0_i_21/CO[2]
                         net (fo=1, unplaced)         0.452     4.421    bd_0_i/hls_inst/inst/sigmoid_U0/sigmoid_slope_V_U/q0_reg_0_i_17_0[0]
                         LUT6 (Prop_lut6_I5_O)        0.310     4.731 r  bd_0_i/hls_inst/inst/sigmoid_U0/sigmoid_slope_V_U/q0_reg_0_i_18/O
                         net (fo=1, unplaced)         0.449     5.180    bd_0_i/hls_inst/inst/sigmoid_U0/sigmoid_slope_V_U/p_3_out
                         LUT4 (Prop_lut4_I3_O)        0.124     5.304 r  bd_0_i/hls_inst/inst/sigmoid_U0/sigmoid_slope_V_U/q0_reg_0_i_17/O
                         net (fo=1, unplaced)         0.000     5.304    bd_0_i/hls_inst/inst/sigmoid_U0/sigmoid_slope_V_U/q0_reg_0_i_17_n_0
                         CARRY4 (Prop_carry4_S[0]_CO[3])
                                                      0.513     5.817 r  bd_0_i/hls_inst/inst/sigmoid_U0/sigmoid_slope_V_U/q0_reg_0_i_4/CO[3]
                         net (fo=1, unplaced)         0.009     5.826    bd_0_i/hls_inst/inst/sigmoid_U0/sigmoid_slope_V_U/q0_reg_0_i_4_n_0
                         CARRY4 (Prop_carry4_CI_CO[3])
                                                      0.117     5.943 r  bd_0_i/hls_inst/inst/sigmoid_U0/sigmoid_slope_V_U/q0_reg_0_i_3/CO[3]
                         net (fo=1, unplaced)         0.000     5.943    bd_0_i/hls_inst/inst/sigmoid_U0/sigmoid_slope_V_U/q0_reg_0_i_3_n_0
                         CARRY4 (Prop_carry4_CI_O[3])
                                                      0.331     6.274 f  bd_0_i/hls_inst/inst/sigmoid_U0/sigmoid_slope_V_U/q0_reg_0_i_2/O[3]
                         net (fo=9, unplaced)         0.659     6.933    bd_0_i/hls_inst/inst/sigmoid_U0/mul_55s_24ns_79_2_1_U117/dout_reg_1[3]
                         LUT4 (Prop_lut4_I3_O)        0.307     7.240 r  bd_0_i/hls_inst/inst/sigmoid_U0/mul_55s_24ns_79_2_1_U117/dout_reg_i_9/O
                         net (fo=1, unplaced)         0.333     7.573    bd_0_i/hls_inst/inst/sigmoid_U0/mul_55s_24ns_79_2_1_U117/dout_reg_i_9_n_0
                         CARRY4 (Prop_carry4_DI[0]_CO[3])
                                                      0.550     8.123 r  bd_0_i/hls_inst/inst/sigmoid_U0/mul_55s_24ns_79_2_1_U117/dout_reg_i_1/CO[3]
                         net (fo=1, unplaced)         0.000     8.123    bd_0_i/hls_inst/inst/sigmoid_U0/mul_55s_24ns_79_2_1_U117/dout_reg_i_1_n_0
                         CARRY4 (Prop_carry4_CI_CO[3])
                                                      0.117     8.240 r  bd_0_i/hls_inst/inst/sigmoid_U0/mul_55s_24ns_79_2_1_U117/tmp_product_i_6/CO[3]
                         net (fo=1, unplaced)         0.000     8.240    bd_0_i/hls_inst/inst/sigmoid_U0/mul_55s_24ns_79_2_1_U117/tmp_product_i_6_n_0
                         CARRY4 (Prop_carry4_CI_O[1])
                                                      0.337     8.577 r  bd_0_i/hls_inst/inst/sigmoid_U0/mul_55s_24ns_79_2_1_U117/tmp_product_i_5/O[1]
                         net (fo=1, unplaced)         0.800     9.377    bd_0_i/hls_inst/inst/sigmoid_U0/mul_55s_24ns_79_2_1_U117/p_0_in[33]
                         DSP48E1                                      r  bd_0_i/hls_inst/inst/sigmoid_U0/mul_55s_24ns_79_2_1_U117/tmp_product/B[5]
  -------------------------------------------------------------------    -------------------

                         (clock ap_clk rise edge)    12.500    12.500 r  
                                                      0.000    12.500 r  ap_clk (IN)
                         net (fo=30752, unset)        0.924    13.424    bd_0_i/hls_inst/inst/sigmoid_U0/mul_55s_24ns_79_2_1_U117/ap_clk
                         DSP48E1                                      r  bd_0_i/hls_inst/inst/sigmoid_U0/mul_55s_24ns_79_2_1_U117/tmp_product/CLK
                         clock pessimism              0.000    13.424    
                         clock uncertainty           -0.035    13.389    
                         DSP48E1 (Setup_dsp48e1_CLK_B[5])
                                                     -0.629    12.760    bd_0_i/hls_inst/inst/sigmoid_U0/mul_55s_24ns_79_2_1_U117/tmp_product
  -------------------------------------------------------------------
                         required time                         12.760    
                         arrival time                          -9.377    
  -------------------------------------------------------------------
                         slack                                  3.383    




