Mon Aug 28 05:51:28 2023: Running xcd server. This server was built by gradle.
Mon Aug 28 05:51:28 2023: Server was asked to start on port: '43897'
Mon Aug 28 05:51:28 2023: Server is using token UUID: '1cf347bd-318f-485e-a2bb-b39903f7204b'
Mon Aug 28 05:51:28 2023: SESSION_MGR: creating session with session uuid: '6d04a3e9-ade5-4ab9-8d63-1f78fcd2ec76' and name 'default'
Mon Aug 28 05:51:28 2023: Attempting to start server on port '43897'
Mon Aug 28 05:51:28 2023: XCD main fifo: created main fifo '/tmp/xcdmain1cf347bd-318f-485e-a2bb-b39903f7204b', fd read = 13
Mon Aug 28 05:51:28 2023: Running Dispatch Server
Mon Aug 28 05:51:28 2023: Version 2.2.0
Mon Aug 28 05:51:36 2023: Dispatch Server: Accepted socket connection from client
Mon Aug 28 05:51:36 2023: Starting Socket connection
Mon Aug 28 05:51:36 2023: EXCHANGE_TOKEN received, server token: 1cf347bd-318f-485e-a2bb-b39903f7204b, passed token: 1cf347bd-318f-485e-a2bb-b39903f7204b
Mon Aug 28 05:51:36 2023: SESSION_MGR: creating session with session uuid: '7f4b56dd-d902-4819-9632-f748db6e163b' and name 'vitis_hls'
Mon Aug 28 05:51:36 2023: KERNEL_SVC: creating session with uuid: '7f4b56dd-d902-4819-9632-f748db6e163b' and name 'vitis_hls'
Mon Aug 28 05:51:36 2023: GUIDANCE_SMGR: creating guidance session with uuid: '7f4b56dd-d902-4819-9632-f748db6e163b' and name 'vitis_hls'
Mon Aug 28 05:54:25 2023: STOP_SERVER received, server token: 1cf347bd-318f-485e-a2bb-b39903f7204b, passed token: 1cf347bd-318f-485e-a2bb-b39903f7204b
Mon Aug 28 05:54:25 2023: Socket received request to stop server.
Mon Aug 28 05:54:25 2023: Dispatch Server: do_await_stop
Mon Aug 28 05:54:25 2023: Dispatch Server: stopping mainFifo_
Mon Aug 28 05:54:25 2023: XCD main fifo: Stopping
Mon Aug 28 05:54:25 2023: XCD main fifo: do_read error code: Operation canceled
Mon Aug 28 05:54:25 2023: XCD main fifo: bytes_transferred: 0
Mon Aug 28 05:54:25 2023: SERVER: destructor for server bound to port 43897
Mon Aug 28 05:54:25 2023: XCD main fifo: Good unlink of /tmp/xcdmain1cf347bd-318f-485e-a2bb-b39903f7204b
Mon Aug 28 05:54:25 2023: Server exiting with status 0.
Mon Aug 28 05:54:25 2023: Closing log file.
Mon Aug 28 05:58:34 2023: Running xcd server. This server was built by gradle.
Mon Aug 28 05:58:34 2023: Server was asked to start on port: '41611'
Mon Aug 28 05:58:34 2023: Server is using token UUID: '64d3d271-42e5-4471-8adf-d9b742cd6426'
Mon Aug 28 05:58:34 2023: SESSION_MGR: creating session with session uuid: '6d04a3e9-ade5-4ab9-8d63-1f78fcd2ec76' and name 'default'
Mon Aug 28 05:58:34 2023: Attempting to start server on port '41611'
Mon Aug 28 05:58:34 2023: XCD main fifo: created main fifo '/tmp/xcdmain64d3d271-42e5-4471-8adf-d9b742cd6426', fd read = 13
Mon Aug 28 05:58:34 2023: Running Dispatch Server
Mon Aug 28 05:58:34 2023: Version 2.2.0
Mon Aug 28 05:58:43 2023: Dispatch Server: Accepted socket connection from client
Mon Aug 28 05:58:43 2023: Starting Socket connection
Mon Aug 28 05:58:43 2023: EXCHANGE_TOKEN received, server token: 64d3d271-42e5-4471-8adf-d9b742cd6426, passed token: 64d3d271-42e5-4471-8adf-d9b742cd6426
Mon Aug 28 05:58:43 2023: SESSION_MGR: creating session with session uuid: '37d450dd-0f43-47e8-a41c-3e8c44183e14' and name 'vitis_hls'
Mon Aug 28 05:58:43 2023: KERNEL_SVC: creating session with uuid: '37d450dd-0f43-47e8-a41c-3e8c44183e14' and name 'vitis_hls'
Mon Aug 28 05:58:43 2023: GUIDANCE_SMGR: creating guidance session with uuid: '37d450dd-0f43-47e8-a41c-3e8c44183e14' and name 'vitis_hls'
Mon Aug 28 05:59:50 2023: Dispatch Server: Accepted socket connection from client
Mon Aug 28 05:59:50 2023: Starting Socket connection
Mon Aug 28 06:03:51 2023: Dispatch Server: Accepted socket connection from client
Mon Aug 28 06:03:51 2023: Starting Socket connection
Mon Aug 28 06:05:35 2023: Dispatch Server: Accepted socket connection from client
Mon Aug 28 06:05:35 2023: Starting Socket connection
Mon Aug 28 06:11:46 2023: STOP_SERVER received, server token: 64d3d271-42e5-4471-8adf-d9b742cd6426, passed token: 64d3d271-42e5-4471-8adf-d9b742cd6426
Mon Aug 28 06:11:46 2023: Socket received request to stop server.
Mon Aug 28 06:11:46 2023: Dispatch Server: do_await_stop
Mon Aug 28 06:11:46 2023: Dispatch Server: stopping mainFifo_
Mon Aug 28 06:11:46 2023: XCD main fifo: Stopping
Mon Aug 28 06:11:46 2023: XCD main fifo: do_read error code: Operation canceled
Mon Aug 28 06:11:46 2023: XCD main fifo: bytes_transferred: 0
Mon Aug 28 06:11:46 2023: SERVER: destructor for server bound to port 41611
Mon Aug 28 06:11:46 2023: XCD main fifo: Good unlink of /tmp/xcdmain64d3d271-42e5-4471-8adf-d9b742cd6426
Mon Aug 28 06:11:46 2023: Server exiting with status 0.
Mon Aug 28 06:11:46 2023: Closing log file.
