
*** Running vivado
    with args -log bd_0_wrapper.vds -m64 -product Vivado -mode batch -messageDb vivado.pb -notrace -source bd_0_wrapper.tcl


****** Vivado v2022.2 (64-bit)
  **** SW Build 3671981 on Fri Oct 14 04:59:54 MDT 2022
  **** IP Build 3669848 on Fri Oct 14 08:30:02 MDT 2022
    ** Copyright 1986-2022 Xilinx, Inc. All Rights Reserved.

source bd_0_wrapper.tcl -notrace
INFO: Dispatch client connection id - 41611
create_project: Time (s): cpu = 00:00:05 ; elapsed = 00:00:05 . Memory (MB): peak = 2020.594 ; gain = 86.992 ; free physical = 23205 ; free virtual = 30883
INFO: [IP_Flow 19-234] Refreshing IP repositories
INFO: [IP_Flow 19-1700] Loaded user IP repository '/home/ubuntu20/Xilinx/ELE548/Restricted_Boltzmann_Machine/RBM_hls/RBM_512_64_80M/impl/ip'.
INFO: [IP_Flow 19-2313] Loaded Vivado IP repository '/home/ubuntu20/Softwares/Xilinx/Vivado/2022.2/data/ip'.
Command: synth_design -top bd_0_wrapper -part xc7z020clg400-1 -mode out_of_context
Starting synth_design
Attempting to get a license for feature 'Synthesis' and/or device 'xc7z020'
INFO: [Common 17-349] Got license for feature 'Synthesis' and/or device 'xc7z020'
INFO: [Device 21-403] Loading part xc7z020clg400-1
INFO: [Synth 8-7079] Multithreading enabled for synth_design using a maximum of 4 processes.
INFO: [Synth 8-7078] Launching helper process for spawning children vivado processes
INFO: [Synth 8-7075] Helper process launched with PID 550742
INFO: [Synth 8-11241] undeclared symbol 'REGCCE', assumed default net type 'wire' [/home/ubuntu20/Softwares/Xilinx/Vivado/2022.2/data/verilog/src/unimacro/BRAM_SINGLE_MACRO.v:2170]
---------------------------------------------------------------------------------
Starting RTL Elaboration : Time (s): cpu = 00:00:05 ; elapsed = 00:00:05 . Memory (MB): peak = 2758.672 ; gain = 371.766 ; free physical = 22392 ; free virtual = 30070
Synthesis current peak Physical Memory [PSS] (MB): peak = 2110.898; parent = 1927.142; children = 183.757
Synthesis current peak Virtual Memory [VSS] (MB): peak = 3741.461; parent = 2761.645; children = 979.816
---------------------------------------------------------------------------------
INFO: [Synth 8-6157] synthesizing module 'bd_0_wrapper' [/home/ubuntu20/Xilinx/ELE548/Restricted_Boltzmann_Machine/RBM_hls/RBM_512_64_80M/impl/verilog/project.gen/sources_1/bd/bd_0/hdl/bd_0_wrapper.v:12]
INFO: [Synth 8-6157] synthesizing module 'bd_0' [/home/ubuntu20/Xilinx/ELE548/Restricted_Boltzmann_Machine/RBM_hls/RBM_512_64_80M/impl/verilog/project.gen/sources_1/bd/bd_0/synth/bd_0.v:12]
INFO: [Synth 8-6157] synthesizing module 'bd_0_hls_inst_0' [/home/ubuntu20/Xilinx/ELE548/Restricted_Boltzmann_Machine/RBM_hls/RBM_512_64_80M/impl/verilog/project.runs/synth_1/.Xil/Vivado-550705-ubuntu/realtime/bd_0_hls_inst_0_stub.v:5]
INFO: [Synth 8-6155] done synthesizing module 'bd_0_hls_inst_0' (0#1) [/home/ubuntu20/Xilinx/ELE548/Restricted_Boltzmann_Machine/RBM_hls/RBM_512_64_80M/impl/verilog/project.runs/synth_1/.Xil/Vivado-550705-ubuntu/realtime/bd_0_hls_inst_0_stub.v:5]
INFO: [Synth 8-6155] done synthesizing module 'bd_0' (0#1) [/home/ubuntu20/Xilinx/ELE548/Restricted_Boltzmann_Machine/RBM_hls/RBM_512_64_80M/impl/verilog/project.gen/sources_1/bd/bd_0/synth/bd_0.v:12]
INFO: [Synth 8-6155] done synthesizing module 'bd_0_wrapper' (0#1) [/home/ubuntu20/Xilinx/ELE548/Restricted_Boltzmann_Machine/RBM_hls/RBM_512_64_80M/impl/verilog/project.gen/sources_1/bd/bd_0/hdl/bd_0_wrapper.v:12]
---------------------------------------------------------------------------------
Finished RTL Elaboration : Time (s): cpu = 00:00:06 ; elapsed = 00:00:07 . Memory (MB): peak = 2829.609 ; gain = 442.703 ; free physical = 22478 ; free virtual = 30156
Synthesis current peak Physical Memory [PSS] (MB): peak = 2110.898; parent = 1927.142; children = 183.757
Synthesis current peak Virtual Memory [VSS] (MB): peak = 3809.430; parent = 2829.613; children = 979.816
---------------------------------------------------------------------------------
---------------------------------------------------------------------------------
Start Handling Custom Attributes
---------------------------------------------------------------------------------
---------------------------------------------------------------------------------
Finished Handling Custom Attributes : Time (s): cpu = 00:00:06 ; elapsed = 00:00:07 . Memory (MB): peak = 2844.453 ; gain = 457.547 ; free physical = 22478 ; free virtual = 30156
Synthesis current peak Physical Memory [PSS] (MB): peak = 2110.898; parent = 1927.142; children = 183.757
Synthesis current peak Virtual Memory [VSS] (MB): peak = 3824.273; parent = 2844.457; children = 979.816
---------------------------------------------------------------------------------
---------------------------------------------------------------------------------
Finished RTL Optimization Phase 1 : Time (s): cpu = 00:00:06 ; elapsed = 00:00:07 . Memory (MB): peak = 2844.453 ; gain = 457.547 ; free physical = 22478 ; free virtual = 30156
Synthesis current peak Physical Memory [PSS] (MB): peak = 2110.898; parent = 1927.142; children = 183.757
Synthesis current peak Virtual Memory [VSS] (MB): peak = 3824.273; parent = 2844.457; children = 979.816
---------------------------------------------------------------------------------
Netlist sorting complete. Time (s): cpu = 00:00:00 ; elapsed = 00:00:00.01 . Memory (MB): peak = 2844.453 ; gain = 0.000 ; free physical = 22477 ; free virtual = 30156
INFO: [Project 1-570] Preparing netlist for logic optimization

Processing XDC Constraints
Initializing timing engine
Parsing XDC File [/home/ubuntu20/Xilinx/ELE548/Restricted_Boltzmann_Machine/RBM_hls/RBM_512_64_80M/impl/verilog/project.gen/sources_1/bd/bd_0/ip/bd_0_hls_inst_0/bd_0_hls_inst_0/bd_0_hls_inst_0_in_context.xdc] for cell 'bd_0_i/hls_inst'
Finished Parsing XDC File [/home/ubuntu20/Xilinx/ELE548/Restricted_Boltzmann_Machine/RBM_hls/RBM_512_64_80M/impl/verilog/project.gen/sources_1/bd/bd_0/ip/bd_0_hls_inst_0/bd_0_hls_inst_0/bd_0_hls_inst_0_in_context.xdc] for cell 'bd_0_i/hls_inst'
Parsing XDC File [/home/ubuntu20/Xilinx/ELE548/Restricted_Boltzmann_Machine/RBM_hls/RBM_512_64_80M/impl/verilog/RBM.xdc]
Finished Parsing XDC File [/home/ubuntu20/Xilinx/ELE548/Restricted_Boltzmann_Machine/RBM_hls/RBM_512_64_80M/impl/verilog/RBM.xdc]
Parsing XDC File [/home/ubuntu20/Xilinx/ELE548/Restricted_Boltzmann_Machine/RBM_hls/RBM_512_64_80M/impl/verilog/project.runs/synth_1/dont_touch.xdc]
Finished Parsing XDC File [/home/ubuntu20/Xilinx/ELE548/Restricted_Boltzmann_Machine/RBM_hls/RBM_512_64_80M/impl/verilog/project.runs/synth_1/dont_touch.xdc]
Completed Processing XDC Constraints

Netlist sorting complete. Time (s): cpu = 00:00:00 ; elapsed = 00:00:00 . Memory (MB): peak = 2920.359 ; gain = 0.000 ; free physical = 22390 ; free virtual = 30068
INFO: [Project 1-111] Unisim Transformation Summary:
No Unisim elements were transformed.

Constraint Validation Runtime : Time (s): cpu = 00:00:00.01 ; elapsed = 00:00:00.02 . Memory (MB): peak = 2920.359 ; gain = 0.000 ; free physical = 22390 ; free virtual = 30068
INFO: [Synth 8-11241] undeclared symbol 'REGCCE', assumed default net type 'wire' [/home/ubuntu20/Softwares/Xilinx/Vivado/2022.2/data/verilog/src/unimacro/BRAM_SINGLE_MACRO.v:2170]
---------------------------------------------------------------------------------
Finished Constraint Validation : Time (s): cpu = 00:00:14 ; elapsed = 00:00:15 . Memory (MB): peak = 2920.359 ; gain = 533.453 ; free physical = 22453 ; free virtual = 30131
Synthesis current peak Physical Memory [PSS] (MB): peak = 2110.898; parent = 1927.142; children = 183.757
Synthesis current peak Virtual Memory [VSS] (MB): peak = 3868.164; parent = 2888.348; children = 979.816
---------------------------------------------------------------------------------
---------------------------------------------------------------------------------
Start Loading Part and Timing Information
---------------------------------------------------------------------------------
Loading part: xc7z020clg400-1
---------------------------------------------------------------------------------
Finished Loading Part and Timing Information : Time (s): cpu = 00:00:14 ; elapsed = 00:00:15 . Memory (MB): peak = 2920.359 ; gain = 533.453 ; free physical = 22453 ; free virtual = 30131
Synthesis current peak Physical Memory [PSS] (MB): peak = 2110.898; parent = 1927.142; children = 183.757
Synthesis current peak Virtual Memory [VSS] (MB): peak = 3868.164; parent = 2888.348; children = 979.816
---------------------------------------------------------------------------------
---------------------------------------------------------------------------------
Start Applying 'set_property' XDC Constraints
---------------------------------------------------------------------------------
Applied set_property KEEP_HIERARCHY = SOFT for bd_0_i. (constraint file  auto generated constraint).
Applied set_property KEEP_HIERARCHY = SOFT for bd_0_i/hls_inst. (constraint file  auto generated constraint).
---------------------------------------------------------------------------------
Finished applying 'set_property' XDC Constraints : Time (s): cpu = 00:00:14 ; elapsed = 00:00:15 . Memory (MB): peak = 2920.359 ; gain = 533.453 ; free physical = 22453 ; free virtual = 30131
Synthesis current peak Physical Memory [PSS] (MB): peak = 2110.898; parent = 1927.142; children = 183.757
Synthesis current peak Virtual Memory [VSS] (MB): peak = 3868.164; parent = 2888.348; children = 979.816
---------------------------------------------------------------------------------
---------------------------------------------------------------------------------
Finished RTL Optimization Phase 2 : Time (s): cpu = 00:00:14 ; elapsed = 00:00:15 . Memory (MB): peak = 2920.359 ; gain = 533.453 ; free physical = 22450 ; free virtual = 30129
Synthesis current peak Physical Memory [PSS] (MB): peak = 2110.898; parent = 1927.142; children = 183.757
Synthesis current peak Virtual Memory [VSS] (MB): peak = 3868.164; parent = 2888.348; children = 979.816
---------------------------------------------------------------------------------
---------------------------------------------------------------------------------
Start RTL Component Statistics 
---------------------------------------------------------------------------------
Detailed RTL Component Info : 
---------------------------------------------------------------------------------
Finished RTL Component Statistics 
---------------------------------------------------------------------------------
---------------------------------------------------------------------------------
Start Part Resource Summary
---------------------------------------------------------------------------------
Part Resources:
DSPs: 220 (col length:60)
BRAMs: 280 (col length: RAMB18 60 RAMB36 30)
---------------------------------------------------------------------------------
Finished Part Resource Summary
---------------------------------------------------------------------------------
---------------------------------------------------------------------------------
Start Cross Boundary and Area Optimization
---------------------------------------------------------------------------------
WARNING: [Synth 8-7080] Parallel synthesis criteria is not met
---------------------------------------------------------------------------------
Finished Cross Boundary and Area Optimization : Time (s): cpu = 00:00:16 ; elapsed = 00:00:16 . Memory (MB): peak = 2920.359 ; gain = 533.453 ; free physical = 22441 ; free virtual = 30123
Synthesis current peak Physical Memory [PSS] (MB): peak = 2110.898; parent = 1927.142; children = 183.757
Synthesis current peak Virtual Memory [VSS] (MB): peak = 3868.164; parent = 2888.348; children = 979.816
---------------------------------------------------------------------------------
---------------------------------------------------------------------------------
Start Applying XDC Timing Constraints
---------------------------------------------------------------------------------
---------------------------------------------------------------------------------
Finished Applying XDC Timing Constraints : Time (s): cpu = 00:00:21 ; elapsed = 00:00:22 . Memory (MB): peak = 2920.359 ; gain = 533.453 ; free physical = 22322 ; free virtual = 30004
Synthesis current peak Physical Memory [PSS] (MB): peak = 2189.878; parent = 2006.245; children = 183.757
Synthesis current peak Virtual Memory [VSS] (MB): peak = 3868.164; parent = 2888.348; children = 979.816
---------------------------------------------------------------------------------
---------------------------------------------------------------------------------
Start Timing Optimization
---------------------------------------------------------------------------------
---------------------------------------------------------------------------------
Finished Timing Optimization : Time (s): cpu = 00:00:21 ; elapsed = 00:00:22 . Memory (MB): peak = 2920.359 ; gain = 533.453 ; free physical = 22322 ; free virtual = 30004
Synthesis current peak Physical Memory [PSS] (MB): peak = 2189.996; parent = 2006.363; children = 183.757
Synthesis current peak Virtual Memory [VSS] (MB): peak = 3868.164; parent = 2888.348; children = 979.816
---------------------------------------------------------------------------------
---------------------------------------------------------------------------------
Start Technology Mapping
---------------------------------------------------------------------------------
---------------------------------------------------------------------------------
Finished Technology Mapping : Time (s): cpu = 00:00:21 ; elapsed = 00:00:22 . Memory (MB): peak = 2920.359 ; gain = 533.453 ; free physical = 22313 ; free virtual = 29996
Synthesis current peak Physical Memory [PSS] (MB): peak = 2190.441; parent = 2006.809; children = 183.757
Synthesis current peak Virtual Memory [VSS] (MB): peak = 3868.164; parent = 2888.348; children = 979.816
---------------------------------------------------------------------------------
---------------------------------------------------------------------------------
Start IO Insertion
---------------------------------------------------------------------------------
---------------------------------------------------------------------------------
Start Flattening Before IO Insertion
---------------------------------------------------------------------------------
---------------------------------------------------------------------------------
Finished Flattening Before IO Insertion
---------------------------------------------------------------------------------
---------------------------------------------------------------------------------
Start Final Netlist Cleanup
---------------------------------------------------------------------------------
---------------------------------------------------------------------------------
Finished Final Netlist Cleanup
---------------------------------------------------------------------------------
---------------------------------------------------------------------------------
Finished IO Insertion : Time (s): cpu = 00:00:25 ; elapsed = 00:00:26 . Memory (MB): peak = 2920.359 ; gain = 533.453 ; free physical = 22313 ; free virtual = 29995
Synthesis current peak Physical Memory [PSS] (MB): peak = 2190.590; parent = 2006.957; children = 183.757
Synthesis current peak Virtual Memory [VSS] (MB): peak = 3868.164; parent = 2888.348; children = 979.816
---------------------------------------------------------------------------------
---------------------------------------------------------------------------------
Start Renaming Generated Instances
---------------------------------------------------------------------------------
---------------------------------------------------------------------------------
Finished Renaming Generated Instances : Time (s): cpu = 00:00:25 ; elapsed = 00:00:26 . Memory (MB): peak = 2920.359 ; gain = 533.453 ; free physical = 22313 ; free virtual = 29995
Synthesis current peak Physical Memory [PSS] (MB): peak = 2190.590; parent = 2006.957; children = 183.757
Synthesis current peak Virtual Memory [VSS] (MB): peak = 3868.164; parent = 2888.348; children = 979.816
---------------------------------------------------------------------------------
---------------------------------------------------------------------------------
Start Rebuilding User Hierarchy
---------------------------------------------------------------------------------
---------------------------------------------------------------------------------
Finished Rebuilding User Hierarchy : Time (s): cpu = 00:00:25 ; elapsed = 00:00:26 . Memory (MB): peak = 2920.359 ; gain = 533.453 ; free physical = 22313 ; free virtual = 29995
Synthesis current peak Physical Memory [PSS] (MB): peak = 2190.605; parent = 2006.973; children = 183.757
Synthesis current peak Virtual Memory [VSS] (MB): peak = 3868.164; parent = 2888.348; children = 979.816
---------------------------------------------------------------------------------
---------------------------------------------------------------------------------
Start Renaming Generated Ports
---------------------------------------------------------------------------------
---------------------------------------------------------------------------------
Finished Renaming Generated Ports : Time (s): cpu = 00:00:25 ; elapsed = 00:00:26 . Memory (MB): peak = 2920.359 ; gain = 533.453 ; free physical = 22313 ; free virtual = 29995
Synthesis current peak Physical Memory [PSS] (MB): peak = 2190.621; parent = 2006.988; children = 183.757
Synthesis current peak Virtual Memory [VSS] (MB): peak = 3868.164; parent = 2888.348; children = 979.816
---------------------------------------------------------------------------------
---------------------------------------------------------------------------------
Start Handling Custom Attributes
---------------------------------------------------------------------------------
---------------------------------------------------------------------------------
Finished Handling Custom Attributes : Time (s): cpu = 00:00:25 ; elapsed = 00:00:26 . Memory (MB): peak = 2920.359 ; gain = 533.453 ; free physical = 22313 ; free virtual = 29995
Synthesis current peak Physical Memory [PSS] (MB): peak = 2190.621; parent = 2006.988; children = 183.757
Synthesis current peak Virtual Memory [VSS] (MB): peak = 3868.164; parent = 2888.348; children = 979.816
---------------------------------------------------------------------------------
---------------------------------------------------------------------------------
Start Renaming Generated Nets
---------------------------------------------------------------------------------
---------------------------------------------------------------------------------
Finished Renaming Generated Nets : Time (s): cpu = 00:00:25 ; elapsed = 00:00:26 . Memory (MB): peak = 2920.359 ; gain = 533.453 ; free physical = 22313 ; free virtual = 29995
Synthesis current peak Physical Memory [PSS] (MB): peak = 2190.652; parent = 2007.020; children = 183.757
Synthesis current peak Virtual Memory [VSS] (MB): peak = 3868.164; parent = 2888.348; children = 979.816
---------------------------------------------------------------------------------
---------------------------------------------------------------------------------
Start Writing Synthesis Report
---------------------------------------------------------------------------------

Report BlackBoxes: 
+------+----------------+----------+
|      |BlackBox name   |Instances |
+------+----------------+----------+
|1     |bd_0_hls_inst_0 |         1|
+------+----------------+----------+

Report Cell Usage: 
+------+--------------+------+
|      |Cell          |Count |
+------+--------------+------+
|1     |bd_0_hls_inst |     1|
+------+--------------+------+
---------------------------------------------------------------------------------
Finished Writing Synthesis Report : Time (s): cpu = 00:00:25 ; elapsed = 00:00:26 . Memory (MB): peak = 2920.359 ; gain = 533.453 ; free physical = 22313 ; free virtual = 29995
Synthesis current peak Physical Memory [PSS] (MB): peak = 2190.668; parent = 2007.035; children = 183.757
Synthesis current peak Virtual Memory [VSS] (MB): peak = 3868.164; parent = 2888.348; children = 979.816
---------------------------------------------------------------------------------
Synthesis finished with 0 errors, 0 critical warnings and 1 warnings.
Synthesis Optimization Runtime : Time (s): cpu = 00:00:23 ; elapsed = 00:00:24 . Memory (MB): peak = 2920.359 ; gain = 457.547 ; free physical = 22371 ; free virtual = 30053
Synthesis Optimization Complete : Time (s): cpu = 00:00:25 ; elapsed = 00:00:27 . Memory (MB): peak = 2920.359 ; gain = 533.453 ; free physical = 22371 ; free virtual = 30053
INFO: [Project 1-571] Translating synthesized netlist
Netlist sorting complete. Time (s): cpu = 00:00:00.01 ; elapsed = 00:00:00 . Memory (MB): peak = 2920.359 ; gain = 0.000 ; free physical = 22367 ; free virtual = 30050
INFO: [Project 1-570] Preparing netlist for logic optimization
INFO: [Opt 31-138] Pushed 0 inverter(s) to 0 load pin(s).
Netlist sorting complete. Time (s): cpu = 00:00:00 ; elapsed = 00:00:00 . Memory (MB): peak = 2920.359 ; gain = 0.000 ; free physical = 22408 ; free virtual = 30090
INFO: [Project 1-111] Unisim Transformation Summary:
No Unisim elements were transformed.

Synth Design complete, checksum: f34dc3e0
INFO: [Common 17-83] Releasing license: Synthesis
23 Infos, 1 Warnings, 0 Critical Warnings and 0 Errors encountered.
synth_design completed successfully
synth_design: Time (s): cpu = 00:00:34 ; elapsed = 00:00:32 . Memory (MB): peak = 2920.359 ; gain = 869.016 ; free physical = 22604 ; free virtual = 30287
INFO: [Common 17-1381] The checkpoint '/home/ubuntu20/Xilinx/ELE548/Restricted_Boltzmann_Machine/RBM_hls/RBM_512_64_80M/impl/verilog/project.runs/synth_1/bd_0_wrapper.dcp' has been generated.
INFO: [runtcl-4] Executing : report_utilization -file bd_0_wrapper_utilization_synth.rpt -pb bd_0_wrapper_utilization_synth.pb
INFO: [Common 17-206] Exiting Vivado at Mon Aug 28 06:04:30 2023...
