
*** Running vivado
    with args -log bd_0_wrapper.vds -m64 -product Vivado -mode batch -messageDb vivado.pb -notrace -source bd_0_wrapper.tcl


****** Vivado v2022.2 (64-bit)
  **** SW Build 3671981 on Fri Oct 14 04:59:54 MDT 2022
  **** IP Build 3669848 on Fri Oct 14 08:30:02 MDT 2022
    ** Copyright 1986-2022 Xilinx, Inc. All Rights Reserved.

source bd_0_wrapper.tcl -notrace
INFO: Dispatch client connection id - 32793
create_project: Time (s): cpu = 00:00:05 ; elapsed = 00:00:05 . Memory (MB): peak = 2020.613 ; gain = 85.992 ; free physical = 29088 ; free virtual = 34907
INFO: [IP_Flow 19-234] Refreshing IP repositories
INFO: [IP_Flow 19-1700] Loaded user IP repository '/home/ubuntu20/Xilinx/ELE548/Restricted_Boltzmann_Machine/RBM_interface_hls/solution1/impl/ip'.
INFO: [IP_Flow 19-2313] Loaded Vivado IP repository '/home/ubuntu20/Softwares/Xilinx/Vivado/2022.2/data/ip'.
Command: synth_design -top bd_0_wrapper -part xc7z020clg400-1 -mode out_of_context
Starting synth_design
Attempting to get a license for feature 'Synthesis' and/or device 'xc7z020'
INFO: [Common 17-349] Got license for feature 'Synthesis' and/or device 'xc7z020'
INFO: [Device 21-403] Loading part xc7z020clg400-1
INFO: [Synth 8-7079] Multithreading enabled for synth_design using a maximum of 4 processes.
INFO: [Synth 8-7078] Launching helper process for spawning children vivado processes
INFO: [Synth 8-7075] Helper process launched with PID 23267
INFO: [Synth 8-11241] undeclared symbol 'REGCCE', assumed default net type 'wire' [/home/ubuntu20/Softwares/Xilinx/Vivado/2022.2/data/verilog/src/unimacro/BRAM_SINGLE_MACRO.v:2170]
---------------------------------------------------------------------------------
Starting RTL Elaboration : Time (s): cpu = 00:00:05 ; elapsed = 00:00:05 . Memory (MB): peak = 2759.723 ; gain = 372.766 ; free physical = 28268 ; free virtual = 34087
Synthesis current peak Physical Memory [PSS] (MB): peak = 2182.229; parent = 1974.783; children = 207.445
Synthesis current peak Virtual Memory [VSS] (MB): peak = 3741.508; parent = 2762.695; children = 978.812
---------------------------------------------------------------------------------
INFO: [Synth 8-6157] synthesizing module 'bd_0_wrapper' [/home/ubuntu20/Xilinx/ELE548/Restricted_Boltzmann_Machine/RBM_interface_hls/solution1/impl/verilog/project.gen/sources_1/bd/bd_0/hdl/bd_0_wrapper.v:12]
INFO: [Synth 8-6157] synthesizing module 'bd_0' [/home/ubuntu20/Xilinx/ELE548/Restricted_Boltzmann_Machine/RBM_interface_hls/solution1/impl/verilog/project.gen/sources_1/bd/bd_0/synth/bd_0.v:12]
INFO: [Synth 8-6157] synthesizing module 'bd_0_hls_inst_0' [/home/ubuntu20/Xilinx/ELE548/Restricted_Boltzmann_Machine/RBM_interface_hls/solution1/impl/verilog/project.runs/synth_1/.Xil/Vivado-23252-ubuntu/realtime/bd_0_hls_inst_0_stub.v:5]
INFO: [Synth 8-6155] done synthesizing module 'bd_0_hls_inst_0' (0#1) [/home/ubuntu20/Xilinx/ELE548/Restricted_Boltzmann_Machine/RBM_interface_hls/solution1/impl/verilog/project.runs/synth_1/.Xil/Vivado-23252-ubuntu/realtime/bd_0_hls_inst_0_stub.v:5]
INFO: [Synth 8-6155] done synthesizing module 'bd_0' (0#1) [/home/ubuntu20/Xilinx/ELE548/Restricted_Boltzmann_Machine/RBM_interface_hls/solution1/impl/verilog/project.gen/sources_1/bd/bd_0/synth/bd_0.v:12]
INFO: [Synth 8-6155] done synthesizing module 'bd_0_wrapper' (0#1) [/home/ubuntu20/Xilinx/ELE548/Restricted_Boltzmann_Machine/RBM_interface_hls/solution1/impl/verilog/project.gen/sources_1/bd/bd_0/hdl/bd_0_wrapper.v:12]
---------------------------------------------------------------------------------
Finished RTL Elaboration : Time (s): cpu = 00:00:07 ; elapsed = 00:00:07 . Memory (MB): peak = 2830.660 ; gain = 443.703 ; free physical = 28353 ; free virtual = 34173
Synthesis current peak Physical Memory [PSS] (MB): peak = 2182.229; parent = 1974.783; children = 207.445
Synthesis current peak Virtual Memory [VSS] (MB): peak = 3809.477; parent = 2830.664; children = 978.812
---------------------------------------------------------------------------------
---------------------------------------------------------------------------------
Start Handling Custom Attributes
---------------------------------------------------------------------------------
---------------------------------------------------------------------------------
Finished Handling Custom Attributes : Time (s): cpu = 00:00:07 ; elapsed = 00:00:07 . Memory (MB): peak = 2848.473 ; gain = 461.516 ; free physical = 28353 ; free virtual = 34173
Synthesis current peak Physical Memory [PSS] (MB): peak = 2182.229; parent = 1974.783; children = 207.445
Synthesis current peak Virtual Memory [VSS] (MB): peak = 3827.289; parent = 2848.477; children = 978.812
---------------------------------------------------------------------------------
---------------------------------------------------------------------------------
Finished RTL Optimization Phase 1 : Time (s): cpu = 00:00:07 ; elapsed = 00:00:07 . Memory (MB): peak = 2848.473 ; gain = 461.516 ; free physical = 28353 ; free virtual = 34173
Synthesis current peak Physical Memory [PSS] (MB): peak = 2182.229; parent = 1974.783; children = 207.445
Synthesis current peak Virtual Memory [VSS] (MB): peak = 3827.289; parent = 2848.477; children = 978.812
---------------------------------------------------------------------------------
Netlist sorting complete. Time (s): cpu = 00:00:00 ; elapsed = 00:00:00 . Memory (MB): peak = 2848.473 ; gain = 0.000 ; free physical = 28353 ; free virtual = 34173
INFO: [Project 1-570] Preparing netlist for logic optimization

Processing XDC Constraints
Initializing timing engine
Parsing XDC File [/home/ubuntu20/Xilinx/ELE548/Restricted_Boltzmann_Machine/RBM_interface_hls/solution1/impl/verilog/project.gen/sources_1/bd/bd_0/ip/bd_0_hls_inst_0/bd_0_hls_inst_0/bd_0_hls_inst_0_in_context.xdc] for cell 'bd_0_i/hls_inst'
Finished Parsing XDC File [/home/ubuntu20/Xilinx/ELE548/Restricted_Boltzmann_Machine/RBM_interface_hls/solution1/impl/verilog/project.gen/sources_1/bd/bd_0/ip/bd_0_hls_inst_0/bd_0_hls_inst_0/bd_0_hls_inst_0_in_context.xdc] for cell 'bd_0_i/hls_inst'
Parsing XDC File [/home/ubuntu20/Xilinx/ELE548/Restricted_Boltzmann_Machine/RBM_interface_hls/solution1/impl/verilog/RBM_interface.xdc]
Finished Parsing XDC File [/home/ubuntu20/Xilinx/ELE548/Restricted_Boltzmann_Machine/RBM_interface_hls/solution1/impl/verilog/RBM_interface.xdc]
Parsing XDC File [/home/ubuntu20/Xilinx/ELE548/Restricted_Boltzmann_Machine/RBM_interface_hls/solution1/impl/verilog/project.runs/synth_1/dont_touch.xdc]
Finished Parsing XDC File [/home/ubuntu20/Xilinx/ELE548/Restricted_Boltzmann_Machine/RBM_interface_hls/solution1/impl/verilog/project.runs/synth_1/dont_touch.xdc]
Completed Processing XDC Constraints

Netlist sorting complete. Time (s): cpu = 00:00:00 ; elapsed = 00:00:00.01 . Memory (MB): peak = 2924.379 ; gain = 0.000 ; free physical = 28265 ; free virtual = 34085
INFO: [Project 1-111] Unisim Transformation Summary:
No Unisim elements were transformed.

Constraint Validation Runtime : Time (s): cpu = 00:00:00.02 ; elapsed = 00:00:00.03 . Memory (MB): peak = 2924.379 ; gain = 0.000 ; free physical = 28265 ; free virtual = 34085
INFO: [Synth 8-11241] undeclared symbol 'REGCCE', assumed default net type 'wire' [/home/ubuntu20/Softwares/Xilinx/Vivado/2022.2/data/verilog/src/unimacro/BRAM_SINGLE_MACRO.v:2170]
---------------------------------------------------------------------------------
Finished Constraint Validation : Time (s): cpu = 00:00:15 ; elapsed = 00:00:16 . Memory (MB): peak = 2924.379 ; gain = 537.422 ; free physical = 28328 ; free virtual = 34148
Synthesis current peak Physical Memory [PSS] (MB): peak = 2182.229; parent = 1974.783; children = 207.445
Synthesis current peak Virtual Memory [VSS] (MB): peak = 3871.180; parent = 2892.367; children = 978.812
---------------------------------------------------------------------------------
---------------------------------------------------------------------------------
Start Loading Part and Timing Information
---------------------------------------------------------------------------------
Loading part: xc7z020clg400-1
---------------------------------------------------------------------------------
Finished Loading Part and Timing Information : Time (s): cpu = 00:00:15 ; elapsed = 00:00:16 . Memory (MB): peak = 2924.379 ; gain = 537.422 ; free physical = 28328 ; free virtual = 34148
Synthesis current peak Physical Memory [PSS] (MB): peak = 2182.229; parent = 1974.783; children = 207.445
Synthesis current peak Virtual Memory [VSS] (MB): peak = 3871.180; parent = 2892.367; children = 978.812
---------------------------------------------------------------------------------
---------------------------------------------------------------------------------
Start Applying 'set_property' XDC Constraints
---------------------------------------------------------------------------------
Applied set_property KEEP_HIERARCHY = SOFT for bd_0_i. (constraint file  auto generated constraint).
Applied set_property KEEP_HIERARCHY = SOFT for bd_0_i/hls_inst. (constraint file  auto generated constraint).
---------------------------------------------------------------------------------
Finished applying 'set_property' XDC Constraints : Time (s): cpu = 00:00:15 ; elapsed = 00:00:16 . Memory (MB): peak = 2924.379 ; gain = 537.422 ; free physical = 28328 ; free virtual = 34148
Synthesis current peak Physical Memory [PSS] (MB): peak = 2182.229; parent = 1974.783; children = 207.445
Synthesis current peak Virtual Memory [VSS] (MB): peak = 3871.180; parent = 2892.367; children = 978.812
---------------------------------------------------------------------------------
---------------------------------------------------------------------------------
Finished RTL Optimization Phase 2 : Time (s): cpu = 00:00:15 ; elapsed = 00:00:16 . Memory (MB): peak = 2924.379 ; gain = 537.422 ; free physical = 28328 ; free virtual = 34149
Synthesis current peak Physical Memory [PSS] (MB): peak = 2182.229; parent = 1974.783; children = 207.445
Synthesis current peak Virtual Memory [VSS] (MB): peak = 3871.180; parent = 2892.367; children = 978.812
---------------------------------------------------------------------------------
---------------------------------------------------------------------------------
Start RTL Component Statistics 
---------------------------------------------------------------------------------
Detailed RTL Component Info : 
---------------------------------------------------------------------------------
Finished RTL Component Statistics 
---------------------------------------------------------------------------------
---------------------------------------------------------------------------------
Start Part Resource Summary
---------------------------------------------------------------------------------
Part Resources:
DSPs: 220 (col length:60)
BRAMs: 280 (col length: RAMB18 60 RAMB36 30)
---------------------------------------------------------------------------------
Finished Part Resource Summary
---------------------------------------------------------------------------------
---------------------------------------------------------------------------------
Start Cross Boundary and Area Optimization
---------------------------------------------------------------------------------
WARNING: [Synth 8-7080] Parallel synthesis criteria is not met
---------------------------------------------------------------------------------
Finished Cross Boundary and Area Optimization : Time (s): cpu = 00:00:16 ; elapsed = 00:00:18 . Memory (MB): peak = 2924.379 ; gain = 537.422 ; free physical = 28317 ; free virtual = 34142
Synthesis current peak Physical Memory [PSS] (MB): peak = 2182.229; parent = 1974.783; children = 207.445
Synthesis current peak Virtual Memory [VSS] (MB): peak = 3871.180; parent = 2892.367; children = 978.812
---------------------------------------------------------------------------------
---------------------------------------------------------------------------------
Start Applying XDC Timing Constraints
---------------------------------------------------------------------------------
---------------------------------------------------------------------------------
Finished Applying XDC Timing Constraints : Time (s): cpu = 00:00:22 ; elapsed = 00:00:24 . Memory (MB): peak = 2924.379 ; gain = 537.422 ; free physical = 28199 ; free virtual = 34024
Synthesis current peak Physical Memory [PSS] (MB): peak = 2263.725; parent = 2056.682; children = 207.445
Synthesis current peak Virtual Memory [VSS] (MB): peak = 3871.180; parent = 2892.367; children = 978.812
---------------------------------------------------------------------------------
---------------------------------------------------------------------------------
Start Timing Optimization
---------------------------------------------------------------------------------
---------------------------------------------------------------------------------
Finished Timing Optimization : Time (s): cpu = 00:00:22 ; elapsed = 00:00:24 . Memory (MB): peak = 2924.379 ; gain = 537.422 ; free physical = 28199 ; free virtual = 34023
Synthesis current peak Physical Memory [PSS] (MB): peak = 2263.984; parent = 2056.941; children = 207.445
Synthesis current peak Virtual Memory [VSS] (MB): peak = 3871.180; parent = 2892.367; children = 978.812
---------------------------------------------------------------------------------
---------------------------------------------------------------------------------
Start Technology Mapping
---------------------------------------------------------------------------------
---------------------------------------------------------------------------------
Finished Technology Mapping : Time (s): cpu = 00:00:22 ; elapsed = 00:00:24 . Memory (MB): peak = 2924.379 ; gain = 537.422 ; free physical = 28190 ; free virtual = 34014
Synthesis current peak Physical Memory [PSS] (MB): peak = 2264.586; parent = 2057.543; children = 207.445
Synthesis current peak Virtual Memory [VSS] (MB): peak = 3871.180; parent = 2892.367; children = 978.812
---------------------------------------------------------------------------------
---------------------------------------------------------------------------------
Start IO Insertion
---------------------------------------------------------------------------------
---------------------------------------------------------------------------------
Start Flattening Before IO Insertion
---------------------------------------------------------------------------------
---------------------------------------------------------------------------------
Finished Flattening Before IO Insertion
---------------------------------------------------------------------------------
---------------------------------------------------------------------------------
Start Final Netlist Cleanup
---------------------------------------------------------------------------------
---------------------------------------------------------------------------------
Finished Final Netlist Cleanup
---------------------------------------------------------------------------------
---------------------------------------------------------------------------------
Finished IO Insertion : Time (s): cpu = 00:00:26 ; elapsed = 00:00:28 . Memory (MB): peak = 2924.379 ; gain = 537.422 ; free physical = 28190 ; free virtual = 34014
Synthesis current peak Physical Memory [PSS] (MB): peak = 2264.766; parent = 2057.723; children = 207.445
Synthesis current peak Virtual Memory [VSS] (MB): peak = 3871.180; parent = 2892.367; children = 978.812
---------------------------------------------------------------------------------
---------------------------------------------------------------------------------
Start Renaming Generated Instances
---------------------------------------------------------------------------------
---------------------------------------------------------------------------------
Finished Renaming Generated Instances : Time (s): cpu = 00:00:26 ; elapsed = 00:00:28 . Memory (MB): peak = 2924.379 ; gain = 537.422 ; free physical = 28190 ; free virtual = 34014
Synthesis current peak Physical Memory [PSS] (MB): peak = 2264.766; parent = 2057.723; children = 207.445
Synthesis current peak Virtual Memory [VSS] (MB): peak = 3871.180; parent = 2892.367; children = 978.812
---------------------------------------------------------------------------------
---------------------------------------------------------------------------------
Start Rebuilding User Hierarchy
---------------------------------------------------------------------------------
---------------------------------------------------------------------------------
Finished Rebuilding User Hierarchy : Time (s): cpu = 00:00:26 ; elapsed = 00:00:28 . Memory (MB): peak = 2924.379 ; gain = 537.422 ; free physical = 28190 ; free virtual = 34014
Synthesis current peak Physical Memory [PSS] (MB): peak = 2264.836; parent = 2057.805; children = 207.445
Synthesis current peak Virtual Memory [VSS] (MB): peak = 3871.180; parent = 2892.367; children = 978.812
---------------------------------------------------------------------------------
---------------------------------------------------------------------------------
Start Renaming Generated Ports
---------------------------------------------------------------------------------
---------------------------------------------------------------------------------
Finished Renaming Generated Ports : Time (s): cpu = 00:00:26 ; elapsed = 00:00:28 . Memory (MB): peak = 2924.379 ; gain = 537.422 ; free physical = 28190 ; free virtual = 34014
Synthesis current peak Physical Memory [PSS] (MB): peak = 2264.852; parent = 2057.820; children = 207.445
Synthesis current peak Virtual Memory [VSS] (MB): peak = 3871.180; parent = 2892.367; children = 978.812
---------------------------------------------------------------------------------
---------------------------------------------------------------------------------
Start Handling Custom Attributes
---------------------------------------------------------------------------------
---------------------------------------------------------------------------------
Finished Handling Custom Attributes : Time (s): cpu = 00:00:26 ; elapsed = 00:00:28 . Memory (MB): peak = 2924.379 ; gain = 537.422 ; free physical = 28190 ; free virtual = 34014
Synthesis current peak Physical Memory [PSS] (MB): peak = 2264.852; parent = 2057.820; children = 207.445
Synthesis current peak Virtual Memory [VSS] (MB): peak = 3871.180; parent = 2892.367; children = 978.812
---------------------------------------------------------------------------------
---------------------------------------------------------------------------------
Start Renaming Generated Nets
---------------------------------------------------------------------------------
---------------------------------------------------------------------------------
Finished Renaming Generated Nets : Time (s): cpu = 00:00:26 ; elapsed = 00:00:28 . Memory (MB): peak = 2924.379 ; gain = 537.422 ; free physical = 28190 ; free virtual = 34014
Synthesis current peak Physical Memory [PSS] (MB): peak = 2264.852; parent = 2057.820; children = 207.445
Synthesis current peak Virtual Memory [VSS] (MB): peak = 3871.180; parent = 2892.367; children = 978.812
---------------------------------------------------------------------------------
---------------------------------------------------------------------------------
Start Writing Synthesis Report
---------------------------------------------------------------------------------

Report BlackBoxes: 
+------+----------------+----------+
|      |BlackBox name   |Instances |
+------+----------------+----------+
|1     |bd_0_hls_inst_0 |         1|
+------+----------------+----------+

Report Cell Usage: 
+------+--------------+------+
|      |Cell          |Count |
+------+--------------+------+
|1     |bd_0_hls_inst |     1|
+------+--------------+------+
---------------------------------------------------------------------------------
Finished Writing Synthesis Report : Time (s): cpu = 00:00:26 ; elapsed = 00:00:28 . Memory (MB): peak = 2924.379 ; gain = 537.422 ; free physical = 28190 ; free virtual = 34014
Synthesis current peak Physical Memory [PSS] (MB): peak = 2264.883; parent = 2057.852; children = 207.445
Synthesis current peak Virtual Memory [VSS] (MB): peak = 3871.180; parent = 2892.367; children = 978.812
---------------------------------------------------------------------------------
Synthesis finished with 0 errors, 0 critical warnings and 1 warnings.
Synthesis Optimization Runtime : Time (s): cpu = 00:00:24 ; elapsed = 00:00:26 . Memory (MB): peak = 2924.379 ; gain = 461.516 ; free physical = 28249 ; free virtual = 34073
Synthesis Optimization Complete : Time (s): cpu = 00:00:27 ; elapsed = 00:00:28 . Memory (MB): peak = 2924.379 ; gain = 537.422 ; free physical = 28249 ; free virtual = 34073
INFO: [Project 1-571] Translating synthesized netlist
Netlist sorting complete. Time (s): cpu = 00:00:00 ; elapsed = 00:00:00.01 . Memory (MB): peak = 2924.379 ; gain = 0.000 ; free physical = 28245 ; free virtual = 34069
INFO: [Project 1-570] Preparing netlist for logic optimization
INFO: [Opt 31-138] Pushed 0 inverter(s) to 0 load pin(s).
Netlist sorting complete. Time (s): cpu = 00:00:00 ; elapsed = 00:00:00 . Memory (MB): peak = 2924.379 ; gain = 0.000 ; free physical = 28285 ; free virtual = 34110
INFO: [Project 1-111] Unisim Transformation Summary:
No Unisim elements were transformed.

Synth Design complete, checksum: ba9f87f9
INFO: [Common 17-83] Releasing license: Synthesis
23 Infos, 1 Warnings, 0 Critical Warnings and 0 Errors encountered.
synth_design completed successfully
synth_design: Time (s): cpu = 00:00:35 ; elapsed = 00:00:34 . Memory (MB): peak = 2924.379 ; gain = 873.016 ; free physical = 28481 ; free virtual = 34306
INFO: [Common 17-1381] The checkpoint '/home/ubuntu20/Xilinx/ELE548/Restricted_Boltzmann_Machine/RBM_interface_hls/solution1/impl/verilog/project.runs/synth_1/bd_0_wrapper.dcp' has been generated.
INFO: [runtcl-4] Executing : report_utilization -file bd_0_wrapper_utilization_synth.rpt -pb bd_0_wrapper_utilization_synth.pb
INFO: [Common 17-206] Exiting Vivado at Fri Aug 25 09:41:23 2023...
