

Implementation tool: Xilinx Vivado v.2022.2
Project:             RBM_hls
Solution:            RBM_512_64_80M
Device target:       xc7z020-clg400-1
Report date:         Mon Aug 28 06:11:41 PDT 2023

#=== Post-Implementation Resource usage ===
SLICE:         8209
LUT:          18519
FF:           24456
DSP:             67
BRAM:            96
URAM:             0
LATCH:            0
SRL:             96
CLB:              0

#=== Final timing ===
CP required:                     12.500
CP achieved post-synthesis:      9.453
CP achieved post-implementation: 11.997
Timing met
