Copyright 1986-2022 Xilinx, Inc. All Rights Reserved.
-----------------------------------------------------------------------------------------------
| Tool Version : Vivado v.2022.2 (lin64) Build 3671981 Fri Oct 14 04:59:54 MDT 2022
| Date         : Fri Aug 25 09:41:42 2023
| Host         : ubuntu running 64-bit Ubuntu 20.04.3 LTS
| Command      : report_design_analysis -file ./report/RBM_interface_design_analysis_synth.rpt
| Design       : bd_0_wrapper
| Device       : xc7z020
| Design State : Synthesized
-----------------------------------------------------------------------------------------------

Report Design Analysis

Table of Contents
-----------------
1. Setup Path Characteristics 1-1
2. Logic Level Distribution
3. Placer Final Level Congestion Reporting
4. SLR Net Crossing Reporting

1. Setup Path Characteristics 1-1
---------------------------------

+---------------------------+------------------------------------------------------------------------------------------------------------------------------------------------------+
|      Characteristics      |                                                                        Path #1                                                                       |
+---------------------------+------------------------------------------------------------------------------------------------------------------------------------------------------+
| Requirement               | 12.500                                                                                                                                               |
| Path Delay                | 9.000                                                                                                                                                |
| Logic Delay               | 3.999(45%)                                                                                                                                           |
| Net Delay                 | 5.001(55%)                                                                                                                                           |
| Clock Skew                | -0.049                                                                                                                                               |
| Slack                     | 3.525                                                                                                                                                |
| Clock Uncertainty         | 0.035                                                                                                                                                |
| Clock Relationship        | Safely Timed                                                                                                                                         |
| Clock Delay Group         | Same Clock                                                                                                                                           |
| Logic Levels              | 16                                                                                                                                                   |
| Routes                    | NA                                                                                                                                                   |
| Logical Path              | FDRE/C-(3)-CARRY4-(1)-CARRY4-CARRY4-CARRY4-LUT4-(1)-LUT5-(1)-LUT6-(26)-LUT5-(2)-LUT6-(1)-CARRY4-(1)-CARRY4-CARRY4-CARRY4-CARRY4-CARRY4-CARRY4-FDRE/D |
| Start Point Clock         | ap_clk                                                                                                                                               |
| End Point Clock           | ap_clk                                                                                                                                               |
| DSP Block                 | None                                                                                                                                                 |
| RAM Registers             | None-None                                                                                                                                            |
| IO Crossings              | 0                                                                                                                                                    |
| Config Crossings          | 0                                                                                                                                                    |
| SLR Crossings             | 0                                                                                                                                                    |
| PBlocks                   | 0                                                                                                                                                    |
| High Fanout               | 26                                                                                                                                                   |
| Dont Touch                | 0                                                                                                                                                    |
| Mark Debug                | 0                                                                                                                                                    |
| Start Point Pin Primitive | FDRE/C                                                                                                                                               |
| End Point Pin Primitive   | FDRE/D                                                                                                                                               |
| Start Point Pin           | sub_ln1099_reg_1510_reg[3]/C                                                                                                                         |
| End Point Pin             | p_Result_9_reg_1581_reg[0]/D                                                                                                                         |
+---------------------------+------------------------------------------------------------------------------------------------------------------------------------------------------+
* Bounding box calculated as % of dimensions for the target device (308, 299)


2. Logic Level Distribution
---------------------------

+-----------------+-------------+-----+-----+----+----+---+---+----+----+----+----+----+----+----+----+
| End Point Clock | Requirement |  4  |  5  |  6 |  7 | 8 | 9 | 10 | 11 | 12 | 13 | 14 | 15 | 16 | 17 |
+-----------------+-------------+-----+-----+----+----+---+---+----+----+----+----+----+----+----+----+
| ap_clk          | 12.500ns    | 281 | 570 | 55 | 56 | 2 | 1 |  4 |  5 |  5 |  6 |  7 |  4 |  1 |  3 |
+-----------------+-------------+-----+-----+----+----+---+---+----+----+----+----+----+----+----+----+
* Columns represent the logic levels per end point clock
** Distribution is for top worst 1000 paths


3. Placer Final Level Congestion Reporting
------------------------------------------

+-----------+------+-------+------------+--------+---------------+---------------+-----+--------+------+------+------+-----+-------+-----+------------+
| Direction | Type | Level | Congestion | Window | Combined LUTs | Avg LUT Input | LUT | LUTRAM | Flop | MUXF | RAMB | DSP | CARRY | SRL | Cell Names |
+-----------+------+-------+------------+--------+---------------+---------------+-----+--------+------+------+------+-----+-------+-----+------------+
* The design has not been placed, hence congestion data is not available. The command report_design_analysis -congestion should be run only after place_design has completed.


4. SLR Net Crossing Reporting
-----------------------------

+------------+-----------------------------+
| Cell Names | Number of Nets crossing SLR |
+------------+-----------------------------+
* The current part is not an SSI device


